<?xml version="1.0" encoding="utf-8"?>
<CoverageSession xmlns:xsd="http://www.w3.org/2001/XMLSchema" xmlns:xsi="http://www.w3.org/2001/XMLSchema-instance" Version="0.0.0.0">
  <Summary numSequencePoints="578" visitedSequencePoints="515" numBranchPoints="0" visitedBranchPoints="0" sequenceCoverage="89.10" branchCoverage="0.0" maxCyclomaticComplexity="0" minCyclomaticComplexity="0" maxCrapScore="0" minCrapScore="0" visitedClasses="28" numClasses="28" visitedMethods="63" numMethods="63" />
  <Modules>
    <Module>
      <Summary numSequencePoints="294" visitedSequencePoints="294" numBranchPoints="0" visitedBranchPoints="0" sequenceCoverage="100.0" branchCoverage="0.0" maxCyclomaticComplexity="0" minCyclomaticComplexity="0" maxCrapScore="0" minCrapScore="0" visitedClasses="23" numClasses="23" visitedMethods="34" numMethods="34" />
      <ModuleTime>0001-01-01T00:00:00</ModuleTime>
      <ModuleName>PlayMode</ModuleName>
      <Files>
        <File uid="2" fullPath="C:/Users/Colin/OneDrive/Documents/GitHub/Fading-Light/Assets/Tests/PlayMode/HealthTests.cs" />
        <File uid="3" fullPath="C:/Users/Colin/OneDrive/Documents/GitHub/Fading-Light/Assets/Tests/PlayMode/InventoryTests.cs" />
        <File uid="4" fullPath="C:/Users/Colin/OneDrive/Documents/GitHub/Fading-Light/Assets/Tests/PlayMode/BanishTests.cs" />
        <File uid="5" fullPath="C:/Users/Colin/OneDrive/Documents/GitHub/Fading-Light/Assets/Tests/PlayMode/DamageTests.cs" />
      </Files>
      <Classes>
        <Class>
          <Summary numSequencePoints="2" visitedSequencePoints="2" numBranchPoints="0" visitedBranchPoints="0" sequenceCoverage="100.0" branchCoverage="0.0" maxCyclomaticComplexity="0" minCyclomaticComplexity="0" maxCrapScore="0" minCrapScore="0" visitedClasses="1" numClasses="1" visitedMethods="1" numMethods="1" />
          <FullName>MockStamina</FullName>
          <Methods>
            <Method visited="true" cyclomaticComplexity="0" nPathComplexity="0" sequenceCoverage="100.0" branchCoverage="0" crapScore="0" isConstructor="true" isStatic="false" isGetter="false" isSetter="false">
              <Summary numSequencePoints="2" visitedSequencePoints="2" numBranchPoints="0" visitedBranchPoints="0" sequenceCoverage="100.0" branchCoverage="0" maxCyclomaticComplexity="0" minCyclomaticComplexity="0" maxCrapScore="0" minCrapScore="0" visitedClasses="0" numClasses="0" visitedMethods="1" numMethods="1" />
              <MetadataToken>100663313</MetadataToken>
              <Name>MockStamina::MockStamina()</Name>
              <FileRef uid="2" />
              <SequencePoints>
                <SequencePoint vc="1" uspid="1564" ordinal="0" offset="0" sl="192" sc="5" el="192" ec="5" bec="0" bev="0" fileid="2" />
                <SequencePoint vc="1" uspid="1565" ordinal="0" offset="11" sl="193" sc="5" el="193" ec="5" bec="0" bev="0" fileid="2" />
              </SequencePoints>
              <BranchPoints />
            </Method>
          </Methods>
        </Class>
        <Class>
          <Summary numSequencePoints="20" visitedSequencePoints="20" numBranchPoints="0" visitedBranchPoints="0" sequenceCoverage="100.0" branchCoverage="0.0" maxCyclomaticComplexity="0" minCyclomaticComplexity="0" maxCrapScore="0" minCrapScore="0" visitedClasses="1" numClasses="1" visitedMethods="4" numMethods="4" />
          <FullName>InventoryTests</FullName>
          <Methods>
            <Method visited="true" cyclomaticComplexity="0" nPathComplexity="0" sequenceCoverage="100.0" branchCoverage="0" crapScore="0" isConstructor="false" isStatic="false" isGetter="false" isSetter="false">
              <Summary numSequencePoints="7" visitedSequencePoints="7" numBranchPoints="0" visitedBranchPoints="0" sequenceCoverage="100.0" branchCoverage="0" maxCyclomaticComplexity="0" minCyclomaticComplexity="0" maxCrapScore="0" minCrapScore="0" visitedClasses="0" numClasses="0" visitedMethods="1" numMethods="1" />
              <MetadataToken>100663316</MetadataToken>
              <Name>Item InventoryTests::CreateItem(System.String, UnityEngine.Sprite)</Name>
              <FileRef uid="3" />
              <SequencePoints>
                <SequencePoint vc="6" uspid="1568" ordinal="0" offset="0" sl="20" sc="62" el="20" ec="62" bec="0" bev="0" fileid="3" />
                <SequencePoint vc="6" uspid="1569" ordinal="0" offset="1" sl="21" sc="9" el="21" ec="9" bec="0" bev="0" fileid="3" />
                <SequencePoint vc="6" uspid="1570" ordinal="0" offset="8" sl="22" sc="9" el="22" ec="9" bec="0" bev="0" fileid="3" />
                <SequencePoint vc="6" uspid="1571" ordinal="0" offset="15" sl="23" sc="9" el="23" ec="9" bec="0" bev="0" fileid="3" />
                <SequencePoint vc="6" uspid="1572" ordinal="0" offset="22" sl="24" sc="9" el="24" ec="9" bec="0" bev="0" fileid="3" />
                <SequencePoint vc="6" uspid="1573" ordinal="0" offset="29" sl="25" sc="9" el="25" ec="9" bec="0" bev="0" fileid="3" />
                <SequencePoint vc="6" uspid="1574" ordinal="0" offset="33" sl="26" sc="5" el="26" ec="5" bec="0" bev="0" fileid="3" />
              </SequencePoints>
              <BranchPoints />
            </Method>
            <Method visited="true" cyclomaticComplexity="0" nPathComplexity="0" sequenceCoverage="100.0" branchCoverage="0" crapScore="0" isConstructor="false" isStatic="false" isGetter="false" isSetter="false">
              <Summary numSequencePoints="6" visitedSequencePoints="6" numBranchPoints="0" visitedBranchPoints="0" sequenceCoverage="100.0" branchCoverage="0" maxCyclomaticComplexity="0" minCyclomaticComplexity="0" maxCrapScore="0" minCrapScore="0" visitedClasses="0" numClasses="0" visitedMethods="1" numMethods="1" />
              <MetadataToken>100663317</MetadataToken>
              <Name>UnityEngine.GameObject InventoryTests::CreateSlotIcon()</Name>
              <FileRef uid="3" />
              <SequencePoints>
                <SequencePoint vc="25" uspid="1575" ordinal="0" offset="0" sl="29" sc="41" el="29" ec="41" bec="0" bev="0" fileid="3" />
                <SequencePoint vc="25" uspid="1576" ordinal="0" offset="1" sl="30" sc="9" el="30" ec="9" bec="0" bev="0" fileid="3" />
                <SequencePoint vc="25" uspid="1577" ordinal="0" offset="12" sl="31" sc="9" el="31" ec="9" bec="0" bev="0" fileid="3" />
                <SequencePoint vc="25" uspid="1578" ordinal="0" offset="19" sl="32" sc="9" el="32" ec="9" bec="0" bev="0" fileid="3" />
                <SequencePoint vc="25" uspid="1579" ordinal="0" offset="27" sl="33" sc="9" el="33" ec="9" bec="0" bev="0" fileid="3" />
                <SequencePoint vc="25" uspid="1580" ordinal="0" offset="31" sl="34" sc="5" el="34" ec="5" bec="0" bev="0" fileid="3" />
              </SequencePoints>
              <BranchPoints />
            </Method>
            <Method visited="true" cyclomaticComplexity="0" nPathComplexity="0" sequenceCoverage="100.0" branchCoverage="0" crapScore="0" isConstructor="false" isStatic="false" isGetter="false" isSetter="false">
              <Summary numSequencePoints="3" visitedSequencePoints="3" numBranchPoints="0" visitedBranchPoints="0" sequenceCoverage="100.0" branchCoverage="0" maxCyclomaticComplexity="0" minCyclomaticComplexity="0" maxCrapScore="0" minCrapScore="0" visitedClasses="0" numClasses="0" visitedMethods="1" numMethods="1" />
              <MetadataToken>100663325</MetadataToken>
              <Name>System.Collections.Generic.List[Item] InventoryTests::GetPrivateItems()</Name>
              <FileRef uid="3" />
              <SequencePoints>
                <SequencePoint vc="4" uspid="1581" ordinal="0" offset="0" sl="152" sc="42" el="152" ec="42" bec="0" bev="0" fileid="3" />
                <SequencePoint vc="4" uspid="1582" ordinal="0" offset="1" sl="153" sc="9" el="153" ec="9" bec="0" bev="0" fileid="3" />
                <SequencePoint vc="4" uspid="1583" ordinal="0" offset="42" sl="156" sc="5" el="156" ec="5" bec="0" bev="0" fileid="3" />
              </SequencePoints>
              <BranchPoints />
            </Method>
            <Method visited="true" cyclomaticComplexity="0" nPathComplexity="0" sequenceCoverage="100.0" branchCoverage="0" crapScore="0" isConstructor="false" isStatic="false" isGetter="false" isSetter="false">
              <Summary numSequencePoints="4" visitedSequencePoints="4" numBranchPoints="0" visitedBranchPoints="0" sequenceCoverage="100.0" branchCoverage="0" maxCyclomaticComplexity="0" minCyclomaticComplexity="0" maxCrapScore="0" minCrapScore="0" visitedClasses="0" numClasses="0" visitedMethods="1" numMethods="1" />
              <MetadataToken>100663327</MetadataToken>
              <Name>UnityEngine.GameObject InventoryTests::GetSlot(System.Int32)</Name>
              <FileRef uid="3" />
              <SequencePoints>
                <SequencePoint vc="1" uspid="1587" ordinal="0" offset="0" sl="164" sc="43" el="164" ec="43" bec="0" bev="0" fileid="3" />
                <SequencePoint vc="1" uspid="1588" ordinal="0" offset="1" sl="165" sc="9" el="165" ec="9" bec="0" bev="0" fileid="3" />
                <SequencePoint vc="1" uspid="1589" ordinal="0" offset="40" sl="168" sc="9" el="168" ec="9" bec="0" bev="0" fileid="3" />
                <SequencePoint vc="1" uspid="1590" ordinal="0" offset="46" sl="169" sc="5" el="169" ec="5" bec="0" bev="0" fileid="3" />
              </SequencePoints>
              <BranchPoints />
            </Method>
          </Methods>
        </Class>
        <Class>
          <Summary numSequencePoints="15" visitedSequencePoints="15" numBranchPoints="0" visitedBranchPoints="0" sequenceCoverage="100.0" branchCoverage="0.0" maxCyclomaticComplexity="0" minCyclomaticComplexity="0" maxCrapScore="0" minCrapScore="0" visitedClasses="1" numClasses="1" visitedMethods="1" numMethods="1" />
          <FullName>BanishTests/&lt;BanishItem&gt;d__0</FullName>
          <Methods>
            <Method visited="true" cyclomaticComplexity="0" nPathComplexity="0" sequenceCoverage="100.0" branchCoverage="0" crapScore="0" isConstructor="false" isStatic="false" isGetter="false" isSetter="false">
              <Summary numSequencePoints="15" visitedSequencePoints="15" numBranchPoints="0" visitedBranchPoints="0" sequenceCoverage="100.0" branchCoverage="0" maxCyclomaticComplexity="0" minCyclomaticComplexity="0" maxCrapScore="0" minCrapScore="0" visitedClasses="0" numClasses="0" visitedMethods="1" numMethods="1" />
              <MetadataToken>100663333</MetadataToken>
              <Name>System.Boolean BanishTests/&lt;BanishItem&gt;d__0::MoveNext()</Name>
              <FileRef uid="4" />
              <SequencePoints>
                <SequencePoint vc="1" uspid="1591" ordinal="0" offset="45" sl="9" sc="37" el="9" ec="37" bec="0" bev="0" fileid="4" />
                <SequencePoint vc="1" uspid="1592" ordinal="0" offset="46" sl="11" sc="9" el="11" ec="9" bec="0" bev="0" fileid="4" />
                <SequencePoint vc="1" uspid="1593" ordinal="0" offset="62" sl="12" sc="9" el="12" ec="9" bec="0" bev="0" fileid="4" />
                <SequencePoint vc="1" uspid="1594" ordinal="0" offset="73" sl="13" sc="9" el="13" ec="9" bec="0" bev="0" fileid="4" />
                <SequencePoint vc="1" uspid="1595" ordinal="0" offset="90" sl="14" sc="9" el="14" ec="9" bec="0" bev="0" fileid="4" />
                <SequencePoint vc="1" uspid="1596" ordinal="0" offset="101" sl="15" sc="9" el="15" ec="9" bec="0" bev="0" fileid="4" />
                <SequencePoint vc="1" uspid="1597" ordinal="0" offset="118" sl="17" sc="9" el="17" ec="9" bec="0" bev="0" fileid="4" />
                <SequencePoint vc="1" uspid="1598" ordinal="0" offset="141" sl="20" sc="9" el="20" ec="9" bec="0" bev="0" fileid="4" />
                <SequencePoint vc="1" uspid="1599" ordinal="0" offset="153" sl="22" sc="9" el="22" ec="9" bec="0" bev="0" fileid="4" />
                <SequencePoint vc="1" uspid="1600" ordinal="0" offset="176" sl="25" sc="9" el="25" ec="9" bec="0" bev="0" fileid="4" />
                <SequencePoint vc="1" uspid="1601" ordinal="0" offset="192" sl="26" sc="9" el="26" ec="9" bec="0" bev="0" fileid="4" />
                <SequencePoint vc="1" uspid="1602" ordinal="0" offset="227" sl="27" sc="9" el="27" ec="9" bec="0" bev="0" fileid="4" />
                <SequencePoint vc="1" uspid="1603" ordinal="0" offset="257" sl="30" sc="9" el="30" ec="9" bec="0" bev="0" fileid="4" />
                <SequencePoint vc="1" uspid="1604" ordinal="0" offset="274" sl="31" sc="9" el="31" ec="9" bec="0" bev="0" fileid="4" />
                <SequencePoint vc="1" uspid="1605" ordinal="0" offset="286" sl="32" sc="5" el="32" ec="5" bec="0" bev="0" fileid="4" />
              </SequencePoints>
              <BranchPoints />
            </Method>
          </Methods>
        </Class>
        <Class>
          <Summary numSequencePoints="8" visitedSequencePoints="8" numBranchPoints="0" visitedBranchPoints="0" sequenceCoverage="100.0" branchCoverage="0.0" maxCyclomaticComplexity="0" minCyclomaticComplexity="0" maxCrapScore="0" minCrapScore="0" visitedClasses="1" numClasses="1" visitedMethods="1" numMethods="1" />
          <FullName>BanishTests/&lt;BanishNothing&gt;d__1</FullName>
          <Methods>
            <Method visited="true" cyclomaticComplexity="0" nPathComplexity="0" sequenceCoverage="100.0" branchCoverage="0" crapScore="0" isConstructor="false" isStatic="false" isGetter="false" isSetter="false">
              <Summary numSequencePoints="8" visitedSequencePoints="8" numBranchPoints="0" visitedBranchPoints="0" sequenceCoverage="100.0" branchCoverage="0" maxCyclomaticComplexity="0" minCyclomaticComplexity="0" maxCrapScore="0" minCrapScore="0" visitedClasses="0" numClasses="0" visitedMethods="1" numMethods="1" />
              <MetadataToken>100663339</MetadataToken>
              <Name>System.Boolean BanishTests/&lt;BanishNothing&gt;d__1::MoveNext()</Name>
              <FileRef uid="4" />
              <SequencePoints>
                <SequencePoint vc="1" uspid="1606" ordinal="0" offset="42" sl="35" sc="40" el="35" ec="40" bec="0" bev="0" fileid="4" />
                <SequencePoint vc="1" uspid="1607" ordinal="0" offset="43" sl="37" sc="9" el="37" ec="9" bec="0" bev="0" fileid="4" />
                <SequencePoint vc="1" uspid="1608" ordinal="0" offset="59" sl="39" sc="9" el="39" ec="9" bec="0" bev="0" fileid="4" />
                <SequencePoint vc="1" uspid="1609" ordinal="0" offset="82" sl="42" sc="9" el="42" ec="9" bec="0" bev="0" fileid="4" />
                <SequencePoint vc="1" uspid="1610" ordinal="0" offset="94" sl="44" sc="9" el="44" ec="9" bec="0" bev="0" fileid="4" />
                <SequencePoint vc="1" uspid="1611" ordinal="0" offset="117" sl="47" sc="9" el="47" ec="9" bec="0" bev="0" fileid="4" />
                <SequencePoint vc="1" uspid="1612" ordinal="0" offset="124" sl="50" sc="9" el="50" ec="9" bec="0" bev="0" fileid="4" />
                <SequencePoint vc="1" uspid="1613" ordinal="0" offset="141" sl="51" sc="5" el="51" ec="5" bec="0" bev="0" fileid="4" />
              </SequencePoints>
              <BranchPoints />
            </Method>
          </Methods>
        </Class>
        <Class>
          <Summary numSequencePoints="16" visitedSequencePoints="16" numBranchPoints="0" visitedBranchPoints="0" sequenceCoverage="100.0" branchCoverage="0.0" maxCyclomaticComplexity="0" minCyclomaticComplexity="0" maxCrapScore="0" minCrapScore="0" visitedClasses="1" numClasses="1" visitedMethods="1" numMethods="1" />
          <FullName>DamageTests/&lt;Damage_DoesNotDamageNonPlayerObjects&gt;d__2</FullName>
          <Methods>
            <Method visited="true" cyclomaticComplexity="0" nPathComplexity="0" sequenceCoverage="100.0" branchCoverage="0" crapScore="0" isConstructor="false" isStatic="false" isGetter="false" isSetter="false">
              <Summary numSequencePoints="16" visitedSequencePoints="16" numBranchPoints="0" visitedBranchPoints="0" sequenceCoverage="100.0" branchCoverage="0" maxCyclomaticComplexity="0" minCyclomaticComplexity="0" maxCrapScore="0" minCrapScore="0" visitedClasses="0" numClasses="0" visitedMethods="1" numMethods="1" />
              <MetadataToken>100663345</MetadataToken>
              <Name>System.Boolean DamageTests/&lt;Damage_DoesNotDamageNonPlayerObjects&gt;d__2::MoveNext()</Name>
              <FileRef uid="5" />
              <SequencePoints>
                <SequencePoint vc="1" uspid="1614" ordinal="0" offset="48" sl="97" sc="63" el="97" ec="63" bec="0" bev="0" fileid="5" />
                <SequencePoint vc="1" uspid="1615" ordinal="0" offset="49" sl="99" sc="9" el="99" ec="9" bec="0" bev="0" fileid="5" />
                <SequencePoint vc="1" uspid="1616" ordinal="0" offset="60" sl="100" sc="9" el="100" ec="9" bec="0" bev="0" fileid="5" />
                <SequencePoint vc="1" uspid="1617" ordinal="0" offset="77" sl="101" sc="9" el="101" ec="9" bec="0" bev="0" fileid="5" />
                <SequencePoint vc="1" uspid="1618" ordinal="0" offset="93" sl="103" sc="9" el="103" ec="9" bec="0" bev="0" fileid="5" />
                <SequencePoint vc="1" uspid="1619" ordinal="0" offset="110" sl="104" sc="9" el="104" ec="9" bec="0" bev="0" fileid="5" />
                <SequencePoint vc="1" uspid="1620" ordinal="0" offset="123" sl="107" sc="9" el="107" ec="9" bec="0" bev="0" fileid="5" />
                <SequencePoint vc="1" uspid="1621" ordinal="0" offset="134" sl="108" sc="9" el="108" ec="9" bec="0" bev="0" fileid="5" />
                <SequencePoint vc="1" uspid="1622" ordinal="0" offset="151" sl="109" sc="9" el="109" ec="9" bec="0" bev="0" fileid="5" />
                <SequencePoint vc="1" uspid="1623" ordinal="0" offset="163" sl="111" sc="9" el="111" ec="9" bec="0" bev="0" fileid="5" />
                <SequencePoint vc="1" uspid="1624" ordinal="0" offset="186" sl="114" sc="9" el="114" ec="9" bec="0" bev="0" fileid="5" />
                <SequencePoint vc="1" uspid="1625" ordinal="0" offset="219" sl="116" sc="9" el="116" ec="9" bec="0" bev="0" fileid="5" />
                <SequencePoint vc="1" uspid="1626" ordinal="0" offset="251" sl="119" sc="9" el="119" ec="9" bec="0" bev="0" fileid="5" />
                <SequencePoint vc="1" uspid="1627" ordinal="0" offset="263" sl="122" sc="9" el="122" ec="9" bec="0" bev="0" fileid="5" />
                <SequencePoint vc="1" uspid="1628" ordinal="0" offset="275" sl="123" sc="9" el="123" ec="9" bec="0" bev="0" fileid="5" />
                <SequencePoint vc="1" uspid="1629" ordinal="0" offset="287" sl="124" sc="5" el="124" ec="5" bec="0" bev="0" fileid="5" />
              </SequencePoints>
              <BranchPoints />
            </Method>
          </Methods>
        </Class>
        <Class>
          <Summary numSequencePoints="28" visitedSequencePoints="28" numBranchPoints="0" visitedBranchPoints="0" sequenceCoverage="100.0" branchCoverage="0.0" maxCyclomaticComplexity="0" minCyclomaticComplexity="0" maxCrapScore="0" minCrapScore="0" visitedClasses="1" numClasses="1" visitedMethods="1" numMethods="1" />
          <FullName>DamageTests/&lt;Damage_OnTriggerStay&gt;d__0</FullName>
          <Methods>
            <Method visited="true" cyclomaticComplexity="0" nPathComplexity="0" sequenceCoverage="100.0" branchCoverage="0" crapScore="0" isConstructor="false" isStatic="false" isGetter="false" isSetter="false">
              <Summary numSequencePoints="28" visitedSequencePoints="28" numBranchPoints="0" visitedBranchPoints="0" sequenceCoverage="100.0" branchCoverage="0" maxCyclomaticComplexity="0" minCyclomaticComplexity="0" maxCrapScore="0" minCrapScore="0" visitedClasses="0" numClasses="0" visitedMethods="1" numMethods="1" />
              <MetadataToken>100663351</MetadataToken>
              <Name>System.Boolean DamageTests/&lt;Damage_OnTriggerStay&gt;d__0::MoveNext()</Name>
              <FileRef uid="5" />
              <SequencePoints>
                <SequencePoint vc="1" uspid="1630" ordinal="0" offset="66" sl="8" sc="47" el="8" ec="47" bec="0" bev="0" fileid="5" />
                <SequencePoint vc="1" uspid="1631" ordinal="0" offset="67" sl="10" sc="9" el="10" ec="9" bec="0" bev="0" fileid="5" />
                <SequencePoint vc="1" uspid="1632" ordinal="0" offset="78" sl="11" sc="9" el="11" ec="9" bec="0" bev="0" fileid="5" />
                <SequencePoint vc="1" uspid="1633" ordinal="0" offset="95" sl="12" sc="9" el="12" ec="9" bec="0" bev="0" fileid="5" />
                <SequencePoint vc="1" uspid="1634" ordinal="0" offset="111" sl="13" sc="9" el="13" ec="9" bec="0" bev="0" fileid="5" />
                <SequencePoint vc="1" uspid="1635" ordinal="0" offset="128" sl="14" sc="9" el="14" ec="9" bec="0" bev="0" fileid="5" />
                <SequencePoint vc="1" uspid="1636" ordinal="0" offset="141" sl="16" sc="9" el="16" ec="9" bec="0" bev="0" fileid="5" />
                <SequencePoint vc="1" uspid="1637" ordinal="0" offset="152" sl="17" sc="9" el="17" ec="9" bec="0" bev="0" fileid="5" />
                <SequencePoint vc="1" uspid="1638" ordinal="0" offset="169" sl="18" sc="9" el="18" ec="9" bec="0" bev="0" fileid="5" />
                <SequencePoint vc="1" uspid="1639" ordinal="0" offset="180" sl="19" sc="9" el="19" ec="9" bec="0" bev="0" fileid="5" />
                <SequencePoint vc="1" uspid="1640" ordinal="0" offset="202" sl="20" sc="9" el="20" ec="9" bec="0" bev="0" fileid="5" />
                <SequencePoint vc="1" uspid="1641" ordinal="0" offset="219" sl="21" sc="9" el="21" ec="9" bec="0" bev="0" fileid="5" />
                <SequencePoint vc="1" uspid="1642" ordinal="0" offset="232" sl="22" sc="9" el="22" ec="9" bec="0" bev="0" fileid="5" />
                <SequencePoint vc="1" uspid="1643" ordinal="0" offset="249" sl="23" sc="9" el="23" ec="9" bec="0" bev="0" fileid="5" />
                <SequencePoint vc="1" uspid="1644" ordinal="0" offset="262" sl="25" sc="9" el="25" ec="9" bec="0" bev="0" fileid="5" />
                <SequencePoint vc="1" uspid="1645" ordinal="0" offset="285" sl="26" sc="9" el="26" ec="9" bec="0" bev="0" fileid="5" />
                <SequencePoint vc="1" uspid="1646" ordinal="0" offset="302" sl="29" sc="9" el="29" ec="9" bec="0" bev="0" fileid="5" />
                <SequencePoint vc="1" uspid="1647" ordinal="0" offset="335" sl="32" sc="9" el="32" ec="9" bec="0" bev="0" fileid="5" />
                <SequencePoint vc="1" uspid="1648" ordinal="0" offset="359" sl="33" sc="9" el="33" ec="9" bec="0" bev="0" fileid="5" />
                <SequencePoint vc="1" uspid="1649" ordinal="0" offset="386" sl="36" sc="9" el="36" ec="9" bec="0" bev="0" fileid="5" />
                <SequencePoint vc="1" uspid="1650" ordinal="0" offset="432" sl="39" sc="9" el="39" ec="9" bec="0" bev="0" fileid="5" />
                <SequencePoint vc="1" uspid="1651" ordinal="0" offset="464" sl="42" sc="9" el="42" ec="9" bec="0" bev="0" fileid="5" />
                <SequencePoint vc="1" uspid="1652" ordinal="0" offset="488" sl="43" sc="9" el="43" ec="9" bec="0" bev="0" fileid="5" />
                <SequencePoint vc="1" uspid="1653" ordinal="0" offset="515" sl="46" sc="9" el="46" ec="9" bec="0" bev="0" fileid="5" />
                <SequencePoint vc="1" uspid="1654" ordinal="0" offset="561" sl="49" sc="9" el="49" ec="9" bec="0" bev="0" fileid="5" />
                <SequencePoint vc="1" uspid="1655" ordinal="0" offset="573" sl="50" sc="9" el="50" ec="9" bec="0" bev="0" fileid="5" />
                <SequencePoint vc="1" uspid="1656" ordinal="0" offset="585" sl="51" sc="9" el="51" ec="9" bec="0" bev="0" fileid="5" />
                <SequencePoint vc="1" uspid="1657" ordinal="0" offset="597" sl="52" sc="5" el="52" ec="5" bec="0" bev="0" fileid="5" />
              </SequencePoints>
              <BranchPoints />
            </Method>
          </Methods>
        </Class>
        <Class>
          <Summary numSequencePoints="22" visitedSequencePoints="22" numBranchPoints="0" visitedBranchPoints="0" sequenceCoverage="100.0" branchCoverage="0.0" maxCyclomaticComplexity="0" minCyclomaticComplexity="0" maxCrapScore="0" minCrapScore="0" visitedClasses="1" numClasses="1" visitedMethods="1" numMethods="1" />
          <FullName>DamageTests/&lt;Damage_OncePerSecond&gt;d__1</FullName>
          <Methods>
            <Method visited="true" cyclomaticComplexity="0" nPathComplexity="0" sequenceCoverage="100.0" branchCoverage="0" crapScore="0" isConstructor="false" isStatic="false" isGetter="false" isSetter="false">
              <Summary numSequencePoints="22" visitedSequencePoints="22" numBranchPoints="0" visitedBranchPoints="0" sequenceCoverage="100.0" branchCoverage="0" maxCyclomaticComplexity="0" minCyclomaticComplexity="0" maxCrapScore="0" minCrapScore="0" visitedClasses="0" numClasses="0" visitedMethods="1" numMethods="1" />
              <MetadataToken>100663357</MetadataToken>
              <Name>System.Boolean DamageTests/&lt;Damage_OncePerSecond&gt;d__1::MoveNext()</Name>
              <FileRef uid="5" />
              <SequencePoints>
                <SequencePoint vc="1" uspid="1658" ordinal="0" offset="48" sl="57" sc="47" el="57" ec="47" bec="0" bev="0" fileid="5" />
                <SequencePoint vc="1" uspid="1659" ordinal="0" offset="49" sl="59" sc="9" el="59" ec="9" bec="0" bev="0" fileid="5" />
                <SequencePoint vc="1" uspid="1660" ordinal="0" offset="60" sl="60" sc="9" el="60" ec="9" bec="0" bev="0" fileid="5" />
                <SequencePoint vc="1" uspid="1661" ordinal="0" offset="77" sl="61" sc="9" el="61" ec="9" bec="0" bev="0" fileid="5" />
                <SequencePoint vc="1" uspid="1662" ordinal="0" offset="93" sl="62" sc="9" el="62" ec="9" bec="0" bev="0" fileid="5" />
                <SequencePoint vc="1" uspid="1663" ordinal="0" offset="104" sl="63" sc="9" el="63" ec="9" bec="0" bev="0" fileid="5" />
                <SequencePoint vc="1" uspid="1664" ordinal="0" offset="121" sl="64" sc="9" el="64" ec="9" bec="0" bev="0" fileid="5" />
                <SequencePoint vc="1" uspid="1665" ordinal="0" offset="132" sl="65" sc="9" el="65" ec="9" bec="0" bev="0" fileid="5" />
                <SequencePoint vc="1" uspid="1666" ordinal="0" offset="154" sl="67" sc="9" el="67" ec="9" bec="0" bev="0" fileid="5" />
                <SequencePoint vc="1" uspid="1667" ordinal="0" offset="171" sl="68" sc="9" el="68" ec="9" bec="0" bev="0" fileid="5" />
                <SequencePoint vc="1" uspid="1668" ordinal="0" offset="194" sl="69" sc="9" el="69" ec="9" bec="0" bev="0" fileid="5" />
                <SequencePoint vc="1" uspid="1669" ordinal="0" offset="211" sl="72" sc="9" el="72" ec="9" bec="0" bev="0" fileid="5" />
                <SequencePoint vc="1" uspid="1670" ordinal="0" offset="229" sl="75" sc="9" el="75" ec="9" bec="0" bev="0" fileid="5" />
                <SequencePoint vc="1" uspid="1671" ordinal="0" offset="275" sl="78" sc="9" el="78" ec="9" bec="0" bev="0" fileid="5" />
                <SequencePoint vc="1" uspid="1672" ordinal="0" offset="293" sl="79" sc="9" el="79" ec="9" bec="0" bev="0" fileid="5" />
                <SequencePoint vc="1" uspid="1673" ordinal="0" offset="339" sl="82" sc="9" el="82" ec="9" bec="0" bev="0" fileid="5" />
                <SequencePoint vc="1" uspid="1674" ordinal="0" offset="371" sl="85" sc="9" el="85" ec="9" bec="0" bev="0" fileid="5" />
                <SequencePoint vc="1" uspid="1675" ordinal="0" offset="389" sl="88" sc="9" el="88" ec="9" bec="0" bev="0" fileid="5" />
                <SequencePoint vc="1" uspid="1676" ordinal="0" offset="435" sl="91" sc="9" el="91" ec="9" bec="0" bev="0" fileid="5" />
                <SequencePoint vc="1" uspid="1677" ordinal="0" offset="447" sl="92" sc="9" el="92" ec="9" bec="0" bev="0" fileid="5" />
                <SequencePoint vc="1" uspid="1678" ordinal="0" offset="459" sl="93" sc="9" el="93" ec="9" bec="0" bev="0" fileid="5" />
                <SequencePoint vc="1" uspid="1679" ordinal="0" offset="471" sl="94" sc="5" el="94" ec="5" bec="0" bev="0" fileid="5" />
              </SequencePoints>
              <BranchPoints />
            </Method>
          </Methods>
        </Class>
        <Class>
          <Summary numSequencePoints="6" visitedSequencePoints="6" numBranchPoints="0" visitedBranchPoints="0" sequenceCoverage="100.0" branchCoverage="0.0" maxCyclomaticComplexity="0" minCyclomaticComplexity="0" maxCrapScore="0" minCrapScore="0" visitedClasses="1" numClasses="1" visitedMethods="6" numMethods="6" />
          <FullName>PlayerHealthTests/MockStaminaComponent</FullName>
          <Methods>
            <Method visited="true" cyclomaticComplexity="0" nPathComplexity="0" sequenceCoverage="100.0" branchCoverage="0" crapScore="0" isConstructor="false" isStatic="false" isGetter="true" isSetter="false">
              <Summary numSequencePoints="1" visitedSequencePoints="1" numBranchPoints="0" visitedBranchPoints="0" sequenceCoverage="100.0" branchCoverage="0" maxCyclomaticComplexity="0" minCyclomaticComplexity="0" maxCrapScore="0" minCrapScore="0" visitedClasses="0" numClasses="0" visitedMethods="1" numMethods="1" />
              <MetadataToken>100663361</MetadataToken>
              <Name>System.Single PlayerHealthTests/MockStaminaComponent::get_current()</Name>
              <FileRef uid="2" />
              <SequencePoints>
                <SequencePoint vc="1" uspid="1680" ordinal="0" offset="0" sl="176" sc="32" el="176" ec="32" bec="0" bev="0" fileid="2" />
              </SequencePoints>
              <BranchPoints />
            </Method>
            <Method visited="true" cyclomaticComplexity="0" nPathComplexity="0" sequenceCoverage="100.0" branchCoverage="0" crapScore="0" isConstructor="false" isStatic="false" isGetter="false" isSetter="true">
              <Summary numSequencePoints="1" visitedSequencePoints="1" numBranchPoints="0" visitedBranchPoints="0" sequenceCoverage="100.0" branchCoverage="0" maxCyclomaticComplexity="0" minCyclomaticComplexity="0" maxCrapScore="0" minCrapScore="0" visitedClasses="0" numClasses="0" visitedMethods="1" numMethods="1" />
              <MetadataToken>100663362</MetadataToken>
              <Name>System.Void PlayerHealthTests/MockStaminaComponent::set_current(System.Single)</Name>
              <FileRef uid="2" />
              <SequencePoints>
                <SequencePoint vc="2" uspid="1681" ordinal="0" offset="0" sl="176" sc="37" el="176" ec="37" bec="0" bev="0" fileid="2" />
              </SequencePoints>
              <BranchPoints />
            </Method>
            <Method visited="true" cyclomaticComplexity="0" nPathComplexity="0" sequenceCoverage="100.0" branchCoverage="0" crapScore="0" isConstructor="false" isStatic="false" isGetter="true" isSetter="false">
              <Summary numSequencePoints="1" visitedSequencePoints="1" numBranchPoints="0" visitedBranchPoints="0" sequenceCoverage="100.0" branchCoverage="0" maxCyclomaticComplexity="0" minCyclomaticComplexity="0" maxCrapScore="0" minCrapScore="0" visitedClasses="0" numClasses="0" visitedMethods="1" numMethods="1" />
              <MetadataToken>100663363</MetadataToken>
              <Name>System.Single PlayerHealthTests/MockStaminaComponent::get_max()</Name>
              <FileRef uid="2" />
              <SequencePoints>
                <SequencePoint vc="1" uspid="1682" ordinal="0" offset="0" sl="177" sc="28" el="177" ec="28" bec="0" bev="0" fileid="2" />
              </SequencePoints>
              <BranchPoints />
            </Method>
            <Method visited="true" cyclomaticComplexity="0" nPathComplexity="0" sequenceCoverage="100.0" branchCoverage="0" crapScore="0" isConstructor="false" isStatic="false" isGetter="false" isSetter="true">
              <Summary numSequencePoints="1" visitedSequencePoints="1" numBranchPoints="0" visitedBranchPoints="0" sequenceCoverage="100.0" branchCoverage="0" maxCyclomaticComplexity="0" minCyclomaticComplexity="0" maxCrapScore="0" minCrapScore="0" visitedClasses="0" numClasses="0" visitedMethods="1" numMethods="1" />
              <MetadataToken>100663364</MetadataToken>
              <Name>System.Void PlayerHealthTests/MockStaminaComponent::set_max(System.Single)</Name>
              <FileRef uid="2" />
              <SequencePoints>
                <SequencePoint vc="1" uspid="1683" ordinal="0" offset="0" sl="177" sc="33" el="177" ec="33" bec="0" bev="0" fileid="2" />
              </SequencePoints>
              <BranchPoints />
            </Method>
            <Method visited="true" cyclomaticComplexity="0" nPathComplexity="0" sequenceCoverage="100.0" branchCoverage="0" crapScore="0" isConstructor="false" isStatic="false" isGetter="true" isSetter="false">
              <Summary numSequencePoints="1" visitedSequencePoints="1" numBranchPoints="0" visitedBranchPoints="0" sequenceCoverage="100.0" branchCoverage="0" maxCyclomaticComplexity="0" minCyclomaticComplexity="0" maxCrapScore="0" minCrapScore="0" visitedClasses="0" numClasses="0" visitedMethods="1" numMethods="1" />
              <MetadataToken>100663365</MetadataToken>
              <Name>System.Boolean PlayerHealthTests/MockStaminaComponent::get_enabled()</Name>
              <FileRef uid="2" />
              <SequencePoints>
                <SequencePoint vc="1" uspid="1684" ordinal="0" offset="0" sl="178" sc="31" el="178" ec="31" bec="0" bev="0" fileid="2" />
              </SequencePoints>
              <BranchPoints />
            </Method>
            <Method visited="true" cyclomaticComplexity="0" nPathComplexity="0" sequenceCoverage="100.0" branchCoverage="0" crapScore="0" isConstructor="false" isStatic="false" isGetter="false" isSetter="true">
              <Summary numSequencePoints="1" visitedSequencePoints="1" numBranchPoints="0" visitedBranchPoints="0" sequenceCoverage="100.0" branchCoverage="0" maxCyclomaticComplexity="0" minCyclomaticComplexity="0" maxCrapScore="0" minCrapScore="0" visitedClasses="0" numClasses="0" visitedMethods="1" numMethods="1" />
              <MetadataToken>100663366</MetadataToken>
              <Name>System.Void PlayerHealthTests/MockStaminaComponent::set_enabled(System.Boolean)</Name>
              <FileRef uid="2" />
              <SequencePoints>
                <SequencePoint vc="2" uspid="1685" ordinal="0" offset="0" sl="178" sc="36" el="178" ec="36" bec="0" bev="0" fileid="2" />
              </SequencePoints>
              <BranchPoints />
            </Method>
          </Methods>
        </Class>
        <Class>
          <Summary numSequencePoints="4" visitedSequencePoints="4" numBranchPoints="0" visitedBranchPoints="0" sequenceCoverage="100.0" branchCoverage="0.0" maxCyclomaticComplexity="0" minCyclomaticComplexity="0" maxCrapScore="0" minCrapScore="0" visitedClasses="1" numClasses="1" visitedMethods="4" numMethods="4" />
          <FullName>PlayerHealthTests/MockPlayerMotorComponent</FullName>
          <Methods>
            <Method visited="true" cyclomaticComplexity="0" nPathComplexity="0" sequenceCoverage="100.0" branchCoverage="0" crapScore="0" isConstructor="false" isStatic="false" isGetter="true" isSetter="false">
              <Summary numSequencePoints="1" visitedSequencePoints="1" numBranchPoints="0" visitedBranchPoints="0" sequenceCoverage="100.0" branchCoverage="0" maxCyclomaticComplexity="0" minCyclomaticComplexity="0" maxCrapScore="0" minCrapScore="0" visitedClasses="0" numClasses="0" visitedMethods="1" numMethods="1" />
              <MetadataToken>100663368</MetadataToken>
              <Name>System.Boolean PlayerHealthTests/MockPlayerMotorComponent::get_sprinting()</Name>
              <FileRef uid="2" />
              <SequencePoints>
                <SequencePoint vc="1" uspid="1686" ordinal="0" offset="0" sl="182" sc="33" el="182" ec="33" bec="0" bev="0" fileid="2" />
              </SequencePoints>
              <BranchPoints />
            </Method>
            <Method visited="true" cyclomaticComplexity="0" nPathComplexity="0" sequenceCoverage="100.0" branchCoverage="0" crapScore="0" isConstructor="false" isStatic="false" isGetter="false" isSetter="true">
              <Summary numSequencePoints="1" visitedSequencePoints="1" numBranchPoints="0" visitedBranchPoints="0" sequenceCoverage="100.0" branchCoverage="0" maxCyclomaticComplexity="0" minCyclomaticComplexity="0" maxCrapScore="0" minCrapScore="0" visitedClasses="0" numClasses="0" visitedMethods="1" numMethods="1" />
              <MetadataToken>100663369</MetadataToken>
              <Name>System.Void PlayerHealthTests/MockPlayerMotorComponent::set_sprinting(System.Boolean)</Name>
              <FileRef uid="2" />
              <SequencePoints>
                <SequencePoint vc="2" uspid="1687" ordinal="0" offset="0" sl="182" sc="38" el="182" ec="38" bec="0" bev="0" fileid="2" />
              </SequencePoints>
              <BranchPoints />
            </Method>
            <Method visited="true" cyclomaticComplexity="0" nPathComplexity="0" sequenceCoverage="100.0" branchCoverage="0" crapScore="0" isConstructor="false" isStatic="false" isGetter="true" isSetter="false">
              <Summary numSequencePoints="1" visitedSequencePoints="1" numBranchPoints="0" visitedBranchPoints="0" sequenceCoverage="100.0" branchCoverage="0" maxCyclomaticComplexity="0" minCyclomaticComplexity="0" maxCrapScore="0" minCrapScore="0" visitedClasses="0" numClasses="0" visitedMethods="1" numMethods="1" />
              <MetadataToken>100663370</MetadataToken>
              <Name>System.Single PlayerHealthTests/MockPlayerMotorComponent::get_speed()</Name>
              <FileRef uid="2" />
              <SequencePoints>
                <SequencePoint vc="1" uspid="1688" ordinal="0" offset="0" sl="183" sc="30" el="183" ec="30" bec="0" bev="0" fileid="2" />
              </SequencePoints>
              <BranchPoints />
            </Method>
            <Method visited="true" cyclomaticComplexity="0" nPathComplexity="0" sequenceCoverage="100.0" branchCoverage="0" crapScore="0" isConstructor="false" isStatic="false" isGetter="false" isSetter="true">
              <Summary numSequencePoints="1" visitedSequencePoints="1" numBranchPoints="0" visitedBranchPoints="0" sequenceCoverage="100.0" branchCoverage="0" maxCyclomaticComplexity="0" minCyclomaticComplexity="0" maxCrapScore="0" minCrapScore="0" visitedClasses="0" numClasses="0" visitedMethods="1" numMethods="1" />
              <MetadataToken>100663371</MetadataToken>
              <Name>System.Void PlayerHealthTests/MockPlayerMotorComponent::set_speed(System.Single)</Name>
              <FileRef uid="2" />
              <SequencePoints>
                <SequencePoint vc="2" uspid="1689" ordinal="0" offset="0" sl="183" sc="35" el="183" ec="35" bec="0" bev="0" fileid="2" />
              </SequencePoints>
              <BranchPoints />
            </Method>
          </Methods>
        </Class>
        <Class>
          <Summary numSequencePoints="16" visitedSequencePoints="16" numBranchPoints="0" visitedBranchPoints="0" sequenceCoverage="100.0" branchCoverage="0.0" maxCyclomaticComplexity="0" minCyclomaticComplexity="0" maxCrapScore="0" minCrapScore="0" visitedClasses="1" numClasses="1" visitedMethods="1" numMethods="1" />
          <FullName>PlayerHealthTests/&lt;Player_Dies&gt;d__5</FullName>
          <Methods>
            <Method visited="true" cyclomaticComplexity="0" nPathComplexity="0" sequenceCoverage="100.0" branchCoverage="0" crapScore="0" isConstructor="false" isStatic="false" isGetter="false" isSetter="false">
              <Summary numSequencePoints="16" visitedSequencePoints="16" numBranchPoints="0" visitedBranchPoints="0" sequenceCoverage="100.0" branchCoverage="0" maxCyclomaticComplexity="0" minCyclomaticComplexity="0" maxCrapScore="0" minCrapScore="0" visitedClasses="0" numClasses="0" visitedMethods="1" numMethods="1" />
              <MetadataToken>100663375</MetadataToken>
              <Name>System.Boolean PlayerHealthTests/&lt;Player_Dies&gt;d__5::MoveNext()</Name>
              <FileRef uid="2" />
              <SequencePoints>
                <SequencePoint vc="1" uspid="1690" ordinal="0" offset="34" sl="103" sc="38" el="103" ec="38" bec="0" bev="0" fileid="2" />
                <SequencePoint vc="1" uspid="1691" ordinal="0" offset="35" sl="104" sc="9" el="104" ec="9" bec="0" bev="0" fileid="2" />
                <SequencePoint vc="1" uspid="1692" ordinal="0" offset="46" sl="105" sc="9" el="105" ec="9" bec="0" bev="0" fileid="2" />
                <SequencePoint vc="1" uspid="1693" ordinal="0" offset="63" sl="108" sc="9" el="108" ec="9" bec="0" bev="0" fileid="2" />
                <SequencePoint vc="1" uspid="1694" ordinal="0" offset="74" sl="109" sc="9" el="109" ec="9" bec="0" bev="0" fileid="2" />
                <SequencePoint vc="1" uspid="1695" ordinal="0" offset="87" sl="110" sc="9" el="110" ec="9" bec="0" bev="0" fileid="2" />
                <SequencePoint vc="1" uspid="1696" ordinal="0" offset="104" sl="112" sc="9" el="112" ec="9" bec="0" bev="0" fileid="2" />
                <SequencePoint vc="1" uspid="1697" ordinal="0" offset="115" sl="113" sc="9" el="113" ec="9" bec="0" bev="0" fileid="2" />
                <SequencePoint vc="1" uspid="1698" ordinal="0" offset="137" sl="115" sc="9" el="115" ec="9" bec="0" bev="0" fileid="2" />
                <SequencePoint vc="1" uspid="1699" ordinal="0" offset="160" sl="118" sc="9" el="118" ec="9" bec="0" bev="0" fileid="2" />
                <SequencePoint vc="1" uspid="1700" ordinal="0" offset="177" sl="121" sc="9" el="121" ec="9" bec="0" bev="0" fileid="2" />
                <SequencePoint vc="1" uspid="1701" ordinal="0" offset="209" sl="122" sc="9" el="122" ec="9" bec="0" bev="0" fileid="2" />
                <SequencePoint vc="1" uspid="1702" ordinal="0" offset="236" sl="124" sc="9" el="124" ec="9" bec="0" bev="0" fileid="2" />
                <SequencePoint vc="1" uspid="1703" ordinal="0" offset="248" sl="125" sc="9" el="125" ec="9" bec="0" bev="0" fileid="2" />
                <SequencePoint vc="1" uspid="1704" ordinal="0" offset="260" sl="126" sc="9" el="126" ec="9" bec="0" bev="0" fileid="2" />
                <SequencePoint vc="1" uspid="1705" ordinal="0" offset="272" sl="127" sc="5" el="127" ec="5" bec="0" bev="0" fileid="2" />
              </SequencePoints>
              <BranchPoints />
            </Method>
          </Methods>
        </Class>
        <Class>
          <Summary numSequencePoints="12" visitedSequencePoints="12" numBranchPoints="0" visitedBranchPoints="0" sequenceCoverage="100.0" branchCoverage="0.0" maxCyclomaticComplexity="0" minCyclomaticComplexity="0" maxCrapScore="0" minCrapScore="0" visitedClasses="1" numClasses="1" visitedMethods="1" numMethods="1" />
          <FullName>PlayerHealthTests/&lt;Player_Heal&gt;d__3</FullName>
          <Methods>
            <Method visited="true" cyclomaticComplexity="0" nPathComplexity="0" sequenceCoverage="100.0" branchCoverage="0" crapScore="0" isConstructor="false" isStatic="false" isGetter="false" isSetter="false">
              <Summary numSequencePoints="12" visitedSequencePoints="12" numBranchPoints="0" visitedBranchPoints="0" sequenceCoverage="100.0" branchCoverage="0" maxCyclomaticComplexity="0" minCyclomaticComplexity="0" maxCrapScore="0" minCrapScore="0" visitedClasses="0" numClasses="0" visitedMethods="1" numMethods="1" />
              <MetadataToken>100663381</MetadataToken>
              <Name>System.Boolean PlayerHealthTests/&lt;Player_Heal&gt;d__3::MoveNext()</Name>
              <FileRef uid="2" />
              <SequencePoints>
                <SequencePoint vc="1" uspid="1706" ordinal="0" offset="31" sl="69" sc="38" el="69" ec="38" bec="0" bev="0" fileid="2" />
                <SequencePoint vc="1" uspid="1707" ordinal="0" offset="32" sl="70" sc="9" el="70" ec="9" bec="0" bev="0" fileid="2" />
                <SequencePoint vc="1" uspid="1708" ordinal="0" offset="43" sl="71" sc="9" el="71" ec="9" bec="0" bev="0" fileid="2" />
                <SequencePoint vc="1" uspid="1709" ordinal="0" offset="60" sl="72" sc="9" el="72" ec="9" bec="0" bev="0" fileid="2" />
                <SequencePoint vc="1" uspid="1710" ordinal="0" offset="71" sl="73" sc="9" el="73" ec="9" bec="0" bev="0" fileid="2" />
                <SequencePoint vc="1" uspid="1711" ordinal="0" offset="93" sl="75" sc="9" el="75" ec="9" bec="0" bev="0" fileid="2" />
                <SequencePoint vc="1" uspid="1712" ordinal="0" offset="116" sl="77" sc="9" el="77" ec="9" bec="0" bev="0" fileid="2" />
                <SequencePoint vc="1" uspid="1713" ordinal="0" offset="132" sl="78" sc="9" el="78" ec="9" bec="0" bev="0" fileid="2" />
                <SequencePoint vc="1" uspid="1714" ordinal="0" offset="149" sl="79" sc="9" el="79" ec="9" bec="0" bev="0" fileid="2" />
                <SequencePoint vc="1" uspid="1715" ordinal="0" offset="181" sl="81" sc="9" el="81" ec="9" bec="0" bev="0" fileid="2" />
                <SequencePoint vc="1" uspid="1716" ordinal="0" offset="193" sl="82" sc="9" el="82" ec="9" bec="0" bev="0" fileid="2" />
                <SequencePoint vc="1" uspid="1717" ordinal="0" offset="205" sl="83" sc="5" el="83" ec="5" bec="0" bev="0" fileid="2" />
              </SequencePoints>
              <BranchPoints />
            </Method>
          </Methods>
        </Class>
        <Class>
          <Summary numSequencePoints="14" visitedSequencePoints="14" numBranchPoints="0" visitedBranchPoints="0" sequenceCoverage="100.0" branchCoverage="0.0" maxCyclomaticComplexity="0" minCyclomaticComplexity="0" maxCrapScore="0" minCrapScore="0" visitedClasses="1" numClasses="1" visitedMethods="1" numMethods="1" />
          <FullName>PlayerHealthTests/&lt;Player_LethalDamage&gt;d__2</FullName>
          <Methods>
            <Method visited="true" cyclomaticComplexity="0" nPathComplexity="0" sequenceCoverage="100.0" branchCoverage="0" crapScore="0" isConstructor="false" isStatic="false" isGetter="false" isSetter="false">
              <Summary numSequencePoints="14" visitedSequencePoints="14" numBranchPoints="0" visitedBranchPoints="0" sequenceCoverage="100.0" branchCoverage="0" maxCyclomaticComplexity="0" minCyclomaticComplexity="0" maxCrapScore="0" minCrapScore="0" visitedClasses="0" numClasses="0" visitedMethods="1" numMethods="1" />
              <MetadataToken>100663387</MetadataToken>
              <Name>System.Boolean PlayerHealthTests/&lt;Player_LethalDamage&gt;d__2::MoveNext()</Name>
              <FileRef uid="2" />
              <SequencePoints>
                <SequencePoint vc="1" uspid="1718" ordinal="0" offset="31" sl="46" sc="46" el="46" ec="46" bec="0" bev="0" fileid="2" />
                <SequencePoint vc="1" uspid="1719" ordinal="0" offset="32" sl="47" sc="9" el="47" ec="9" bec="0" bev="0" fileid="2" />
                <SequencePoint vc="1" uspid="1720" ordinal="0" offset="43" sl="48" sc="9" el="48" ec="9" bec="0" bev="0" fileid="2" />
                <SequencePoint vc="1" uspid="1721" ordinal="0" offset="60" sl="51" sc="9" el="51" ec="9" bec="0" bev="0" fileid="2" />
                <SequencePoint vc="1" uspid="1722" ordinal="0" offset="72" sl="52" sc="9" el="52" ec="9" bec="0" bev="0" fileid="2" />
                <SequencePoint vc="1" uspid="1723" ordinal="0" offset="84" sl="54" sc="9" el="54" ec="9" bec="0" bev="0" fileid="2" />
                <SequencePoint vc="1" uspid="1724" ordinal="0" offset="95" sl="55" sc="9" el="55" ec="9" bec="0" bev="0" fileid="2" />
                <SequencePoint vc="1" uspid="1725" ordinal="0" offset="117" sl="57" sc="9" el="57" ec="9" bec="0" bev="0" fileid="2" />
                <SequencePoint vc="1" uspid="1726" ordinal="0" offset="140" sl="59" sc="9" el="59" ec="9" bec="0" bev="0" fileid="2" />
                <SequencePoint vc="1" uspid="1727" ordinal="0" offset="156" sl="60" sc="9" el="60" ec="9" bec="0" bev="0" fileid="2" />
                <SequencePoint vc="1" uspid="1728" ordinal="0" offset="173" sl="62" sc="9" el="62" ec="9" bec="0" bev="0" fileid="2" />
                <SequencePoint vc="1" uspid="1729" ordinal="0" offset="205" sl="64" sc="9" el="64" ec="9" bec="0" bev="0" fileid="2" />
                <SequencePoint vc="1" uspid="1730" ordinal="0" offset="217" sl="65" sc="9" el="65" ec="9" bec="0" bev="0" fileid="2" />
                <SequencePoint vc="1" uspid="1731" ordinal="0" offset="229" sl="66" sc="5" el="66" ec="5" bec="0" bev="0" fileid="2" />
              </SequencePoints>
              <BranchPoints />
            </Method>
          </Methods>
        </Class>
        <Class>
          <Summary numSequencePoints="12" visitedSequencePoints="12" numBranchPoints="0" visitedBranchPoints="0" sequenceCoverage="100.0" branchCoverage="0.0" maxCyclomaticComplexity="0" minCyclomaticComplexity="0" maxCrapScore="0" minCrapScore="0" visitedClasses="1" numClasses="1" visitedMethods="1" numMethods="1" />
          <FullName>PlayerHealthTests/&lt;Player_Overheal&gt;d__4</FullName>
          <Methods>
            <Method visited="true" cyclomaticComplexity="0" nPathComplexity="0" sequenceCoverage="100.0" branchCoverage="0" crapScore="0" isConstructor="false" isStatic="false" isGetter="false" isSetter="false">
              <Summary numSequencePoints="12" visitedSequencePoints="12" numBranchPoints="0" visitedBranchPoints="0" sequenceCoverage="100.0" branchCoverage="0" maxCyclomaticComplexity="0" minCyclomaticComplexity="0" maxCrapScore="0" minCrapScore="0" visitedClasses="0" numClasses="0" visitedMethods="1" numMethods="1" />
              <MetadataToken>100663393</MetadataToken>
              <Name>System.Boolean PlayerHealthTests/&lt;Player_Overheal&gt;d__4::MoveNext()</Name>
              <FileRef uid="2" />
              <SequencePoints>
                <SequencePoint vc="1" uspid="1732" ordinal="0" offset="31" sl="86" sc="42" el="86" ec="42" bec="0" bev="0" fileid="2" />
                <SequencePoint vc="1" uspid="1733" ordinal="0" offset="32" sl="87" sc="9" el="87" ec="9" bec="0" bev="0" fileid="2" />
                <SequencePoint vc="1" uspid="1734" ordinal="0" offset="43" sl="88" sc="9" el="88" ec="9" bec="0" bev="0" fileid="2" />
                <SequencePoint vc="1" uspid="1735" ordinal="0" offset="60" sl="89" sc="9" el="89" ec="9" bec="0" bev="0" fileid="2" />
                <SequencePoint vc="1" uspid="1736" ordinal="0" offset="71" sl="90" sc="9" el="90" ec="9" bec="0" bev="0" fileid="2" />
                <SequencePoint vc="1" uspid="1737" ordinal="0" offset="93" sl="92" sc="9" el="92" ec="9" bec="0" bev="0" fileid="2" />
                <SequencePoint vc="1" uspid="1738" ordinal="0" offset="116" sl="94" sc="9" el="94" ec="9" bec="0" bev="0" fileid="2" />
                <SequencePoint vc="1" uspid="1739" ordinal="0" offset="132" sl="95" sc="9" el="95" ec="9" bec="0" bev="0" fileid="2" />
                <SequencePoint vc="1" uspid="1740" ordinal="0" offset="149" sl="96" sc="9" el="96" ec="9" bec="0" bev="0" fileid="2" />
                <SequencePoint vc="1" uspid="1741" ordinal="0" offset="181" sl="98" sc="9" el="98" ec="9" bec="0" bev="0" fileid="2" />
                <SequencePoint vc="1" uspid="1742" ordinal="0" offset="193" sl="99" sc="9" el="99" ec="9" bec="0" bev="0" fileid="2" />
                <SequencePoint vc="1" uspid="1743" ordinal="0" offset="205" sl="100" sc="5" el="100" ec="5" bec="0" bev="0" fileid="2" />
              </SequencePoints>
              <BranchPoints />
            </Method>
          </Methods>
        </Class>
        <Class>
          <Summary numSequencePoints="24" visitedSequencePoints="24" numBranchPoints="0" visitedBranchPoints="0" sequenceCoverage="100.0" branchCoverage="0.0" maxCyclomaticComplexity="0" minCyclomaticComplexity="0" maxCrapScore="0" minCrapScore="0" visitedClasses="1" numClasses="1" visitedMethods="1" numMethods="1" />
          <FullName>PlayerHealthTests/&lt;Player_Resurrects&gt;d__6</FullName>
          <Methods>
            <Method visited="true" cyclomaticComplexity="0" nPathComplexity="0" sequenceCoverage="100.0" branchCoverage="0" crapScore="0" isConstructor="false" isStatic="false" isGetter="false" isSetter="false">
              <Summary numSequencePoints="24" visitedSequencePoints="24" numBranchPoints="0" visitedBranchPoints="0" sequenceCoverage="100.0" branchCoverage="0" maxCyclomaticComplexity="0" minCyclomaticComplexity="0" maxCrapScore="0" minCrapScore="0" visitedClasses="0" numClasses="0" visitedMethods="1" numMethods="1" />
              <MetadataToken>100663399</MetadataToken>
              <Name>System.Boolean PlayerHealthTests/&lt;Player_Resurrects&gt;d__6::MoveNext()</Name>
              <FileRef uid="2" />
              <SequencePoints>
                <SequencePoint vc="1" uspid="1744" ordinal="0" offset="34" sl="130" sc="44" el="130" ec="44" bec="0" bev="0" fileid="2" />
                <SequencePoint vc="1" uspid="1745" ordinal="0" offset="35" sl="131" sc="9" el="131" ec="9" bec="0" bev="0" fileid="2" />
                <SequencePoint vc="1" uspid="1746" ordinal="0" offset="46" sl="132" sc="9" el="132" ec="9" bec="0" bev="0" fileid="2" />
                <SequencePoint vc="1" uspid="1747" ordinal="0" offset="63" sl="135" sc="9" el="135" ec="9" bec="0" bev="0" fileid="2" />
                <SequencePoint vc="1" uspid="1748" ordinal="0" offset="106" sl="141" sc="9" el="141" ec="9" bec="0" bev="0" fileid="2" />
                <SequencePoint vc="1" uspid="1749" ordinal="0" offset="137" sl="147" sc="9" el="147" ec="9" bec="0" bev="0" fileid="2" />
                <SequencePoint vc="1" uspid="1750" ordinal="0" offset="161" sl="149" sc="9" el="149" ec="9" bec="0" bev="0" fileid="2" />
                <SequencePoint vc="1" uspid="1751" ordinal="0" offset="172" sl="150" sc="9" el="150" ec="9" bec="0" bev="0" fileid="2" />
                <SequencePoint vc="1" uspid="1752" ordinal="0" offset="185" sl="151" sc="9" el="151" ec="9" bec="0" bev="0" fileid="2" />
                <SequencePoint vc="1" uspid="1753" ordinal="0" offset="202" sl="153" sc="9" el="153" ec="9" bec="0" bev="0" fileid="2" />
                <SequencePoint vc="1" uspid="1754" ordinal="0" offset="213" sl="154" sc="9" el="154" ec="9" bec="0" bev="0" fileid="2" />
                <SequencePoint vc="1" uspid="1755" ordinal="0" offset="235" sl="156" sc="9" el="156" ec="9" bec="0" bev="0" fileid="2" />
                <SequencePoint vc="1" uspid="1756" ordinal="0" offset="258" sl="158" sc="9" el="158" ec="9" bec="0" bev="0" fileid="2" />
                <SequencePoint vc="1" uspid="1757" ordinal="0" offset="274" sl="159" sc="9" el="159" ec="9" bec="0" bev="0" fileid="2" />
                <SequencePoint vc="1" uspid="1758" ordinal="0" offset="286" sl="162" sc="9" el="162" ec="9" bec="0" bev="0" fileid="2" />
                <SequencePoint vc="1" uspid="1759" ordinal="0" offset="318" sl="163" sc="9" el="163" ec="9" bec="0" bev="0" fileid="2" />
                <SequencePoint vc="1" uspid="1760" ordinal="0" offset="360" sl="164" sc="9" el="164" ec="9" bec="0" bev="0" fileid="2" />
                <SequencePoint vc="1" uspid="1761" ordinal="0" offset="387" sl="165" sc="9" el="165" ec="9" bec="0" bev="0" fileid="2" />
                <SequencePoint vc="1" uspid="1762" ordinal="0" offset="414" sl="166" sc="9" el="166" ec="9" bec="0" bev="0" fileid="2" />
                <SequencePoint vc="1" uspid="1763" ordinal="0" offset="456" sl="167" sc="9" el="167" ec="9" bec="0" bev="0" fileid="2" />
                <SequencePoint vc="1" uspid="1764" ordinal="0" offset="473" sl="169" sc="9" el="169" ec="9" bec="0" bev="0" fileid="2" />
                <SequencePoint vc="1" uspid="1765" ordinal="0" offset="485" sl="170" sc="9" el="170" ec="9" bec="0" bev="0" fileid="2" />
                <SequencePoint vc="1" uspid="1766" ordinal="0" offset="497" sl="171" sc="9" el="171" ec="9" bec="0" bev="0" fileid="2" />
                <SequencePoint vc="1" uspid="1767" ordinal="0" offset="509" sl="172" sc="5" el="172" ec="5" bec="0" bev="0" fileid="2" />
              </SequencePoints>
              <BranchPoints />
            </Method>
          </Methods>
        </Class>
        <Class>
          <Summary numSequencePoints="11" visitedSequencePoints="11" numBranchPoints="0" visitedBranchPoints="0" sequenceCoverage="100.0" branchCoverage="0.0" maxCyclomaticComplexity="0" minCyclomaticComplexity="0" maxCrapScore="0" minCrapScore="0" visitedClasses="1" numClasses="1" visitedMethods="1" numMethods="1" />
          <FullName>PlayerHealthTests/&lt;Player_StartsWithFullHealth&gt;d__0</FullName>
          <Methods>
            <Method visited="true" cyclomaticComplexity="0" nPathComplexity="0" sequenceCoverage="100.0" branchCoverage="0" crapScore="0" isConstructor="false" isStatic="false" isGetter="false" isSetter="false">
              <Summary numSequencePoints="11" visitedSequencePoints="11" numBranchPoints="0" visitedBranchPoints="0" sequenceCoverage="100.0" branchCoverage="0" maxCyclomaticComplexity="0" minCyclomaticComplexity="0" maxCrapScore="0" minCrapScore="0" visitedClasses="0" numClasses="0" visitedMethods="1" numMethods="1" />
              <MetadataToken>100663405</MetadataToken>
              <Name>System.Boolean PlayerHealthTests/&lt;Player_StartsWithFullHealth&gt;d__0::MoveNext()</Name>
              <FileRef uid="2" />
              <SequencePoints>
                <SequencePoint vc="1" uspid="1768" ordinal="0" offset="31" sl="8" sc="54" el="8" ec="54" bec="0" bev="0" fileid="2" />
                <SequencePoint vc="1" uspid="1769" ordinal="0" offset="32" sl="10" sc="9" el="10" ec="9" bec="0" bev="0" fileid="2" />
                <SequencePoint vc="1" uspid="1770" ordinal="0" offset="43" sl="11" sc="9" el="11" ec="9" bec="0" bev="0" fileid="2" />
                <SequencePoint vc="1" uspid="1771" ordinal="0" offset="60" sl="14" sc="9" el="14" ec="9" bec="0" bev="0" fileid="2" />
                <SequencePoint vc="1" uspid="1772" ordinal="0" offset="71" sl="15" sc="9" el="15" ec="9" bec="0" bev="0" fileid="2" />
                <SequencePoint vc="1" uspid="1773" ordinal="0" offset="93" sl="18" sc="9" el="18" ec="9" bec="0" bev="0" fileid="2" />
                <SequencePoint vc="1" uspid="1774" ordinal="0" offset="116" sl="21" sc="9" el="21" ec="9" bec="0" bev="0" fileid="2" />
                <SequencePoint vc="1" uspid="1775" ordinal="0" offset="148" sl="22" sc="9" el="22" ec="9" bec="0" bev="0" fileid="2" />
                <SequencePoint vc="1" uspid="1776" ordinal="0" offset="186" sl="25" sc="9" el="25" ec="9" bec="0" bev="0" fileid="2" />
                <SequencePoint vc="1" uspid="1777" ordinal="0" offset="198" sl="26" sc="9" el="26" ec="9" bec="0" bev="0" fileid="2" />
                <SequencePoint vc="1" uspid="1778" ordinal="0" offset="210" sl="27" sc="5" el="27" ec="5" bec="0" bev="0" fileid="2" />
              </SequencePoints>
              <BranchPoints />
            </Method>
          </Methods>
        </Class>
        <Class>
          <Summary numSequencePoints="11" visitedSequencePoints="11" numBranchPoints="0" visitedBranchPoints="0" sequenceCoverage="100.0" branchCoverage="0.0" maxCyclomaticComplexity="0" minCyclomaticComplexity="0" maxCrapScore="0" minCrapScore="0" visitedClasses="1" numClasses="1" visitedMethods="1" numMethods="1" />
          <FullName>PlayerHealthTests/&lt;Player_TakeDamage&gt;d__1</FullName>
          <Methods>
            <Method visited="true" cyclomaticComplexity="0" nPathComplexity="0" sequenceCoverage="100.0" branchCoverage="0" crapScore="0" isConstructor="false" isStatic="false" isGetter="false" isSetter="false">
              <Summary numSequencePoints="11" visitedSequencePoints="11" numBranchPoints="0" visitedBranchPoints="0" sequenceCoverage="100.0" branchCoverage="0" maxCyclomaticComplexity="0" minCyclomaticComplexity="0" maxCrapScore="0" minCrapScore="0" visitedClasses="0" numClasses="0" visitedMethods="1" numMethods="1" />
              <MetadataToken>100663411</MetadataToken>
              <Name>System.Boolean PlayerHealthTests/&lt;Player_TakeDamage&gt;d__1::MoveNext()</Name>
              <FileRef uid="2" />
              <SequencePoints>
                <SequencePoint vc="1" uspid="1779" ordinal="0" offset="31" sl="30" sc="44" el="30" ec="44" bec="0" bev="0" fileid="2" />
                <SequencePoint vc="1" uspid="1780" ordinal="0" offset="32" sl="31" sc="9" el="31" ec="9" bec="0" bev="0" fileid="2" />
                <SequencePoint vc="1" uspid="1781" ordinal="0" offset="43" sl="32" sc="9" el="32" ec="9" bec="0" bev="0" fileid="2" />
                <SequencePoint vc="1" uspid="1782" ordinal="0" offset="60" sl="33" sc="9" el="33" ec="9" bec="0" bev="0" fileid="2" />
                <SequencePoint vc="1" uspid="1783" ordinal="0" offset="71" sl="34" sc="9" el="34" ec="9" bec="0" bev="0" fileid="2" />
                <SequencePoint vc="1" uspid="1784" ordinal="0" offset="93" sl="36" sc="9" el="36" ec="9" bec="0" bev="0" fileid="2" />
                <SequencePoint vc="1" uspid="1785" ordinal="0" offset="116" sl="38" sc="9" el="38" ec="9" bec="0" bev="0" fileid="2" />
                <SequencePoint vc="1" uspid="1786" ordinal="0" offset="133" sl="39" sc="9" el="39" ec="9" bec="0" bev="0" fileid="2" />
                <SequencePoint vc="1" uspid="1787" ordinal="0" offset="165" sl="41" sc="9" el="41" ec="9" bec="0" bev="0" fileid="2" />
                <SequencePoint vc="1" uspid="1788" ordinal="0" offset="177" sl="42" sc="9" el="42" ec="9" bec="0" bev="0" fileid="2" />
                <SequencePoint vc="1" uspid="1789" ordinal="0" offset="189" sl="43" sc="5" el="43" ec="5" bec="0" bev="0" fileid="2" />
              </SequencePoints>
              <BranchPoints />
            </Method>
          </Methods>
        </Class>
        <Class>
          <Summary numSequencePoints="7" visitedSequencePoints="7" numBranchPoints="0" visitedBranchPoints="0" sequenceCoverage="100.0" branchCoverage="0.0" maxCyclomaticComplexity="0" minCyclomaticComplexity="0" maxCrapScore="0" minCrapScore="0" visitedClasses="1" numClasses="1" visitedMethods="1" numMethods="1" />
          <FullName>InventoryTests/&lt;AddItem&gt;d__7</FullName>
          <Methods>
            <Method visited="true" cyclomaticComplexity="0" nPathComplexity="0" sequenceCoverage="100.0" branchCoverage="0" crapScore="0" isConstructor="false" isStatic="false" isGetter="false" isSetter="false">
              <Summary numSequencePoints="7" visitedSequencePoints="7" numBranchPoints="0" visitedBranchPoints="0" sequenceCoverage="100.0" branchCoverage="0" maxCyclomaticComplexity="0" minCyclomaticComplexity="0" maxCrapScore="0" minCrapScore="0" visitedClasses="0" numClasses="0" visitedMethods="1" numMethods="1" />
              <MetadataToken>100663417</MetadataToken>
              <Name>System.Boolean InventoryTests/&lt;AddItem&gt;d__7::MoveNext()</Name>
              <FileRef uid="3" />
              <SequencePoints>
                <SequencePoint vc="1" uspid="1790" ordinal="0" offset="31" sl="83" sc="34" el="83" ec="34" bec="0" bev="0" fileid="3" />
                <SequencePoint vc="1" uspid="1791" ordinal="0" offset="32" sl="84" sc="9" el="84" ec="9" bec="0" bev="0" fileid="3" />
                <SequencePoint vc="1" uspid="1792" ordinal="0" offset="55" sl="85" sc="9" el="85" ec="9" bec="0" bev="0" fileid="3" />
                <SequencePoint vc="1" uspid="1793" ordinal="0" offset="78" sl="87" sc="9" el="87" ec="9" bec="0" bev="0" fileid="3" />
                <SequencePoint vc="1" uspid="1794" ordinal="0" offset="101" sl="89" sc="9" el="89" ec="9" bec="0" bev="0" fileid="3" />
                <SequencePoint vc="1" uspid="1795" ordinal="0" offset="134" sl="90" sc="9" el="90" ec="9" bec="0" bev="0" fileid="3" />
                <SequencePoint vc="1" uspid="1796" ordinal="0" offset="157" sl="91" sc="5" el="91" ec="5" bec="0" bev="0" fileid="3" />
              </SequencePoints>
              <BranchPoints />
            </Method>
          </Methods>
        </Class>
        <Class>
          <Summary numSequencePoints="9" visitedSequencePoints="9" numBranchPoints="0" visitedBranchPoints="0" sequenceCoverage="100.0" branchCoverage="0.0" maxCyclomaticComplexity="0" minCyclomaticComplexity="0" maxCrapScore="0" minCrapScore="0" visitedClasses="1" numClasses="1" visitedMethods="1" numMethods="1" />
          <FullName>InventoryTests/&lt;ConsumeBanish&gt;d__9</FullName>
          <Methods>
            <Method visited="true" cyclomaticComplexity="0" nPathComplexity="0" sequenceCoverage="100.0" branchCoverage="0" crapScore="0" isConstructor="false" isStatic="false" isGetter="false" isSetter="false">
              <Summary numSequencePoints="9" visitedSequencePoints="9" numBranchPoints="0" visitedBranchPoints="0" sequenceCoverage="100.0" branchCoverage="0" maxCyclomaticComplexity="0" minCyclomaticComplexity="0" maxCrapScore="0" minCrapScore="0" visitedClasses="0" numClasses="0" visitedMethods="1" numMethods="1" />
              <MetadataToken>100663423</MetadataToken>
              <Name>System.Boolean InventoryTests/&lt;ConsumeBanish&gt;d__9::MoveNext()</Name>
              <FileRef uid="3" />
              <SequencePoints>
                <SequencePoint vc="1" uspid="1797" ordinal="0" offset="42" sl="107" sc="40" el="107" ec="40" bec="0" bev="0" fileid="3" />
                <SequencePoint vc="1" uspid="1798" ordinal="0" offset="43" sl="108" sc="9" el="108" ec="9" bec="0" bev="0" fileid="3" />
                <SequencePoint vc="1" uspid="1799" ordinal="0" offset="66" sl="109" sc="9" el="109" ec="9" bec="0" bev="0" fileid="3" />
                <SequencePoint vc="1" uspid="1800" ordinal="0" offset="89" sl="110" sc="9" el="110" ec="9" bec="0" bev="0" fileid="3" />
                <SequencePoint vc="1" uspid="1801" ordinal="0" offset="112" sl="112" sc="9" el="112" ec="9" bec="0" bev="0" fileid="3" />
                <SequencePoint vc="1" uspid="1802" ordinal="0" offset="134" sl="113" sc="9" el="113" ec="9" bec="0" bev="0" fileid="3" />
                <SequencePoint vc="1" uspid="1803" ordinal="0" offset="157" sl="115" sc="9" el="115" ec="9" bec="0" bev="0" fileid="3" />
                <SequencePoint vc="1" uspid="1804" ordinal="0" offset="169" sl="116" sc="9" el="116" ec="9" bec="0" bev="0" fileid="3" />
                <SequencePoint vc="1" uspid="1805" ordinal="0" offset="202" sl="117" sc="5" el="117" ec="5" bec="0" bev="0" fileid="3" />
              </SequencePoints>
              <BranchPoints />
            </Method>
          </Methods>
        </Class>
        <Class>
          <Summary numSequencePoints="9" visitedSequencePoints="9" numBranchPoints="0" visitedBranchPoints="0" sequenceCoverage="100.0" branchCoverage="0.0" maxCyclomaticComplexity="0" minCyclomaticComplexity="0" maxCrapScore="0" minCrapScore="0" visitedClasses="1" numClasses="1" visitedMethods="1" numMethods="1" />
          <FullName>InventoryTests/&lt;ConsumeBattery&gt;d__8</FullName>
          <Methods>
            <Method visited="true" cyclomaticComplexity="0" nPathComplexity="0" sequenceCoverage="100.0" branchCoverage="0" crapScore="0" isConstructor="false" isStatic="false" isGetter="false" isSetter="false">
              <Summary numSequencePoints="9" visitedSequencePoints="9" numBranchPoints="0" visitedBranchPoints="0" sequenceCoverage="100.0" branchCoverage="0" maxCyclomaticComplexity="0" minCyclomaticComplexity="0" maxCrapScore="0" minCrapScore="0" visitedClasses="0" numClasses="0" visitedMethods="1" numMethods="1" />
              <MetadataToken>100663429</MetadataToken>
              <Name>System.Boolean InventoryTests/&lt;ConsumeBattery&gt;d__8::MoveNext()</Name>
              <FileRef uid="3" />
              <SequencePoints>
                <SequencePoint vc="1" uspid="1806" ordinal="0" offset="42" sl="94" sc="41" el="94" ec="41" bec="0" bev="0" fileid="3" />
                <SequencePoint vc="1" uspid="1807" ordinal="0" offset="43" sl="95" sc="9" el="95" ec="9" bec="0" bev="0" fileid="3" />
                <SequencePoint vc="1" uspid="1808" ordinal="0" offset="66" sl="96" sc="9" el="96" ec="9" bec="0" bev="0" fileid="3" />
                <SequencePoint vc="1" uspid="1809" ordinal="0" offset="89" sl="97" sc="9" el="97" ec="9" bec="0" bev="0" fileid="3" />
                <SequencePoint vc="1" uspid="1810" ordinal="0" offset="112" sl="99" sc="9" el="99" ec="9" bec="0" bev="0" fileid="3" />
                <SequencePoint vc="1" uspid="1811" ordinal="0" offset="129" sl="100" sc="9" el="100" ec="9" bec="0" bev="0" fileid="3" />
                <SequencePoint vc="1" uspid="1812" ordinal="0" offset="152" sl="102" sc="9" el="102" ec="9" bec="0" bev="0" fileid="3" />
                <SequencePoint vc="1" uspid="1813" ordinal="0" offset="185" sl="103" sc="9" el="103" ec="9" bec="0" bev="0" fileid="3" />
                <SequencePoint vc="1" uspid="1814" ordinal="0" offset="219" sl="104" sc="5" el="104" ec="5" bec="0" bev="0" fileid="3" />
              </SequencePoints>
              <BranchPoints />
            </Method>
          </Methods>
        </Class>
        <Class>
          <Summary numSequencePoints="12" visitedSequencePoints="12" numBranchPoints="0" visitedBranchPoints="0" sequenceCoverage="100.0" branchCoverage="0.0" maxCyclomaticComplexity="0" minCyclomaticComplexity="0" maxCrapScore="0" minCrapScore="0" visitedClasses="1" numClasses="1" visitedMethods="1" numMethods="1" />
          <FullName>InventoryTests/&lt;DropItem&gt;d__10</FullName>
          <Methods>
            <Method visited="true" cyclomaticComplexity="0" nPathComplexity="0" sequenceCoverage="100.0" branchCoverage="0" crapScore="0" isConstructor="false" isStatic="false" isGetter="false" isSetter="false">
              <Summary numSequencePoints="12" visitedSequencePoints="12" numBranchPoints="0" visitedBranchPoints="0" sequenceCoverage="100.0" branchCoverage="0" maxCyclomaticComplexity="0" minCyclomaticComplexity="0" maxCrapScore="0" minCrapScore="0" visitedClasses="0" numClasses="0" visitedMethods="1" numMethods="1" />
              <MetadataToken>100663435</MetadataToken>
              <Name>System.Boolean InventoryTests/&lt;DropItem&gt;d__10::MoveNext()</Name>
              <FileRef uid="3" />
              <SequencePoints>
                <SequencePoint vc="1" uspid="1815" ordinal="0" offset="45" sl="120" sc="35" el="120" ec="35" bec="0" bev="0" fileid="3" />
                <SequencePoint vc="1" uspid="1816" ordinal="0" offset="46" sl="121" sc="9" el="121" ec="9" bec="0" bev="0" fileid="3" />
                <SequencePoint vc="1" uspid="1817" ordinal="0" offset="69" sl="122" sc="9" el="122" ec="9" bec="0" bev="0" fileid="3" />
                <SequencePoint vc="1" uspid="1818" ordinal="0" offset="92" sl="123" sc="9" el="123" ec="9" bec="0" bev="0" fileid="3" />
                <SequencePoint vc="1" uspid="1819" ordinal="0" offset="115" sl="126" sc="9" el="126" ec="9" bec="0" bev="0" fileid="3" />
                <SequencePoint vc="1" uspid="1820" ordinal="0" offset="164" sl="129" sc="9" el="129" ec="9" bec="0" bev="0" fileid="3" />
                <SequencePoint vc="1" uspid="1821" ordinal="0" offset="196" sl="131" sc="9" el="131" ec="9" bec="0" bev="0" fileid="3" />
                <SequencePoint vc="1" uspid="1822" ordinal="0" offset="213" sl="132" sc="9" el="132" ec="9" bec="0" bev="0" fileid="3" />
                <SequencePoint vc="1" uspid="1823" ordinal="0" offset="236" sl="134" sc="9" el="134" ec="9" bec="0" bev="0" fileid="3" />
                <SequencePoint vc="1" uspid="1824" ordinal="0" offset="269" sl="135" sc="9" el="135" ec="9" bec="0" bev="0" fileid="3" />
                <SequencePoint vc="1" uspid="1825" ordinal="0" offset="291" sl="136" sc="9" el="136" ec="9" bec="0" bev="0" fileid="3" />
                <SequencePoint vc="1" uspid="1826" ordinal="0" offset="334" sl="137" sc="5" el="137" ec="5" bec="0" bev="0" fileid="3" />
              </SequencePoints>
              <BranchPoints />
            </Method>
          </Methods>
        </Class>
        <Class>
          <Summary numSequencePoints="18" visitedSequencePoints="18" numBranchPoints="0" visitedBranchPoints="0" sequenceCoverage="100.0" branchCoverage="0.0" maxCyclomaticComplexity="0" minCyclomaticComplexity="0" maxCrapScore="0" minCrapScore="0" visitedClasses="1" numClasses="1" visitedMethods="1" numMethods="1" />
          <FullName>InventoryTests/&lt;Setup&gt;d__5</FullName>
          <Methods>
            <Method visited="true" cyclomaticComplexity="0" nPathComplexity="0" sequenceCoverage="100.0" branchCoverage="0" crapScore="0" isConstructor="false" isStatic="false" isGetter="false" isSetter="false">
              <Summary numSequencePoints="18" visitedSequencePoints="18" numBranchPoints="0" visitedBranchPoints="0" sequenceCoverage="100.0" branchCoverage="0" maxCyclomaticComplexity="0" minCyclomaticComplexity="0" maxCrapScore="0" minCrapScore="0" visitedClasses="0" numClasses="0" visitedMethods="1" numMethods="1" />
              <MetadataToken>100663441</MetadataToken>
              <Name>System.Boolean InventoryTests/&lt;Setup&gt;d__5::MoveNext()</Name>
              <FileRef uid="3" />
              <SequencePoints>
                <SequencePoint vc="5" uspid="1827" ordinal="0" offset="34" sl="37" sc="32" el="37" ec="32" bec="0" bev="0" fileid="3" />
                <SequencePoint vc="5" uspid="1828" ordinal="0" offset="35" sl="39" sc="9" el="39" ec="9" bec="0" bev="0" fileid="3" />
                <SequencePoint vc="5" uspid="1829" ordinal="0" offset="41" sl="42" sc="9" el="42" ec="9" bec="0" bev="0" fileid="3" />
                <SequencePoint vc="5" uspid="1830" ordinal="0" offset="62" sl="43" sc="9" el="43" ec="9" bec="0" bev="0" fileid="3" />
                <SequencePoint vc="5" uspid="1831" ordinal="0" offset="89" sl="46" sc="9" el="46" ec="9" bec="0" bev="0" fileid="3" />
                <SequencePoint vc="5" uspid="1832" ordinal="0" offset="116" sl="47" sc="9" el="47" ec="9" bec="0" bev="0" fileid="3" />
                <SequencePoint vc="5" uspid="1833" ordinal="0" offset="137" sl="48" sc="9" el="48" ec="9" bec="0" bev="0" fileid="3" />
                <SequencePoint vc="5" uspid="1834" ordinal="0" offset="155" sl="51" sc="9" el="51" ec="9" bec="0" bev="0" fileid="3" />
                <SequencePoint vc="5" uspid="1835" ordinal="0" offset="167" sl="52" sc="14" el="52" ec="14" bec="0" bev="0" fileid="3" />
                <SequencePoint vc="25" uspid="1836" ordinal="0" offset="176" sl="53" sc="13" el="53" ec="13" bec="0" bev="0" fileid="3" />
                <SequencePoint vc="25" uspid="1837" ordinal="0" offset="200" sl="52" sc="32" el="52" ec="32" bec="0" bev="0" fileid="3" />
                <SequencePoint vc="30" uspid="1838" ordinal="0" offset="216" sl="52" sc="25" el="52" ec="25" bec="0" bev="0" fileid="3" />
                <SequencePoint vc="5" uspid="1839" ordinal="0" offset="229" sl="55" sc="9" el="55" ec="9" bec="0" bev="0" fileid="3" />
                <SequencePoint vc="5" uspid="1840" ordinal="0" offset="274" sl="60" sc="9" el="60" ec="9" bec="0" bev="0" fileid="3" />
                <SequencePoint vc="5" uspid="1841" ordinal="0" offset="290" sl="61" sc="9" el="61" ec="9" bec="0" bev="0" fileid="3" />
                <SequencePoint vc="5" uspid="1842" ordinal="0" offset="312" sl="62" sc="9" el="62" ec="9" bec="0" bev="0" fileid="3" />
                <SequencePoint vc="5" uspid="1843" ordinal="0" offset="362" sl="66" sc="9" el="66" ec="9" bec="0" bev="0" fileid="3" />
                <SequencePoint vc="5" uspid="1844" ordinal="0" offset="385" sl="67" sc="5" el="67" ec="5" bec="0" bev="0" fileid="3" />
              </SequencePoints>
              <BranchPoints />
            </Method>
          </Methods>
        </Class>
        <Class>
          <Summary numSequencePoints="10" visitedSequencePoints="10" numBranchPoints="0" visitedBranchPoints="0" sequenceCoverage="100.0" branchCoverage="0.0" maxCyclomaticComplexity="0" minCyclomaticComplexity="0" maxCrapScore="0" minCrapScore="0" visitedClasses="1" numClasses="1" visitedMethods="1" numMethods="1" />
          <FullName>InventoryTests/&lt;Teardown&gt;d__6</FullName>
          <Methods>
            <Method visited="true" cyclomaticComplexity="0" nPathComplexity="0" sequenceCoverage="100.0" branchCoverage="0" crapScore="0" isConstructor="false" isStatic="false" isGetter="false" isSetter="false">
              <Summary numSequencePoints="10" visitedSequencePoints="10" numBranchPoints="0" visitedBranchPoints="0" sequenceCoverage="100.0" branchCoverage="0" maxCyclomaticComplexity="0" minCyclomaticComplexity="0" maxCrapScore="0" minCrapScore="0" visitedClasses="0" numClasses="0" visitedMethods="1" numMethods="1" />
              <MetadataToken>100663447</MetadataToken>
              <Name>System.Boolean InventoryTests/&lt;Teardown&gt;d__6::MoveNext()</Name>
              <FileRef uid="3" />
              <SequencePoints>
                <SequencePoint vc="5" uspid="1845" ordinal="0" offset="34" sl="70" sc="35" el="70" ec="35" bec="0" bev="0" fileid="3" />
                <SequencePoint vc="5" uspid="1846" ordinal="0" offset="35" sl="72" sc="9" el="72" ec="9" bec="0" bev="0" fileid="3" />
                <SequencePoint vc="5" uspid="1847" ordinal="0" offset="41" sl="75" sc="9" el="75" ec="9" bec="0" bev="0" fileid="3" />
                <SequencePoint vc="5" uspid="1848" ordinal="0" offset="53" sl="76" sc="9" el="76" ec="9" bec="0" bev="0" fileid="3" />
                <SequencePoint vc="5" uspid="1849" ordinal="0" offset="54" sl="76" sc="27" el="76" ec="27" bec="0" bev="0" fileid="3" />
                <SequencePoint vc="18" uspid="1850" ordinal="0" offset="75" sl="76" sc="18" el="76" ec="18" bec="0" bev="0" fileid="3" />
                <SequencePoint vc="18" uspid="1851" ordinal="0" offset="94" sl="77" sc="13" el="77" ec="13" bec="0" bev="0" fileid="3" />
                <SequencePoint vc="23" uspid="1852" ordinal="0" offset="127" sl="76" sc="24" el="76" ec="24" bec="0" bev="0" fileid="3" />
                <SequencePoint vc="5" uspid="1853" ordinal="0" offset="150" sl="79" sc="9" el="79" ec="9" bec="0" bev="0" fileid="3" />
                <SequencePoint vc="5" uspid="1854" ordinal="0" offset="173" sl="80" sc="5" el="80" ec="5" bec="0" bev="0" fileid="3" />
              </SequencePoints>
              <BranchPoints />
            </Method>
          </Methods>
        </Class>
        <Class>
          <Summary numSequencePoints="8" visitedSequencePoints="8" numBranchPoints="0" visitedBranchPoints="0" sequenceCoverage="100.0" branchCoverage="0.0" maxCyclomaticComplexity="0" minCyclomaticComplexity="0" maxCrapScore="0" minCrapScore="0" visitedClasses="1" numClasses="1" visitedMethods="1" numMethods="1" />
          <FullName>InventoryTests/&lt;isBanishCheck&gt;d__11</FullName>
          <Methods>
            <Method visited="true" cyclomaticComplexity="0" nPathComplexity="0" sequenceCoverage="100.0" branchCoverage="0" crapScore="0" isConstructor="false" isStatic="false" isGetter="false" isSetter="false">
              <Summary numSequencePoints="8" visitedSequencePoints="8" numBranchPoints="0" visitedBranchPoints="0" sequenceCoverage="100.0" branchCoverage="0" maxCyclomaticComplexity="0" minCyclomaticComplexity="0" maxCrapScore="0" minCrapScore="0" visitedClasses="0" numClasses="0" visitedMethods="1" numMethods="1" />
              <MetadataToken>100663453</MetadataToken>
              <Name>System.Boolean InventoryTests/&lt;isBanishCheck&gt;d__11::MoveNext()</Name>
              <FileRef uid="3" />
              <SequencePoints>
                <SequencePoint vc="1" uspid="1855" ordinal="0" offset="45" sl="140" sc="40" el="140" ec="40" bec="0" bev="0" fileid="3" />
                <SequencePoint vc="1" uspid="1856" ordinal="0" offset="46" sl="141" sc="9" el="141" ec="9" bec="0" bev="0" fileid="3" />
                <SequencePoint vc="1" uspid="1857" ordinal="0" offset="80" sl="142" sc="9" el="142" ec="9" bec="0" bev="0" fileid="3" />
[...]
                <SequencePoint vc="0" uspid="2488" ordinal="0" offset="32" sl="50" sc="9" el="50" ec="9" bec="0" bev="0" fileid="24" />
                <SequencePoint vc="529" uspid="2489" ordinal="0" offset="33" sl="52" sc="9" el="52" ec="9" bec="0" bev="0" fileid="24" />
                <SequencePoint vc="529" uspid="2490" ordinal="0" offset="51" sl="54" sc="9" el="54" ec="9" bec="0" bev="0" fileid="24" />
                <SequencePoint vc="529" uspid="2491" ordinal="0" offset="58" sl="55" sc="9" el="55" ec="9" bec="0" bev="0" fileid="24" />
                <SequencePoint vc="529" uspid="2492" ordinal="0" offset="65" sl="56" sc="5" el="56" ec="5" bec="0" bev="0" fileid="24" />
              </SequencePoints>
              <BranchPoints />
            </Method>
            <Method visited="true" cyclomaticComplexity="0" nPathComplexity="0" sequenceCoverage="100.0" branchCoverage="0" crapScore="0" isConstructor="false" isStatic="false" isGetter="false" isSetter="false">
              <Summary numSequencePoints="3" visitedSequencePoints="3" numBranchPoints="0" visitedBranchPoints="0" sequenceCoverage="100.0" branchCoverage="0" maxCyclomaticComplexity="0" minCyclomaticComplexity="0" maxCrapScore="0" minCrapScore="0" visitedClasses="0" numClasses="0" visitedMethods="1" numMethods="1" />
              <MetadataToken>100663415</MetadataToken>
              <Name>System.Void PlayerHealth::HealthBarFiller()</Name>
              <FileRef uid="24" />
              <SequencePoints>
                <SequencePoint vc="529" uspid="2493" ordinal="0" offset="0" sl="58" sc="28" el="58" ec="28" bec="0" bev="0" fileid="24" />
                <SequencePoint vc="529" uspid="2494" ordinal="0" offset="1" sl="59" sc="9" el="59" ec="9" bec="0" bev="0" fileid="24" />
                <SequencePoint vc="529" uspid="2495" ordinal="0" offset="48" sl="60" sc="5" el="60" ec="5" bec="0" bev="0" fileid="24" />
              </SequencePoints>
              <BranchPoints />
            </Method>
            <Method visited="true" cyclomaticComplexity="0" nPathComplexity="0" sequenceCoverage="60.00" branchCoverage="0" crapScore="0" isConstructor="false" isStatic="false" isGetter="false" isSetter="false">
              <Summary numSequencePoints="15" visitedSequencePoints="9" numBranchPoints="0" visitedBranchPoints="0" sequenceCoverage="60.00" branchCoverage="0" maxCyclomaticComplexity="0" minCyclomaticComplexity="0" maxCrapScore="0" minCrapScore="0" visitedClasses="0" numClasses="0" visitedMethods="1" numMethods="1" />
              <MetadataToken>100663416</MetadataToken>
              <Name>System.Void PlayerHealth::ColorChanger()</Name>
              <FileRef uid="24" />
              <SequencePoints>
                <SequencePoint vc="529" uspid="2496" ordinal="0" offset="0" sl="62" sc="25" el="62" ec="25" bec="0" bev="0" fileid="24" />
                <SequencePoint vc="529" uspid="2497" ordinal="0" offset="1" sl="63" sc="9" el="63" ec="9" bec="0" bev="0" fileid="24" />
                <SequencePoint vc="529" uspid="2498" ordinal="0" offset="15" sl="65" sc="9" el="65" ec="9" bec="0" bev="0" fileid="24" />
                <SequencePoint vc="0" uspid="2499" ordinal="0" offset="49" sl="65" sc="71" el="65" ec="71" bec="0" bev="0" fileid="24" />
                <SequencePoint vc="0" uspid="2500" ordinal="0" offset="50" sl="66" sc="13" el="66" ec="13" bec="0" bev="0" fileid="24" />
                <SequencePoint vc="0" uspid="2501" ordinal="0" offset="57" sl="67" sc="13" el="67" ec="13" bec="0" bev="0" fileid="24" />
                <SequencePoint vc="0" uspid="2502" ordinal="0" offset="80" sl="68" sc="13" el="68" ec="13" bec="0" bev="0" fileid="24" />
                <SequencePoint vc="0" uspid="2503" ordinal="0" offset="117" sl="69" sc="13" el="69" ec="13" bec="0" bev="0" fileid="24" />
                <SequencePoint vc="0" uspid="2504" ordinal="0" offset="130" sl="70" sc="9" el="70" ec="9" bec="0" bev="0" fileid="24" />
                <SequencePoint vc="529" uspid="2505" ordinal="0" offset="133" sl="70" sc="16" el="70" ec="16" bec="0" bev="0" fileid="24" />
                <SequencePoint vc="529" uspid="2506" ordinal="0" offset="134" sl="71" sc="13" el="71" ec="13" bec="0" bev="0" fileid="24" />
                <SequencePoint vc="529" uspid="2507" ordinal="0" offset="141" sl="72" sc="13" el="72" ec="13" bec="0" bev="0" fileid="24" />
                <SequencePoint vc="529" uspid="2508" ordinal="0" offset="159" sl="73" sc="13" el="73" ec="13" bec="0" bev="0" fileid="24" />
                <SequencePoint vc="529" uspid="2509" ordinal="0" offset="173" sl="74" sc="9" el="74" ec="9" bec="0" bev="0" fileid="24" />
                <SequencePoint vc="529" uspid="2510" ordinal="0" offset="174" sl="75" sc="5" el="75" ec="5" bec="0" bev="0" fileid="24" />
              </SequencePoints>
              <BranchPoints />
            </Method>
            <Method visited="true" cyclomaticComplexity="0" nPathComplexity="0" sequenceCoverage="100.0" branchCoverage="0" crapScore="0" isConstructor="false" isStatic="false" isGetter="false" isSetter="false">
              <Summary numSequencePoints="9" visitedSequencePoints="9" numBranchPoints="0" visitedBranchPoints="0" sequenceCoverage="100.0" branchCoverage="0" maxCyclomaticComplexity="0" minCyclomaticComplexity="0" maxCrapScore="0" minCrapScore="0" visitedClasses="0" numClasses="0" visitedMethods="1" numMethods="1" />
              <MetadataToken>100663417</MetadataToken>
              <Name>System.Void PlayerHealth::TakeDamage(System.Single)</Name>
              <FileRef uid="24" />
              <SequencePoints>
                <SequencePoint vc="7" uspid="2511" ordinal="0" offset="0" sl="77" sc="42" el="77" ec="42" bec="0" bev="0" fileid="24" />
                <SequencePoint vc="7" uspid="2512" ordinal="0" offset="1" sl="78" sc="9" el="78" ec="9" bec="0" bev="0" fileid="24" />
                <SequencePoint vc="7" uspid="2513" ordinal="0" offset="15" sl="79" sc="9" el="79" ec="9" bec="0" bev="0" fileid="24" />
                <SequencePoint vc="7" uspid="2514" ordinal="0" offset="37" sl="80" sc="9" el="80" ec="9" bec="0" bev="0" fileid="24" />
                <SequencePoint vc="7" uspid="2515" ordinal="0" offset="64" sl="82" sc="9" el="82" ec="9" bec="0" bev="0" fileid="24" />
                <SequencePoint vc="2" uspid="2516" ordinal="0" offset="84" sl="82" sc="34" el="82" ec="34" bec="0" bev="0" fileid="24" />
                <SequencePoint vc="2" uspid="2517" ordinal="0" offset="85" sl="83" sc="13" el="83" ec="13" bec="0" bev="0" fileid="24" />
                <SequencePoint vc="2" uspid="2518" ordinal="0" offset="92" sl="84" sc="9" el="84" ec="9" bec="0" bev="0" fileid="24" />
                <SequencePoint vc="7" uspid="2519" ordinal="0" offset="93" sl="85" sc="5" el="85" ec="5" bec="0" bev="0" fileid="24" />
              </SequencePoints>
              <BranchPoints />
            </Method>
            <Method visited="true" cyclomaticComplexity="0" nPathComplexity="0" sequenceCoverage="100.0" branchCoverage="0" crapScore="0" isConstructor="false" isStatic="false" isGetter="false" isSetter="false">
              <Summary numSequencePoints="5" visitedSequencePoints="5" numBranchPoints="0" visitedBranchPoints="0" sequenceCoverage="100.0" branchCoverage="0" maxCyclomaticComplexity="0" minCyclomaticComplexity="0" maxCrapScore="0" minCrapScore="0" visitedClasses="0" numClasses="0" visitedMethods="1" numMethods="1" />
              <MetadataToken>100663418</MetadataToken>
              <Name>System.Void PlayerHealth::Heal(System.Single)</Name>
              <FileRef uid="24" />
              <SequencePoints>
                <SequencePoint vc="2" uspid="2520" ordinal="0" offset="0" sl="87" sc="36" el="87" ec="36" bec="0" bev="0" fileid="24" />
                <SequencePoint vc="2" uspid="2521" ordinal="0" offset="1" sl="88" sc="9" el="88" ec="9" bec="0" bev="0" fileid="24" />
                <SequencePoint vc="2" uspid="2522" ordinal="0" offset="15" sl="89" sc="9" el="89" ec="9" bec="0" bev="0" fileid="24" />
                <SequencePoint vc="2" uspid="2523" ordinal="0" offset="37" sl="90" sc="9" el="90" ec="9" bec="0" bev="0" fileid="24" />
                <SequencePoint vc="2" uspid="2524" ordinal="0" offset="64" sl="91" sc="5" el="91" ec="5" bec="0" bev="0" fileid="24" />
              </SequencePoints>
              <BranchPoints />
            </Method>
            <Method visited="true" cyclomaticComplexity="0" nPathComplexity="0" sequenceCoverage="62.50" branchCoverage="0" crapScore="0" isConstructor="false" isStatic="false" isGetter="false" isSetter="false">
              <Summary numSequencePoints="16" visitedSequencePoints="10" numBranchPoints="0" visitedBranchPoints="0" sequenceCoverage="62.50" branchCoverage="0" maxCyclomaticComplexity="0" minCyclomaticComplexity="0" maxCrapScore="0" minCrapScore="0" visitedClasses="0" numClasses="0" visitedMethods="1" numMethods="1" />
              <MetadataToken>100663419</MetadataToken>
              <Name>System.Void PlayerHealth::Die()</Name>
              <FileRef uid="24" />
              <SequencePoints>
                <SequencePoint vc="2" uspid="2525" ordinal="0" offset="0" sl="93" sc="24" el="93" ec="24" bec="0" bev="0" fileid="24" />
                <SequencePoint vc="2" uspid="2526" ordinal="0" offset="1" sl="94" sc="9" el="94" ec="9" bec="0" bev="0" fileid="24" />
                <SequencePoint vc="2" uspid="2527" ordinal="0" offset="12" sl="96" sc="9" el="96" ec="9" bec="0" bev="0" fileid="24" />
                <SequencePoint vc="1" uspid="2528" ordinal="0" offset="28" sl="96" sc="33" el="96" ec="33" bec="0" bev="0" fileid="24" />
                <SequencePoint vc="1" uspid="2529" ordinal="0" offset="29" sl="97" sc="13" el="97" ec="13" bec="0" bev="0" fileid="24" />
                <SequencePoint vc="1" uspid="2530" ordinal="0" offset="42" sl="98" sc="9" el="98" ec="9" bec="0" bev="0" fileid="24" />
                <SequencePoint vc="2" uspid="2531" ordinal="0" offset="43" sl="101" sc="9" el="101" ec="9" bec="0" bev="0" fileid="24" />
                <SequencePoint vc="2" uspid="2532" ordinal="0" offset="50" sl="102" sc="9" el="102" ec="9" bec="0" bev="0" fileid="24" />
                <SequencePoint vc="0" uspid="2533" ordinal="0" offset="61" sl="102" sc="35" el="102" ec="35" bec="0" bev="0" fileid="24" />
                <SequencePoint vc="0" uspid="2534" ordinal="0" offset="62" sl="103" sc="13" el="103" ec="13" bec="0" bev="0" fileid="24" />
                <SequencePoint vc="0" uspid="2535" ordinal="0" offset="70" sl="104" sc="9" el="104" ec="9" bec="0" bev="0" fileid="24" />
                <SequencePoint vc="2" uspid="2536" ordinal="0" offset="71" sl="107" sc="9" el="107" ec="9" bec="0" bev="0" fileid="24" />
                <SequencePoint vc="0" uspid="2537" ordinal="0" offset="84" sl="107" sc="30" el="107" ec="30" bec="0" bev="0" fileid="24" />
                <SequencePoint vc="0" uspid="2538" ordinal="0" offset="85" sl="108" sc="13" el="108" ec="13" bec="0" bev="0" fileid="24" />
                <SequencePoint vc="0" uspid="2539" ordinal="0" offset="98" sl="109" sc="9" el="109" ec="9" bec="0" bev="0" fileid="24" />
                <SequencePoint vc="2" uspid="2540" ordinal="0" offset="99" sl="110" sc="5" el="110" ec="5" bec="0" bev="0" fileid="24" />
              </SequencePoints>
              <BranchPoints />
            </Method>
            <Method visited="true" cyclomaticComplexity="0" nPathComplexity="0" sequenceCoverage="70.97" branchCoverage="0" crapScore="0" isConstructor="false" isStatic="false" isGetter="false" isSetter="false">
              <Summary numSequencePoints="31" visitedSequencePoints="22" numBranchPoints="0" visitedBranchPoints="0" sequenceCoverage="70.97" branchCoverage="0" maxCyclomaticComplexity="0" minCyclomaticComplexity="0" maxCrapScore="0" minCrapScore="0" visitedClasses="0" numClasses="0" visitedMethods="1" numMethods="1" />
              <MetadataToken>100663420</MetadataToken>
              <Name>System.Void PlayerHealth::Resurrect()</Name>
              <FileRef uid="24" />
              <SequencePoints>
                <SequencePoint vc="1" uspid="2541" ordinal="0" offset="0" sl="112" sc="29" el="112" ec="29" bec="0" bev="0" fileid="24" />
                <SequencePoint vc="1" uspid="2542" ordinal="0" offset="1" sl="113" sc="9" el="113" ec="9" bec="0" bev="0" fileid="24" />
                <SequencePoint vc="1" uspid="2543" ordinal="0" offset="12" sl="115" sc="9" el="115" ec="9" bec="0" bev="0" fileid="24" />
                <SequencePoint vc="1" uspid="2544" ordinal="0" offset="28" sl="115" sc="33" el="115" ec="33" bec="0" bev="0" fileid="24" />
                <SequencePoint vc="1" uspid="2545" ordinal="0" offset="29" sl="116" sc="13" el="116" ec="13" bec="0" bev="0" fileid="24" />
                <SequencePoint vc="1" uspid="2546" ordinal="0" offset="42" sl="117" sc="9" el="117" ec="9" bec="0" bev="0" fileid="24" />
                <SequencePoint vc="1" uspid="2547" ordinal="0" offset="43" sl="119" sc="9" el="119" ec="9" bec="0" bev="0" fileid="24" />
                <SequencePoint vc="1" uspid="2548" ordinal="0" offset="55" sl="121" sc="9" el="121" ec="9" bec="0" bev="0" fileid="24" />
                <SequencePoint vc="1" uspid="2549" ordinal="0" offset="68" sl="121" sc="30" el="121" ec="30" bec="0" bev="0" fileid="24" />
                <SequencePoint vc="1" uspid="2550" ordinal="0" offset="69" sl="122" sc="13" el="122" ec="13" bec="0" bev="0" fileid="24" />
                <SequencePoint vc="1" uspid="2551" ordinal="0" offset="92" sl="123" sc="13" el="123" ec="13" bec="0" bev="0" fileid="24" />
                <SequencePoint vc="1" uspid="2552" ordinal="0" offset="105" sl="124" sc="9" el="124" ec="9" bec="0" bev="0" fileid="24" />
                <SequencePoint vc="1" uspid="2553" ordinal="0" offset="106" sl="126" sc="9" el="126" ec="9" bec="0" bev="0" fileid="24" />
                <SequencePoint vc="1" uspid="2554" ordinal="0" offset="119" sl="126" sc="31" el="126" ec="31" bec="0" bev="0" fileid="24" />
                <SequencePoint vc="1" uspid="2555" ordinal="0" offset="120" sl="127" sc="13" el="127" ec="13" bec="0" bev="0" fileid="24" />
                <SequencePoint vc="1" uspid="2556" ordinal="0" offset="133" sl="128" sc="13" el="128" ec="13" bec="0" bev="0" fileid="24" />
                <SequencePoint vc="1" uspid="2557" ordinal="0" offset="150" sl="129" sc="9" el="129" ec="9" bec="0" bev="0" fileid="24" />
                <SequencePoint vc="1" uspid="2558" ordinal="0" offset="151" sl="131" sc="9" el="131" ec="9" bec="0" bev="0" fileid="24" />
                <SequencePoint vc="1" uspid="2559" ordinal="0" offset="158" sl="132" sc="9" el="132" ec="9" bec="0" bev="0" fileid="24" />
                <SequencePoint vc="0" uspid="2560" ordinal="0" offset="171" sl="132" sc="35" el="132" ec="35" bec="0" bev="0" fileid="24" />
                <SequencePoint vc="0" uspid="2561" ordinal="0" offset="172" sl="133" sc="13" el="133" ec="13" bec="0" bev="0" fileid="24" />
                <SequencePoint vc="0" uspid="2562" ordinal="0" offset="180" sl="134" sc="9" el="134" ec="9" bec="0" bev="0" fileid="24" />
                <SequencePoint vc="1" uspid="2563" ordinal="0" offset="181" sl="136" sc="9" el="136" ec="9" bec="0" bev="0" fileid="24" />
                <SequencePoint vc="0" uspid="2564" ordinal="0" offset="216" sl="136" sc="61" el="136" ec="61" bec="0" bev="0" fileid="24" />
                <SequencePoint vc="0" uspid="2565" ordinal="0" offset="217" sl="137" sc="13" el="137" ec="13" bec="0" bev="0" fileid="24" />
                <SequencePoint vc="0" uspid="2566" ordinal="0" offset="230" sl="138" sc="13" el="138" ec="13" bec="0" bev="0" fileid="24" />
                <SequencePoint vc="0" uspid="2567" ordinal="0" offset="253" sl="139" sc="13" el="139" ec="13" bec="0" bev="0" fileid="24" />
                <SequencePoint vc="0" uspid="2568" ordinal="0" offset="276" sl="140" sc="13" el="140" ec="13" bec="0" bev="0" fileid="24" />
                <SequencePoint vc="0" uspid="2569" ordinal="0" offset="289" sl="141" sc="9" el="141" ec="9" bec="0" bev="0" fileid="24" />
                <SequencePoint vc="1" uspid="2570" ordinal="0" offset="290" sl="143" sc="9" el="143" ec="9" bec="0" bev="0" fileid="24" />
                <SequencePoint vc="1" uspid="2571" ordinal="0" offset="317" sl="144" sc="5" el="144" ec="5" bec="0" bev="0" fileid="24" />
              </SequencePoints>
              <BranchPoints />
            </Method>
            <Method visited="true" cyclomaticComplexity="0" nPathComplexity="0" sequenceCoverage="100.0" branchCoverage="0" crapScore="0" isConstructor="true" isStatic="false" isGetter="false" isSetter="false">
              <Summary numSequencePoints="4" visitedSequencePoints="4" numBranchPoints="0" visitedBranchPoints="0" sequenceCoverage="100.0" branchCoverage="0" maxCyclomaticComplexity="0" minCyclomaticComplexity="0" maxCrapScore="0" minCrapScore="0" visitedClasses="0" numClasses="0" visitedMethods="1" numMethods="1" />
              <MetadataToken>100663421</MetadataToken>
              <Name>PlayerHealth::PlayerHealth()</Name>
              <FileRef uid="24" />
              <SequencePoints>
                <SequencePoint vc="9" uspid="2572" ordinal="0" offset="0" sl="5" sc="5" el="5" ec="5" bec="0" bev="0" fileid="24" />
                <SequencePoint vc="9" uspid="2573" ordinal="0" offset="11" sl="13" sc="5" el="13" ec="5" bec="0" bev="0" fileid="24" />
                <SequencePoint vc="9" uspid="2574" ordinal="0" offset="22" sl="14" sc="5" el="14" ec="5" bec="0" bev="0" fileid="24" />
                <SequencePoint vc="9" uspid="2575" ordinal="0" offset="33" sl="15" sc="5" el="15" ec="5" bec="0" bev="0" fileid="24" />
              </SequencePoints>
              <BranchPoints />
            </Method>
          </Methods>
        </Class>
        <Class>
          <Summary numSequencePoints="5" visitedSequencePoints="5" numBranchPoints="0" visitedBranchPoints="0" sequenceCoverage="100.0" branchCoverage="0.0" maxCyclomaticComplexity="0" minCyclomaticComplexity="0" maxCrapScore="0" minCrapScore="0" visitedClasses="1" numClasses="1" visitedMethods="1" numMethods="1" />
          <FullName>PowerManager</FullName>
          <Methods>
            <Method visited="true" cyclomaticComplexity="0" nPathComplexity="0" sequenceCoverage="100.0" branchCoverage="0" crapScore="0" isConstructor="true" isStatic="false" isGetter="false" isSetter="false">
              <Summary numSequencePoints="5" visitedSequencePoints="5" numBranchPoints="0" visitedBranchPoints="0" sequenceCoverage="100.0" branchCoverage="0" maxCyclomaticComplexity="0" minCyclomaticComplexity="0" maxCrapScore="0" minCrapScore="0" visitedClasses="0" numClasses="0" visitedMethods="1" numMethods="1" />
              <MetadataToken>100663446</MetadataToken>
              <Name>PowerManager::PowerManager()</Name>
              <FileRef uid="30" />
              <SequencePoints>
                <SequencePoint vc="5" uspid="2767" ordinal="0" offset="0" sl="6" sc="5" el="6" ec="5" bec="0" bev="0" fileid="30" />
                <SequencePoint vc="5" uspid="2768" ordinal="0" offset="11" sl="7" sc="5" el="7" ec="5" bec="0" bev="0" fileid="30" />
                <SequencePoint vc="5" uspid="2769" ordinal="0" offset="22" sl="8" sc="5" el="8" ec="5" bec="0" bev="0" fileid="30" />
                <SequencePoint vc="5" uspid="2770" ordinal="0" offset="33" sl="9" sc="5" el="9" ec="5" bec="0" bev="0" fileid="30" />
                <SequencePoint vc="5" uspid="2771" ordinal="0" offset="44" sl="10" sc="5" el="10" ec="5" bec="0" bev="0" fileid="30" />
              </SequencePoints>
              <BranchPoints />
            </Method>
          </Methods>
        </Class>
      </Classes>
    </Module>
  </Modules>
</CoverageSession>