<?xml version="1.0" encoding="utf-8"?>
<CoverageSession xmlns:xsd="http://www.w3.org/2001/XMLSchema" xmlns:xsi="http://www.w3.org/2001/XMLSchema-instance" Version="0.0.0.0">
  <Summary numSequencePoints="570" visitedSequencePoints="499" numBranchPoints="0" visitedBranchPoints="0" sequenceCoverage="87.54" branchCoverage="0.0" maxCyclomaticComplexity="0" minCyclomaticComplexity="0" maxCrapScore="0" minCrapScore="0" visitedClasses="21" numClasses="21" visitedMethods="87" numMethods="87" />
  <Modules>
    <Module>
      <Summary numSequencePoints="570" visitedSequencePoints="499" numBranchPoints="0" visitedBranchPoints="0" sequenceCoverage="87.54" branchCoverage="0.0" maxCyclomaticComplexity="0" minCyclomaticComplexity="0" maxCrapScore="0" minCrapScore="0" visitedClasses="21" numClasses="21" visitedMethods="87" numMethods="87" />
      <ModuleTime>0001-01-01T00:00:00</ModuleTime>
      <ModuleName>Scripts</ModuleName>
      <Files>
        <File uid="6" fullPath="C:/Users/Colin/OneDrive/Documents/GitHub/Fading-Light/Assets/Scripts/BanishItem.cs" />
        <File uid="7" fullPath="C:/Users/Colin/OneDrive/Documents/GitHub/Fading-Light/Assets/Scripts/Button.cs" />
        <File uid="8" fullPath="C:/Users/Colin/OneDrive/Documents/GitHub/Fading-Light/Assets/Scripts/DamageZone.cs" />
        <File uid="9" fullPath="C:/Users/Colin/OneDrive/Documents/GitHub/Fading-Light/Assets/Scripts/EnemyMovement.cs" />
        <File uid="10" fullPath="C:/Users/Colin/OneDrive/Documents/GitHub/Fading-Light/Assets/Scripts/Flashlight.cs" />
        <File uid="11" fullPath="C:/Users/Colin/OneDrive/Documents/GitHub/Fading-Light/Assets/Scripts/FlashlightLogic.cs" />
        <File uid="12" fullPath="C:/Users/Colin/OneDrive/Documents/GitHub/Fading-Light/Assets/Scripts/InputManager.cs" />
        <File uid="13" fullPath="C:/Users/Colin/OneDrive/Documents/GitHub/Fading-Light/Assets/Scripts/InputSystem_Actions.cs" />
        <File uid="14" fullPath="C:/Users/Colin/OneDrive/Documents/GitHub/Fading-Light/Assets/Scripts/Interactable.cs" />
        <File uid="15" fullPath="C:/Users/Colin/OneDrive/Documents/GitHub/Fading-Light/Assets/Scripts/Interactables/Banish.cs" />
        <File uid="16" fullPath="C:/Users/Colin/OneDrive/Documents/GitHub/Fading-Light/Assets/Scripts/Interactables/Battery.cs" />
        <File uid="17" fullPath="C:/Users/Colin/OneDrive/Documents/GitHub/Fading-Light/Assets/Scripts/Interactables/DamageProtection.cs" />
        <File uid="18" fullPath="C:/Users/Colin/OneDrive/Documents/GitHub/Fading-Light/Assets/Scripts/Interactables/FriendResurrection.cs" />
        <File uid="19" fullPath="C:/Users/Colin/OneDrive/Documents/GitHub/Fading-Light/Assets/Scripts/Interactables/PortableBanish.cs" />
        <File uid="20" fullPath="C:/Users/Colin/OneDrive/Documents/GitHub/Fading-Light/Assets/Scripts/Interactables/SpeedBoost.cs" />
        <File uid="21" fullPath="C:/Users/Colin/OneDrive/Documents/GitHub/Fading-Light/Assets/Scripts/Inventory.cs" />
        <File uid="22" fullPath="C:/Users/Colin/OneDrive/Documents/GitHub/Fading-Light/Assets/Scripts/Item.cs" />
        <File uid="23" fullPath="C:/Users/Colin/OneDrive/Documents/GitHub/Fading-Light/Assets/Scripts/PlayerCoordinates.cs" />
        <File uid="24" fullPath="C:/Users/Colin/OneDrive/Documents/GitHub/Fading-Light/Assets/Scripts/PlayerHealth.cs" />
        <File uid="25" fullPath="C:/Users/Colin/OneDrive/Documents/GitHub/Fading-Light/Assets/Scripts/PlayerInteract.cs" />
        <File uid="26" fullPath="C:/Users/Colin/OneDrive/Documents/GitHub/Fading-Light/Assets/Scripts/PlayerLook.cs" />
        <File uid="27" fullPath="C:/Users/Colin/OneDrive/Documents/GitHub/Fading-Light/Assets/Scripts/PlayerMotor.cs" />
        <File uid="28" fullPath="C:/Users/Colin/OneDrive/Documents/GitHub/Fading-Light/Assets/Scripts/PlayerMovement.cs" />
        <File uid="29" fullPath="C:/Users/Colin/OneDrive/Documents/GitHub/Fading-Light/Assets/Scripts/PlayerUI.cs" />
        <File uid="30" fullPath="C:/Users/Colin/OneDrive/Documents/GitHub/Fading-Light/Assets/Scripts/PowerManager.cs" />
        <File uid="31" fullPath="C:/Users/Colin/OneDrive/Documents/GitHub/Fading-Light/Assets/Scripts/PrefabSpawner.cs" />
        <File uid="32" fullPath="C:/Users/Colin/OneDrive/Documents/GitHub/Fading-Light/Assets/Scripts/Stamina.cs" />
      </Files>
      <Classes>
        <Class>
          <Summary numSequencePoints="7" visitedSequencePoints="7" numBranchPoints="0" visitedBranchPoints="0" sequenceCoverage="100.0" branchCoverage="0.0" maxCyclomaticComplexity="0" minCyclomaticComplexity="0" maxCrapScore="0" minCrapScore="0" visitedClasses="1" numClasses="1" visitedMethods="1" numMethods="1" />
          <FullName>BanishItem</FullName>
          <Methods>
            <Method visited="true" cyclomaticComplexity="0" nPathComplexity="0" sequenceCoverage="100.0" branchCoverage="0" crapScore="0" isConstructor="false" isStatic="false" isGetter="false" isSetter="false">
              <Summary numSequencePoints="7" visitedSequencePoints="7" numBranchPoints="0" visitedBranchPoints="0" sequenceCoverage="100.0" branchCoverage="0" maxCyclomaticComplexity="0" minCyclomaticComplexity="0" maxCrapScore="0" minCrapScore="0" visitedClasses="0" numClasses="0" visitedMethods="1" numMethods="1" />
              <MetadataToken>100663297</MetadataToken>
              <Name>System.Void BanishItem::Interact()</Name>
              <FileRef uid="6" />
              <SequencePoints>
                <SequencePoint vc="8" uspid="316" ordinal="0" offset="0" sl="4" sc="40" el="4" ec="40" bec="0" bev="0" fileid="6" />
                <SequencePoint vc="8" uspid="317" ordinal="0" offset="1" sl="5" sc="9" el="5" ec="9" bec="0" bev="0" fileid="6" />
                <SequencePoint vc="8" uspid="318" ordinal="0" offset="12" sl="6" sc="9" el="6" ec="9" bec="0" bev="0" fileid="6" />
                <SequencePoint vc="4" uspid="319" ordinal="0" offset="21" sl="6" sc="30" el="6" ec="30" bec="0" bev="0" fileid="6" />
                <SequencePoint vc="4" uspid="320" ordinal="0" offset="22" sl="7" sc="13" el="7" ec="13" bec="0" bev="0" fileid="6" />
                <SequencePoint vc="4" uspid="321" ordinal="0" offset="31" sl="8" sc="9" el="8" ec="9" bec="0" bev="0" fileid="6" />
                <SequencePoint vc="8" uspid="322" ordinal="0" offset="32" sl="9" sc="5" el="9" ec="5" bec="0" bev="0" fileid="6" />
              </SequencePoints>
              <BranchPoints />
            </Method>
          </Methods>
        </Class>
        <Class>
          <Summary numSequencePoints="4" visitedSequencePoints="4" numBranchPoints="0" visitedBranchPoints="0" sequenceCoverage="100.0" branchCoverage="0.0" maxCyclomaticComplexity="0" minCyclomaticComplexity="0" maxCrapScore="0" minCrapScore="0" visitedClasses="1" numClasses="1" visitedMethods="1" numMethods="1" />
          <FullName>Button</FullName>
          <Methods>
            <Method visited="true" cyclomaticComplexity="0" nPathComplexity="0" sequenceCoverage="100.0" branchCoverage="0" crapScore="0" isConstructor="false" isStatic="false" isGetter="false" isSetter="false">
              <Summary numSequencePoints="4" visitedSequencePoints="4" numBranchPoints="0" visitedBranchPoints="0" sequenceCoverage="100.0" branchCoverage="0" maxCyclomaticComplexity="0" minCyclomaticComplexity="0" maxCrapScore="0" minCrapScore="0" visitedClasses="0" numClasses="0" visitedMethods="1" numMethods="1" />
              <MetadataToken>100663300</MetadataToken>
              <Name>System.Void Button::Interact()</Name>
              <FileRef uid="7" />
              <SequencePoints>
                <SequencePoint vc="22" uspid="326" ordinal="0" offset="0" sl="8" sc="5" el="8" ec="5" bec="0" bev="0" fileid="7" />
                <SequencePoint vc="22" uspid="327" ordinal="0" offset="1" sl="9" sc="9" el="9" ec="9" bec="0" bev="0" fileid="7" />
                <SequencePoint vc="22" uspid="328" ordinal="0" offset="13" sl="10" sc="9" el="10" ec="9" bec="0" bev="0" fileid="7" />
                <SequencePoint vc="22" uspid="329" ordinal="0" offset="24" sl="11" sc="5" el="11" ec="5" bec="0" bev="0" fileid="7" />
              </SequencePoints>
              <BranchPoints />
            </Method>
          </Methods>
        </Class>
        <Class>
          <Summary numSequencePoints="13" visitedSequencePoints="7" numBranchPoints="0" visitedBranchPoints="0" sequenceCoverage="53.85" branchCoverage="0.0" maxCyclomaticComplexity="0" minCyclomaticComplexity="0" maxCrapScore="0" minCrapScore="0" visitedClasses="1" numClasses="1" visitedMethods="2" numMethods="2" />
          <FullName>GhostDamage</FullName>
          <Methods>
            <Method visited="true" cyclomaticComplexity="0" nPathComplexity="0" sequenceCoverage="40.00" branchCoverage="0" crapScore="0" isConstructor="false" isStatic="false" isGetter="false" isSetter="false">
              <Summary numSequencePoints="10" visitedSequencePoints="4" numBranchPoints="0" visitedBranchPoints="0" sequenceCoverage="40.00" branchCoverage="0" maxCyclomaticComplexity="0" minCyclomaticComplexity="0" maxCrapScore="0" minCrapScore="0" visitedClasses="0" numClasses="0" visitedMethods="1" numMethods="1" />
              <MetadataToken>100663304</MetadataToken>
              <Name>System.Void GhostDamage::FixedUpdate()</Name>
              <FileRef uid="8" />
              <SequencePoints>
                <SequencePoint vc="8844" uspid="340" ordinal="0" offset="0" sl="22" sc="32" el="22" ec="32" bec="0" bev="0" fileid="8" />
                <SequencePoint vc="8844" uspid="341" ordinal="0" offset="1" sl="23" sc="9" el="23" ec="9" bec="0" bev="0" fileid="8" />
                <SequencePoint vc="8844" uspid="342" ordinal="0" offset="17" sl="23" sc="35" el="23" ec="35" bec="0" bev="0" fileid="8" />
                <SequencePoint vc="0" uspid="343" ordinal="0" offset="19" sl="25" sc="9" el="25" ec="9" bec="0" bev="0" fileid="8" />
                <SequencePoint vc="0" uspid="344" ordinal="0" offset="46" sl="25" sc="59" el="25" ec="59" bec="0" bev="0" fileid="8" />
                <SequencePoint vc="0" uspid="345" ordinal="0" offset="47" sl="26" sc="13" el="26" ec="13" bec="0" bev="0" fileid="8" />
                <SequencePoint vc="0" uspid="346" ordinal="0" offset="65" sl="27" sc="13" el="27" ec="13" bec="0" bev="0" fileid="8" />
                <SequencePoint vc="0" uspid="347" ordinal="0" offset="76" sl="28" sc="13" el="28" ec="13" bec="0" bev="0" fileid="8" />
                <SequencePoint vc="0" uspid="348" ordinal="0" offset="108" sl="29" sc="9" el="29" ec="9" bec="0" bev="0" fileid="8" />
                <SequencePoint vc="8844" uspid="349" ordinal="0" offset="109" sl="30" sc="5" el="30" ec="5" bec="0" bev="0" fileid="8" />
              </SequencePoints>
              <BranchPoints />
            </Method>
            <Method visited="true" cyclomaticComplexity="0" nPathComplexity="0" sequenceCoverage="100.0" branchCoverage="0" crapScore="0" isConstructor="true" isStatic="false" isGetter="false" isSetter="false">
              <Summary numSequencePoints="3" visitedSequencePoints="3" numBranchPoints="0" visitedBranchPoints="0" sequenceCoverage="100.0" branchCoverage="0" maxCyclomaticComplexity="0" minCyclomaticComplexity="0" maxCrapScore="0" minCrapScore="0" visitedClasses="0" numClasses="0" visitedMethods="1" numMethods="1" />
              <MetadataToken>100663306</MetadataToken>
              <Name>GhostDamage::GhostDamage()</Name>
              <FileRef uid="8" />
              <SequencePoints>
                <SequencePoint vc="8" uspid="354" ordinal="0" offset="0" sl="4" sc="5" el="4" ec="5" bec="0" bev="0" fileid="8" />
                <SequencePoint vc="8" uspid="355" ordinal="0" offset="11" sl="5" sc="5" el="5" ec="5" bec="0" bev="0" fileid="8" />
                <SequencePoint vc="8" uspid="356" ordinal="0" offset="22" sl="6" sc="5" el="6" ec="5" bec="0" bev="0" fileid="8" />
              </SequencePoints>
              <BranchPoints />
            </Method>
          </Methods>
        </Class>
        <Class>
          <Summary numSequencePoints="47" visitedSequencePoints="36" numBranchPoints="0" visitedBranchPoints="0" sequenceCoverage="76.60" branchCoverage="0.0" maxCyclomaticComplexity="0" minCyclomaticComplexity="0" maxCrapScore="0" minCrapScore="0" visitedClasses="1" numClasses="1" visitedMethods="4" numMethods="4" />
          <FullName>Flashlight</FullName>
          <Methods>
            <Method visited="true" cyclomaticComplexity="0" nPathComplexity="0" sequenceCoverage="100.0" branchCoverage="0" crapScore="0" isConstructor="false" isStatic="false" isGetter="false" isSetter="false">
              <Summary numSequencePoints="12" visitedSequencePoints="12" numBranchPoints="0" visitedBranchPoints="0" sequenceCoverage="100.0" branchCoverage="0" maxCyclomaticComplexity="0" minCyclomaticComplexity="0" maxCrapScore="0" minCrapScore="0" visitedClasses="0" numClasses="0" visitedMethods="1" numMethods="1" />
              <MetadataToken>100663313</MetadataToken>
              <Name>System.Void Flashlight::Start()</Name>
              <FileRef uid="10" />
              <SequencePoints>
                <SequencePoint vc="2" uspid="506" ordinal="0" offset="0" sl="13" sc="5" el="13" ec="5" bec="0" bev="0" fileid="10" />
                <SequencePoint vc="2" uspid="507" ordinal="0" offset="1" sl="14" sc="9" el="14" ec="9" bec="0" bev="0" fileid="10" />
                <SequencePoint vc="2" uspid="508" ordinal="0" offset="12" sl="15" sc="9" el="15" ec="9" bec="0" bev="0" fileid="10" />
                <SequencePoint vc="2" uspid="509" ordinal="0" offset="19" sl="16" sc="9" el="16" ec="9" bec="0" bev="0" fileid="10" />
                <SequencePoint vc="2" uspid="510" ordinal="0" offset="26" sl="17" sc="9" el="17" ec="9" bec="0" bev="0" fileid="10" />
                <SequencePoint vc="2" uspid="511" ordinal="0" offset="38" sl="18" sc="9" el="18" ec="9" bec="0" bev="0" fileid="10" />
                <SequencePoint vc="2" uspid="512" ordinal="0" offset="50" sl="19" sc="9" el="19" ec="9" bec="0" bev="0" fileid="10" />
                <SequencePoint vc="1" uspid="513" ordinal="0" offset="66" sl="20" sc="9" el="20" ec="9" bec="0" bev="0" fileid="10" />
                <SequencePoint vc="1" uspid="514" ordinal="0" offset="67" sl="21" sc="13" el="21" ec="13" bec="0" bev="0" fileid="10" />
                <SequencePoint vc="1" uspid="515" ordinal="0" offset="80" sl="22" sc="13" el="22" ec="13" bec="0" bev="0" fileid="10" />
                <SequencePoint vc="1" uspid="516" ordinal="0" offset="97" sl="23" sc="9" el="23" ec="9" bec="0" bev="0" fileid="10" />
                <SequencePoint vc="2" uspid="517" ordinal="0" offset="98" sl="24" sc="5" el="24" ec="5" bec="0" bev="0" fileid="10" />
              </SequencePoints>
              <BranchPoints />
            </Method>
            <Method visited="true" cyclomaticComplexity="0" nPathComplexity="0" sequenceCoverage="62.07" branchCoverage="0" crapScore="0" isConstructor="false" isStatic="false" isGetter="false" isSetter="false">
              <Summary numSequencePoints="29" visitedSequencePoints="18" numBranchPoints="0" visitedBranchPoints="0" sequenceCoverage="62.07" branchCoverage="0" maxCyclomaticComplexity="0" minCyclomaticComplexity="0" maxCrapScore="0" minCrapScore="0" visitedClasses="0" numClasses="0" visitedMethods="1" numMethods="1" />
              <MetadataToken>100663314</MetadataToken>
              <Name>System.Void Flashlight::Update()</Name>
              <FileRef uid="10" />
              <SequencePoints>
                <SequencePoint vc="23104" uspid="518" ordinal="0" offset="0" sl="27" sc="5" el="27" ec="5" bec="0" bev="0" fileid="10" />
                <SequencePoint vc="23104" uspid="519" ordinal="0" offset="1" sl="28" sc="9" el="28" ec="9" bec="0" bev="0" fileid="10" />
                <SequencePoint vc="0" uspid="520" ordinal="0" offset="43" sl="28" sc="64" el="28" ec="64" bec="0" bev="0" fileid="10" />
                <SequencePoint vc="0" uspid="521" ordinal="0" offset="44" sl="29" sc="13" el="29" ec="13" bec="0" bev="0" fileid="10" />
                <SequencePoint vc="0" uspid="522" ordinal="0" offset="55" sl="30" sc="13" el="30" ec="13" bec="0" bev="0" fileid="10" />
                <SequencePoint vc="0" uspid="523" ordinal="0" offset="65" sl="30" sc="34" el="30" ec="34" bec="0" bev="0" fileid="10" />
                <SequencePoint vc="0" uspid="524" ordinal="0" offset="66" sl="31" sc="17" el="31" ec="17" bec="0" bev="0" fileid="10" />
                <SequencePoint vc="0" uspid="525" ordinal="0" offset="73" sl="32" sc="13" el="32" ec="13" bec="0" bev="0" fileid="10" />
                <SequencePoint vc="0" uspid="526" ordinal="0" offset="74" sl="33" sc="13" el="33" ec="13" bec="0" bev="0" fileid="10" />
                <SequencePoint vc="0" uspid="527" ordinal="0" offset="84" sl="33" sc="33" el="33" ec="33" bec="0" bev="0" fileid="10" />
                <SequencePoint vc="0" uspid="528" ordinal="0" offset="85" sl="34" sc="17" el="34" ec="17" bec="0" bev="0" fileid="10" />
                <SequencePoint vc="0" uspid="529" ordinal="0" offset="92" sl="35" sc="13" el="35" ec="13" bec="0" bev="0" fileid="10" />
                <SequencePoint vc="0" uspid="530" ordinal="0" offset="93" sl="36" sc="13" el="36" ec="13" bec="0" bev="0" fileid="10" />
                <SequencePoint vc="23104" uspid="531" ordinal="0" offset="98" sl="38" sc="14" el="38" ec="14" bec="0" bev="0" fileid="10" />
                <SequencePoint vc="21923" uspid="532" ordinal="0" offset="122" sl="39" sc="9" el="39" ec="9" bec="0" bev="0" fileid="10" />
                <SequencePoint vc="21923" uspid="533" ordinal="0" offset="123" sl="40" sc="13" el="40" ec="13" bec="0" bev="0" fileid="10" />
                <SequencePoint vc="21923" uspid="534" ordinal="0" offset="134" sl="41" sc="9" el="41" ec="9" bec="0" bev="0" fileid="10" />
                <SequencePoint vc="1181" uspid="535" ordinal="0" offset="137" sl="42" sc="14" el="42" ec="14" bec="0" bev="0" fileid="10" />
                <SequencePoint vc="482" uspid="536" ordinal="0" offset="163" sl="43" sc="9" el="43" ec="9" bec="0" bev="0" fileid="10" />
                <SequencePoint vc="482" uspid="537" ordinal="0" offset="164" sl="44" sc="13" el="44" ec="13" bec="0" bev="0" fileid="10" />
                <SequencePoint vc="482" uspid="538" ordinal="0" offset="175" sl="45" sc="9" el="45" ec="9" bec="0" bev="0" fileid="10" />
                <SequencePoint vc="699" uspid="539" ordinal="0" offset="178" sl="47" sc="9" el="47" ec="9" bec="0" bev="0" fileid="10" />
                <SequencePoint vc="699" uspid="540" ordinal="0" offset="179" sl="48" sc="13" el="48" ec="13" bec="0" bev="0" fileid="10" />
                <SequencePoint vc="699" uspid="541" ordinal="0" offset="190" sl="49" sc="9" el="49" ec="9" bec="0" bev="0" fileid="10" />
                <SequencePoint vc="23104" uspid="542" ordinal="0" offset="191" sl="50" sc="9" el="50" ec="9" bec="0" bev="0" fileid="10" />
                <SequencePoint vc="11552" uspid="543" ordinal="0" offset="209" sl="51" sc="9" el="51" ec="9" bec="0" bev="0" fileid="10" />
                <SequencePoint vc="11552" uspid="544" ordinal="0" offset="210" sl="52" sc="13" el="52" ec="13" bec="0" bev="0" fileid="10" />
                <SequencePoint vc="11552" uspid="545" ordinal="0" offset="228" sl="53" sc="9" el="53" ec="9" bec="0" bev="0" fileid="10" />
                <SequencePoint vc="23104" uspid="546" ordinal="0" offset="229" sl="54" sc="5" el="54" ec="5" bec="0" bev="0" fileid="10" />
              </SequencePoints>
              <BranchPoints />
            </Method>
            <Method visited="true" cyclomaticComplexity="0" nPathComplexity="0" sequenceCoverage="100.0" branchCoverage="0" crapScore="0" isConstructor="false" isStatic="false" isGetter="false" isSetter="false">
              <Summary numSequencePoints="3" visitedSequencePoints="3" numBranchPoints="0" visitedBranchPoints="0" sequenceCoverage="100.0" branchCoverage="0" maxCyclomaticComplexity="0" minCyclomaticComplexity="0" maxCrapScore="0" minCrapScore="0" visitedClasses="0" numClasses="0" visitedMethods="1" numMethods="1" />
              <MetadataToken>100663315</MetadataToken>
              <Name>System.Void Flashlight::normLight()</Name>
              <FileRef uid="10" />
              <SequencePoints>
                <SequencePoint vc="4" uspid="547" ordinal="0" offset="0" sl="57" sc="5" el="57" ec="5" bec="0" bev="0" fileid="10" />
                <SequencePoint vc="4" uspid="548" ordinal="0" offset="1" sl="58" sc="9" el="58" ec="9" bec="0" bev="0" fileid="10" />
                <SequencePoint vc="4" uspid="549" ordinal="0" offset="16" sl="59" sc="5" el="59" ec="5" bec="0" bev="0" fileid="10" />
              </SequencePoints>
              <BranchPoints />
            </Method>
            <Method visited="true" cyclomaticComplexity="0" nPathComplexity="0" sequenceCoverage="100.0" branchCoverage="0" crapScore="0" isConstructor="false" isStatic="false" isGetter="false" isSetter="false">
              <Summary numSequencePoints="3" visitedSequencePoints="3" numBranchPoints="0" visitedBranchPoints="0" sequenceCoverage="100.0" branchCoverage="0" maxCyclomaticComplexity="0" minCyclomaticComplexity="0" maxCrapScore="0" minCrapScore="0" visitedClasses="0" numClasses="0" visitedMethods="1" numMethods="1" />
              <MetadataToken>100663316</MetadataToken>
              <Name>System.Void Flashlight::maxLight()</Name>
              <FileRef uid="10" />
              <SequencePoints>
                <SequencePoint vc="4" uspid="550" ordinal="0" offset="0" sl="62" sc="5" el="62" ec="5" bec="0" bev="0" fileid="10" />
                <SequencePoint vc="4" uspid="551" ordinal="0" offset="1" sl="63" sc="9" el="63" ec="9" bec="0" bev="0" fileid="10" />
                <SequencePoint vc="4" uspid="552" ordinal="0" offset="16" sl="64" sc="5" el="64" ec="5" bec="0" bev="0" fileid="10" />
              </SequencePoints>
              <BranchPoints />
            </Method>
          </Methods>
        </Class>
        <Class>
          <Summary numSequencePoints="33" visitedSequencePoints="33" numBranchPoints="0" visitedBranchPoints="0" sequenceCoverage="100.0" branchCoverage="0.0" maxCyclomaticComplexity="0" minCyclomaticComplexity="0" maxCrapScore="0" minCrapScore="0" visitedClasses="1" numClasses="1" visitedMethods="9" numMethods="9" />
          <FullName>InputManager</FullName>
          <Methods>
            <Method visited="true" cyclomaticComplexity="0" nPathComplexity="0" sequenceCoverage="100.0" branchCoverage="0" crapScore="0" isConstructor="false" isStatic="false" isGetter="false" isSetter="false">
              <Summary numSequencePoints="17" visitedSequencePoints="17" numBranchPoints="0" visitedBranchPoints="0" sequenceCoverage="100.0" branchCoverage="0" maxCyclomaticComplexity="0" minCyclomaticComplexity="0" maxCrapScore="0" minCrapScore="0" visitedClasses="0" numClasses="0" visitedMethods="1" numMethods="1" />
              <MetadataToken>100663321</MetadataToken>
              <Name>System.Void InputManager::Awake()</Name>
              <FileRef uid="12" />
              <SequencePoints>
                <SequencePoint vc="1" uspid="560" ordinal="0" offset="0" sl="12" sc="5" el="12" ec="5" bec="0" bev="0" fileid="12" />
                <SequencePoint vc="1" uspid="561" ordinal="0" offset="1" sl="13" sc="9" el="13" ec="9" bec="0" bev="0" fileid="12" />
                <SequencePoint vc="1" uspid="562" ordinal="0" offset="12" sl="14" sc="9" el="14" ec="9" bec="0" bev="0" fileid="12" />
                <SequencePoint vc="1" uspid="563" ordinal="0" offset="29" sl="16" sc="9" el="16" ec="9" bec="0" bev="0" fileid="12" />
                <SequencePoint vc="1" uspid="564" ordinal="0" offset="41" sl="17" sc="9" el="17" ec="9" bec="0" bev="0" fileid="12" />
                <SequencePoint vc="1" uspid="565" ordinal="0" offset="53" sl="18" sc="9" el="18" ec="9" bec="0" bev="0" fileid="12" />
                <SequencePoint vc="1" uspid="566" ordinal="0" offset="65" sl="19" sc="9" el="19" ec="9" bec="0" bev="0" fileid="12" />
                <SequencePoint vc="1" uspid="567" ordinal="0" offset="77" sl="21" sc="9" el="21" ec="9" bec="0" bev="0" fileid="12" />
                <SequencePoint vc="1" uspid="568" ordinal="0" offset="106" sl="22" sc="9" el="22" ec="9" bec="0" bev="0" fileid="12" />
                <SequencePoint vc="1" uspid="569" ordinal="0" offset="135" sl="23" sc="9" el="23" ec="9" bec="0" bev="0" fileid="12" />
                <SequencePoint vc="1" uspid="570" ordinal="0" offset="164" sl="24" sc="9" el="24" ec="9" bec="0" bev="0" fileid="12" />
                <SequencePoint vc="1" uspid="571" ordinal="0" offset="193" sl="25" sc="9" el="25" ec="9" bec="0" bev="0" fileid="12" />
                <SequencePoint vc="1" uspid="572" ordinal="0" offset="222" sl="26" sc="9" el="26" ec="9" bec="0" bev="0" fileid="12" />
                <SequencePoint vc="1" uspid="573" ordinal="0" offset="251" sl="27" sc="9" el="27" ec="9" bec="0" bev="0" fileid="12" />
                <SequencePoint vc="1" uspid="574" ordinal="0" offset="280" sl="28" sc="9" el="28" ec="9" bec="0" bev="0" fileid="12" />
                <SequencePoint vc="1" uspid="575" ordinal="0" offset="309" sl="29" sc="9" el="29" ec="9" bec="0" bev="0" fileid="12" />
                <SequencePoint vc="1" uspid="576" ordinal="0" offset="338" sl="30" sc="5" el="30" ec="5" bec="0" bev="0" fileid="12" />
              </SequencePoints>
              <BranchPoints />
            </Method>
            <Method visited="true" cyclomaticComplexity="0" nPathComplexity="0" sequenceCoverage="100.0" branchCoverage="0" crapScore="0" isConstructor="false" isStatic="false" isGetter="false" isSetter="false">
              <Summary numSequencePoints="3" visitedSequencePoints="3" numBranchPoints="0" visitedBranchPoints="0" sequenceCoverage="100.0" branchCoverage="0" maxCyclomaticComplexity="0" minCyclomaticComplexity="0" maxCrapScore="0" minCrapScore="0" visitedClasses="0" numClasses="0" visitedMethods="1" numMethods="1" />
              <MetadataToken>100663322</MetadataToken>
              <Name>System.Void InputManager::FixedUpdate()</Name>
              <FileRef uid="12" />
              <SequencePoints>
                <SequencePoint vc="3370" uspid="577" ordinal="0" offset="0" sl="32" sc="5" el="32" ec="5" bec="0" bev="0" fileid="12" />
                <SequencePoint vc="3370" uspid="578" ordinal="0" offset="1" sl="33" sc="9" el="33" ec="9" bec="0" bev="0" fileid="12" />
                <SequencePoint vc="3370" uspid="579" ordinal="0" offset="29" sl="34" sc="5" el="34" ec="5" bec="0" bev="0" fileid="12" />
              </SequencePoints>
              <BranchPoints />
            </Method>
            <Method visited="true" cyclomaticComplexity="0" nPathComplexity="0" sequenceCoverage="100.0" branchCoverage="0" crapScore="0" isConstructor="false" isStatic="false" isGetter="false" isSetter="false">
              <Summary numSequencePoints="3" visitedSequencePoints="3" numBranchPoints="0" visitedBranchPoints="0" sequenceCoverage="100.0" branchCoverage="0" maxCyclomaticComplexity="0" minCyclomaticComplexity="0" maxCrapScore="0" minCrapScore="0" visitedClasses="0" numClasses="0" visitedMethods="1" numMethods="1" />
              <MetadataToken>100663323</MetadataToken>
              <Name>System.Void InputManager::LateUpdate()</Name>
              <FileRef uid="12" />
              <SequencePoints>
                <SequencePoint vc="11552" uspid="580" ordinal="0" offset="0" sl="36" sc="5" el="36" ec="5" bec="0" bev="0" fileid="12" />
                <SequencePoint vc="11552" uspid="581" ordinal="0" offset="1" sl="37" sc="9" el="37" ec="9" bec="0" bev="0" fileid="12" />
                <SequencePoint vc="11552" uspid="582" ordinal="0" offset="29" sl="38" sc="5" el="38" ec="5" bec="0" bev="0" fileid="12" />
              </SequencePoints>
              <BranchPoints />
            </Method>
            <Method visited="true" cyclomaticComplexity="0" nPathComplexity="0" sequenceCoverage="100.0" branchCoverage="0" crapScore="0" isConstructor="false" isStatic="false" isGetter="false" isSetter="false">
              <Summary numSequencePoints="3" visitedSequencePoints="3" numBranchPoints="0" visitedBranchPoints="0" sequenceCoverage="100.0" branchCoverage="0" maxCyclomaticComplexity="0" minCyclomaticComplexity="0" maxCrapScore="0" minCrapScore="0" visitedClasses="0" numClasses="0" visitedMethods="1" numMethods="1" />
              <MetadataToken>100663324</MetadataToken>
              <Name>System.Void InputManager::OnEnable()</Name>
              <FileRef uid="12" />
              <SequencePoints>
                <SequencePoint vc="1" uspid="583" ordinal="0" offset="0" sl="40" sc="5" el="40" ec="5" bec="0" bev="0" fileid="12" />
                <SequencePoint vc="1" uspid="584" ordinal="0" offset="1" sl="41" sc="9" el="41" ec="9" bec="0" bev="0" fileid="12" />
                <SequencePoint vc="1" uspid="585" ordinal="0" offset="13" sl="42" sc="5" el="42" ec="5" bec="0" bev="0" fileid="12" />
              </SequencePoints>
              <BranchPoints />
            </Method>
            <Method visited="true" cyclomaticComplexity="0" nPathComplexity="0" sequenceCoverage="100.0" branchCoverage="0" crapScore="0" isConstructor="false" isStatic="false" isGetter="false" isSetter="false">
              <Summary numSequencePoints="3" visitedSequencePoints="3" numBranchPoints="0" visitedBranchPoints="0" sequenceCoverage="100.0" branchCoverage="0" maxCyclomaticComplexity="0" minCyclomaticComplexity="0" maxCrapScore="0" minCrapScore="0" visitedClasses="0" numClasses="0" visitedMethods="1" numMethods="1" />
              <MetadataToken>100663325</MetadataToken>
              <Name>System.Void InputManager::OnDisable()</Name>
              <FileRef uid="12" />
              <SequencePoints>
                <SequencePoint vc="1" uspid="586" ordinal="0" offset="0" sl="44" sc="5" el="44" ec="5" bec="0" bev="0" fileid="12" />
                <SequencePoint vc="1" uspid="587" ordinal="0" offset="1" sl="45" sc="9" el="45" ec="9" bec="0" bev="0" fileid="12" />
                <SequencePoint vc="1" uspid="588" ordinal="0" offset="13" sl="46" sc="5" el="46" ec="5" bec="0" bev="0" fileid="12" />
              </SequencePoints>
              <BranchPoints />
            </Method>
            <Method visited="true" cyclomaticComplexity="0" nPathComplexity="0" sequenceCoverage="100.0" branchCoverage="0" crapScore="0" isConstructor="false" isStatic="false" isGetter="false" isSetter="false">
              <Summary numSequencePoints="1" visitedSequencePoints="1" numBranchPoints="0" visitedBranchPoints="0" sequenceCoverage="100.0" branchCoverage="0" maxCyclomaticComplexity="0" minCyclomaticComplexity="0" maxCrapScore="0" minCrapScore="0" visitedClasses="0" numClasses="0" visitedMethods="1" numMethods="1" />
              <MetadataToken>100663329</MetadataToken>
              <Name>System.Void InputManager::&lt;Awake&gt;b__6_2(UnityEngine.InputSystem.InputAction/CallbackContext)</Name>
              <FileRef uid="12" />
              <SequencePoints>
                <SequencePoint vc="1" uspid="591" ordinal="0" offset="0" sl="23" sc="43" el="23" ec="43" bec="0" bev="0" fileid="12" />
              </SequencePoints>
              <BranchPoints />
            </Method>
            <Method visited="true" cyclomaticComplexity="0" nPathComplexity="0" sequenceCoverage="100.0" branchCoverage="0" crapScore="0" isConstructor="false" isStatic="false" isGetter="false" isSetter="false">
              <Summary numSequencePoints="1" visitedSequencePoints="1" numBranchPoints="0" visitedBranchPoints="0" sequenceCoverage="100.0" branchCoverage="0" maxCyclomaticComplexity="0" minCyclomaticComplexity="0" maxCrapScore="0" minCrapScore="0" visitedClasses="0" numClasses="0" visitedMethods="1" numMethods="1" />
              <MetadataToken>100663333</MetadataToken>
              <Name>System.Void InputManager::&lt;Awake&gt;b__6_6(UnityEngine.InputSystem.InputAction/CallbackContext)</Name>
              <FileRef uid="12" />
              <SequencePoints>
                <SequencePoint vc="4" uspid="595" ordinal="0" offset="0" sl="27" sc="53" el="27" ec="53" bec="0" bev="0" fileid="12" />
              </SequencePoints>
              <BranchPoints />
            </Method>
            <Method visited="true" cyclomaticComplexity="0" nPathComplexity="0" sequenceCoverage="100.0" branchCoverage="0" crapScore="0" isConstructor="false" isStatic="false" isGetter="false" isSetter="false">
              <Summary numSequencePoints="1" visitedSequencePoints="1" numBranchPoints="0" visitedBranchPoints="0" sequenceCoverage="100.0" branchCoverage="0" maxCyclomaticComplexity="0" minCyclomaticComplexity="0" maxCrapScore="0" minCrapScore="0" visitedClasses="0" numClasses="0" visitedMethods="1" numMethods="1" />
              <MetadataToken>100663334</MetadataToken>
              <Name>System.Void InputManager::&lt;Awake&gt;b__6_7(UnityEngine.InputSystem.InputAction/CallbackContext)</Name>
              <FileRef uid="12" />
              <SequencePoints>
                <SequencePoint vc="4" uspid="596" ordinal="0" offset="0" sl="28" sc="51" el="28" ec="51" bec="0" bev="0" fileid="12" />
              </SequencePoints>
              <BranchPoints />
            </Method>
            <Method visited="true" cyclomaticComplexity="0" nPathComplexity="0" sequenceCoverage="100.0" branchCoverage="0" crapScore="0" isConstructor="false" isStatic="false" isGetter="false" isSetter="false">
              <Summary numSequencePoints="1" visitedSequencePoints="1" numBranchPoints="0" visitedBranchPoints="0" sequenceCoverage="100.0" branchCoverage="0" maxCyclomaticComplexity="0" minCyclomaticComplexity="0" maxCrapScore="0" minCrapScore="0" visitedClasses="0" numClasses="0" visitedMethods="1" numMethods="1" />
              <MetadataToken>100663335</MetadataToken>
              <Name>System.Void InputManager::&lt;Awake&gt;b__6_8(UnityEngine.InputSystem.InputAction/CallbackContext)</Name>
              <FileRef uid="12" />
              <SequencePoints>
                <SequencePoint vc="7" uspid="597" ordinal="0" offset="0" sl="29" sc="44" el="29" ec="44" bec="0" bev="0" fileid="12" />
              </SequencePoints>
              <BranchPoints />
            </Method>
          </Methods>
        </Class>
        <Class>
          <Summary numSequencePoints="43" visitedSequencePoints="43" numBranchPoints="0" visitedBranchPoints="0" sequenceCoverage="100.0" branchCoverage="0.0" maxCyclomaticComplexity="0" minCyclomaticComplexity="0" maxCrapScore="0" minCrapScore="0" visitedClasses="1" numClasses="1" visitedMethods="4" numMethods="4" />
          <FullName>InputSystem_Actions</FullName>
          <Methods>
            <Method visited="true" cyclomaticComplexity="0" nPathComplexity="0" sequenceCoverage="100.0" branchCoverage="0" crapScore="0" isConstructor="false" isStatic="false" isGetter="true" isSetter="false">
              <Summary numSequencePoints="1" visitedSequencePoints="1" numBranchPoints="0" visitedBranchPoints="0" sequenceCoverage="100.0" branchCoverage="0" maxCyclomaticComplexity="0" minCyclomaticComplexity="0" maxCrapScore="0" minCrapScore="0" visitedClasses="0" numClasses="0" visitedMethods="1" numMethods="1" />
              <MetadataToken>100663336</MetadataToken>
              <Name>UnityEngine.InputSystem.InputActionAsset InputSystem_Actions::get_asset()</Name>
              <FileRef uid="13" />
              <SequencePoints>
                <SequencePoint vc="2" uspid="598" ordinal="0" offset="0" sl="80" sc="37" el="80" ec="37" bec="0" bev="0" fileid="13" />
              </SequencePoints>
              <BranchPoints />
            </Method>
            <Method visited="true" cyclomaticComplexity="0" nPathComplexity="0" sequenceCoverage="100.0" branchCoverage="0" crapScore="0" isConstructor="false" isStatic="false" isGetter="false" isSetter="false">
              <Summary numSequencePoints="6" visitedSequencePoints="6" numBranchPoints="0" visitedBranchPoints="0" sequenceCoverage="100.0" branchCoverage="0" maxCyclomaticComplexity="0" minCyclomaticComplexity="0" maxCrapScore="0" minCrapScore="0" visitedClasses="0" numClasses="0" visitedMethods="1" numMethods="1" />
              <MetadataToken>100663338</MetadataToken>
              <Name>System.Void InputSystem_Actions::Finalize()</Name>
              <FileRef uid="13" />
              <SequencePoints>
                <SequencePoint vc="1" uspid="599" ordinal="0" offset="0" sl="1212" sc="5" el="1212" ec="5" bec="0" bev="0" fileid="13" />
                <SequencePoint vc="1" uspid="600" ordinal="0" offset="1" sl="1212" sc="5" el="1212" ec="5" bec="0" bev="0" fileid="13" />
                <SequencePoint vc="1" uspid="601" ordinal="0" offset="2" sl="1213" sc="9" el="1213" ec="9" bec="0" bev="0" fileid="13" />
                <SequencePoint vc="1" uspid="602" ordinal="0" offset="27" sl="1214" sc="9" el="1214" ec="9" bec="0" bev="0" fileid="13" />
                <SequencePoint vc="1" uspid="603" ordinal="0" offset="54" sl="1215" sc="5" el="1215" ec="5" bec="0" bev="0" fileid="13" />
                <SequencePoint vc="1" uspid="604" ordinal="0" offset="62" sl="1215" sc="5" el="1215" ec="5" bec="0" bev="0" fileid="13" />
              </SequencePoints>
              <BranchPoints />
            </Method>
            <Method visited="true" cyclomaticComplexity="0" nPathComplexity="0" sequenceCoverage="100.0" branchCoverage="0" crapScore="0" isConstructor="false" isStatic="false" isGetter="true" isSetter="false">
              <Summary numSequencePoints="1" visitedSequencePoints="1" numBranchPoints="0" visitedBranchPoints="0" sequenceCoverage="100.0" branchCoverage="0" maxCyclomaticComplexity="0" minCyclomaticComplexity="0" maxCrapScore="0" minCrapScore="0" visitedClasses="0" numClasses="0" visitedMethods="1" numMethods="1" />
              <MetadataToken>100663353</MetadataToken>
              <Name>InputSystem_Actions/PlayerActions InputSystem_Actions::get_Player()</Name>
              <FileRef uid="13" />
              <SequencePoints>
                <SequencePoint vc="1" uspid="635" ordinal="0" offset="0" sl="1502" sc="37" el="1502" ec="37" bec="0" bev="0" fileid="13" />
              </SequencePoints>
              <BranchPoints />
            </Method>
            <Method visited="true" cyclomaticComplexity="0" nPathComplexity="0" sequenceCoverage="100.0" branchCoverage="0" crapScore="0" isConstructor="true" isStatic="false" isGetter="false" isSetter="false">
              <Summary numSequencePoints="35" visitedSequencePoints="35" numBranchPoints="0" visitedBranchPoints="0" sequenceCoverage="100.0" branchCoverage="0" maxCyclomaticComplexity="0" minCyclomaticComplexity="0" maxCrapScore="0" minCrapScore="0" visitedClasses="0" numClasses="0" visitedMethods="1" numMethods="1" />
              <MetadataToken>100663337</MetadataToken>
              <Name>InputSystem_Actions::InputSystem_Actions()</Name>
              <FileRef uid="13" />
              <SequencePoints>
                <SequencePoint vc="1" uspid="662" ordinal="0" offset="0" sl="1289" sc="5" el="1289" ec="5" bec="0" bev="0" fileid="13" />
                <SequencePoint vc="1" uspid="663" ordinal="0" offset="11" sl="1506" sc="5" el="1506" ec="5" bec="0" bev="0" fileid="13" />
                <SequencePoint vc="1" uspid="664" ordinal="0" offset="22" sl="1698" sc="5" el="1698" ec="5" bec="0" bev="0" fileid="13" />
                <SequencePoint vc="1" uspid="665" ordinal="0" offset="29" sl="1711" sc="5" el="1711" ec="5" bec="0" bev="0" fileid="13" />
                <SequencePoint vc="1" uspid="666" ordinal="0" offset="36" sl="1724" sc="5" el="1724" ec="5" bec="0" bev="0" fileid="13" />
                <SequencePoint vc="1" uspid="667" ordinal="0" offset="43" sl="1737" sc="5" el="1737" ec="5" bec="0" bev="0" fileid="13" />
                <SequencePoint vc="1" uspid="668" ordinal="0" offset="50" sl="1750" sc="5" el="1750" ec="5" bec="0" bev="0" fileid="13" />
                <SequencePoint vc="1" uspid="669" ordinal="0" offset="57" sl="85" sc="5" el="85" ec="5" bec="0" bev="0" fileid="13" />
                <SequencePoint vc="1" uspid="670" ordinal="0" offset="64" sl="86" sc="5" el="86" ec="5" bec="0" bev="0" fileid="13" />
                <SequencePoint vc="1" uspid="671" ordinal="0" offset="65" sl="87" sc="9" el="87" ec="9" bec="0" bev="0" fileid="13" />
                <SequencePoint vc="1" uspid="672" ordinal="0" offset="81" sl="1184" sc="9" el="1184" ec="9" bec="0" bev="0" fileid="13" />
                <SequencePoint vc="1" uspid="673" ordinal="0" offset="104" sl="1185" sc="9" el="1185" ec="9" bec="0" bev="0" fileid="13" />
                <SequencePoint vc="1" uspid="674" ordinal="0" offset="127" sl="1186" sc="9" el="1186" ec="9" bec="0" bev="0" fileid="13" />
                <SequencePoint vc="1" uspid="675" ordinal="0" offset="150" sl="1187" sc="9" el="1187" ec="9" bec="0" bev="0" fileid="13" />
                <SequencePoint vc="1" uspid="676" ordinal="0" offset="173" sl="1188" sc="9" el="1188" ec="9" bec="0" bev="0" fileid="13" />
                <SequencePoint vc="1" uspid="677" ordinal="0" offset="196" sl="1189" sc="9" el="1189" ec="9" bec="0" bev="0" fileid="13" />
                <SequencePoint vc="1" uspid="678" ordinal="0" offset="219" sl="1190" sc="9" el="1190" ec="9" bec="0" bev="0" fileid="13" />
                <SequencePoint vc="1" uspid="679" ordinal="0" offset="242" sl="1191" sc="9" el="1191" ec="9" bec="0" bev="0" fileid="13" />
                <SequencePoint vc="1" uspid="680" ordinal="0" offset="265" sl="1192" sc="9" el="1192" ec="9" bec="0" bev="0" fileid="13" />
                <SequencePoint vc="1" uspid="681" ordinal="0" offset="288" sl="1193" sc="9" el="1193" ec="9" bec="0" bev="0" fileid="13" />
                <SequencePoint vc="1" uspid="682" ordinal="0" offset="311" sl="1194" sc="9" el="1194" ec="9" bec="0" bev="0" fileid="13" />
                <SequencePoint vc="1" uspid="683" ordinal="0" offset="334" sl="1195" sc="9" el="1195" ec="9" bec="0" bev="0" fileid="13" />
                <SequencePoint vc="1" uspid="684" ordinal="0" offset="357" sl="1196" sc="9" el="1196" ec="9" bec="0" bev="0" fileid="13" />
                <SequencePoint vc="1" uspid="685" ordinal="0" offset="380" sl="1198" sc="9" el="1198" ec="9" bec="0" bev="0" fileid="13" />
                <SequencePoint vc="1" uspid="686" ordinal="0" offset="403" sl="1199" sc="9" el="1199" ec="9" bec="0" bev="0" fileid="13" />
                <SequencePoint vc="1" uspid="687" ordinal="0" offset="426" sl="1200" sc="9" el="1200" ec="9" bec="0" bev="0" fileid="13" />
                <SequencePoint vc="1" uspid="688" ordinal="0" offset="449" sl="1201" sc="9" el="1201" ec="9" bec="0" bev="0" fileid="13" />
                <SequencePoint vc="1" uspid="689" ordinal="0" offset="472" sl="1202" sc="9" el="1202" ec="9" bec="0" bev="0" fileid="13" />
                <SequencePoint vc="1" uspid="690" ordinal="0" offset="495" sl="1203" sc="9" el="1203" ec="9" bec="0" bev="0" fileid="13" />
                <SequencePoint vc="1" uspid="691" ordinal="0" offset="518" sl="1204" sc="9" el="1204" ec="9" bec="0" bev="0" fileid="13" />
                <SequencePoint vc="1" uspid="692" ordinal="0" offset="541" sl="1205" sc="9" el="1205" ec="9" bec="0" bev="0" fileid="13" />
                <SequencePoint vc="1" uspid="693" ordinal="0" offset="564" sl="1206" sc="9" el="1206" ec="9" bec="0" bev="0" fileid="13" />
                <SequencePoint vc="1" uspid="694" ordinal="0" offset="587" sl="1207" sc="9" el="1207" ec="9" bec="0" bev="0" fileid="13" />
                <SequencePoint vc="1" uspid="695" ordinal="0" offset="610" sl="1208" sc="9" el="1208" ec="9" bec="0" bev="0" fileid="13" />
                <SequencePoint vc="1" uspid="696" ordinal="0" offset="633" sl="1209" sc="5" el="1209" ec="5" bec="0" bev="0" fileid="13" />
              </SequencePoints>
              <BranchPoints />
            </Method>
          </Methods>
        </Class>
        <Class>
          <Summary numSequencePoints="3" visitedSequencePoints="3" numBranchPoints="0" visitedBranchPoints="0" sequenceCoverage="100.0" branchCoverage="0.0" maxCyclomaticComplexity="0" minCyclomaticComplexity="0" maxCrapScore="0" minCrapScore="0" visitedClasses="1" numClasses="1" visitedMethods="1" numMethods="1" />
          <FullName>Interactable</FullName>
          <Methods>
            <Method visited="true" cyclomaticComplexity="0" nPathComplexity="0" sequenceCoverage="100.0" branchCoverage="0" crapScore="0" isConstructor="false" isStatic="false" isGetter="false" isSetter="false">
              <Summary numSequencePoints="3" visitedSequencePoints="3" numBranchPoints="0" visitedBranchPoints="0" sequenceCoverage="100.0" branchCoverage="0" maxCyclomaticComplexity="0" minCyclomaticComplexity="0" maxCrapScore="0" minCrapScore="0" visitedClasses="0" numClasses="0" visitedMethods="1" numMethods="1" />
              <MetadataToken>100663360</MetadataToken>
              <Name>System.Void Interactable::BaseInteract()</Name>
              <FileRef uid="14" />
              <SequencePoints>
                <SequencePoint vc="51" uspid="697" ordinal="0" offset="0" sl="8" sc="5" el="8" ec="5" bec="0" bev="0" fileid="14" />
                <SequencePoint vc="51" uspid="698" ordinal="0" offset="1" sl="9" sc="9" el="9" ec="9" bec="0" bev="0" fileid="14" />
                <SequencePoint vc="51" uspid="699" ordinal="0" offset="8" sl="10" sc="5" el="10" ec="5" bec="0" bev="0" fileid="14" />
              </SequencePoints>
              <BranchPoints />
            </Method>
          </Methods>
        </Class>
        <Class>
          <Summary numSequencePoints="6" visitedSequencePoints="6" numBranchPoints="0" visitedBranchPoints="0" sequenceCoverage="100.0" branchCoverage="0.0" maxCyclomaticComplexity="0" minCyclomaticComplexity="0" maxCrapScore="0" minCrapScore="0" visitedClasses="1" numClasses="1" visitedMethods="1" numMethods="1" />
          <FullName>Banish</FullName>
          <Methods>
            <Method visited="true" cyclomaticComplexity="0" nPathComplexity="0" sequenceCoverage="100.0" branchCoverage="0" crapScore="0" isConstructor="false" isStatic="false" isGetter="false" isSetter="false">
              <Summary numSequencePoints="6" visitedSequencePoints="6" numBranchPoints="0" visitedBranchPoints="0" sequenceCoverage="100.0" branchCoverage="0" maxCyclomaticComplexity="0" minCyclomaticComplexity="0" maxCrapScore="0" minCrapScore="0" visitedClasses="0" numClasses="0" visitedMethods="1" numMethods="1" />
              <MetadataToken>100663363</MetadataToken>
              <Name>System.Void Banish::Start()</Name>
              <FileRef uid="15" />
              <SequencePoints>
                <SequencePoint vc="9" uspid="702" ordinal="0" offset="0" sl="6" sc="5" el="6" ec="5" bec="0" bev="0" fileid="15" />
                <SequencePoint vc="9" uspid="703" ordinal="0" offset="1" sl="7" sc="9" el="7" ec="9" bec="0" bev="0" fileid="15" />
                <SequencePoint vc="9" uspid="704" ordinal="0" offset="12" sl="8" sc="9" el="8" ec="9" bec="0" bev="0" fileid="15" />
                <SequencePoint vc="9" uspid="705" ordinal="0" offset="23" sl="9" sc="9" el="9" ec="9" bec="0" bev="0" fileid="15" />
                <SequencePoint vc="9" uspid="706" ordinal="0" offset="34" sl="10" sc="9" el="10" ec="9" bec="0" bev="0" fileid="15" />
                <SequencePoint vc="9" uspid="707" ordinal="0" offset="45" sl="11" sc="5" el="11" ec="5" bec="0" bev="0" fileid="15" />
              </SequencePoints>
              <BranchPoints />
            </Method>
          </Methods>
        </Class>
        <Class>
          <Summary numSequencePoints="5" visitedSequencePoints="5" numBranchPoints="0" visitedBranchPoints="0" sequenceCoverage="100.0" branchCoverage="0.0" maxCyclomaticComplexity="0" minCyclomaticComplexity="0" maxCrapScore="0" minCrapScore="0" visitedClasses="1" numClasses="1" visitedMethods="1" numMethods="1" />
          <FullName>Battery</FullName>
          <Methods>
            <Method visited="true" cyclomaticComplexity="0" nPathComplexity="0" sequenceCoverage="100.0" branchCoverage="0" crapScore="0" isConstructor="false" isStatic="false" isGetter="false" isSetter="false">
              <Summary numSequencePoints="5" visitedSequencePoints="5" numBranchPoints="0" visitedBranchPoints="0" sequenceCoverage="100.0" branchCoverage="0" maxCyclomaticComplexity="0" minCyclomaticComplexity="0" maxCrapScore="0" minCrapScore="0" visitedClasses="0" numClasses="0" visitedMethods="1" numMethods="1" />
              <MetadataToken>100663366</MetadataToken>
              <Name>System.Void Battery::Awake()</Name>
              <FileRef uid="16" />
              <SequencePoints>
                <SequencePoint vc="12" uspid="711" ordinal="0" offset="0" sl="6" sc="5" el="6" ec="5" bec="0" bev="0" fileid="16" />
                <SequencePoint vc="12" uspid="712" ordinal="0" offset="1" sl="7" sc="9" el="7" ec="9" bec="0" bev="0" fileid="16" />
                <SequencePoint vc="12" uspid="713" ordinal="0" offset="12" sl="8" sc="9" el="8" ec="9" bec="0" bev="0" fileid="16" />
                <SequencePoint vc="12" uspid="714" ordinal="0" offset="23" sl="9" sc="9" el="9" ec="9" bec="0" bev="0" fileid="16" />
                <SequencePoint vc="12" uspid="715" ordinal="0" offset="34" sl="10" sc="5" el="10" ec="5" bec="0" bev="0" fileid="16" />
              </SequencePoints>
              <BranchPoints />
            </Method>
          </Methods>
        </Class>
        <Class>
          <Summary numSequencePoints="85" visitedSequencePoints="67" numBranchPoints="0" visitedBranchPoints="0" sequenceCoverage="78.82" branchCoverage="0.0" maxCyclomaticComplexity="0" minCyclomaticComplexity="0" maxCrapScore="0" minCrapScore="0" visitedClasses="1" numClasses="1" visitedMethods="8" numMethods="8" />
          <FullName>Inventory</FullName>
          <Methods>
            <Method visited="true" cyclomaticComplexity="0" nPathComplexity="0" sequenceCoverage="100.0" branchCoverage="0" crapScore="0" isConstructor="false" isStatic="false" isGetter="false" isSetter="false">
              <Summary numSequencePoints="4" visitedSequencePoints="4" numBranchPoints="0" visitedBranchPoints="0" sequenceCoverage="100.0" branchCoverage="0" maxCyclomaticComplexity="0" minCyclomaticComplexity="0" maxCrapScore="0" minCrapScore="0" visitedClasses="0" numClasses="0" visitedMethods="1" numMethods="1" />
              <MetadataToken>100663381</MetadataToken>
              <Name>System.Void Inventory::Start()</Name>
              <FileRef uid="21" />
              <SequencePoints>
                <SequencePoint vc="1" uspid="753" ordinal="0" offset="0" sl="21" sc="25" el="21" ec="25" bec="0" bev="0" fileid="21" />
                <SequencePoint vc="1" uspid="754" ordinal="0" offset="1" sl="22" sc="9" el="22" ec="9" bec="0" bev="0" fileid="21" />
                <SequencePoint vc="1" uspid="755" ordinal="0" offset="8" sl="23" sc="9" el="23" ec="9" bec="0" bev="0" fileid="21" />
                <SequencePoint vc="1" uspid="756" ordinal="0" offset="20" sl="24" sc="5" el="24" ec="5" bec="0" bev="0" fileid="21" />
              </SequencePoints>
              <BranchPoints />
            </Method>
            <Method visited="true" cyclomaticComplexity="0" nPathComplexity="0" sequenceCoverage="66.67" branchCoverage="0" crapScore="0" isConstructor="false" isStatic="false" isGetter="false" isSetter="false">
              <Summary numSequencePoints="9" visitedSequencePoints="6" numBranchPoints="0" visitedBranchPoints="0" sequenceCoverage="66.67" branchCoverage="0" maxCyclomaticComplexity="0" minCyclomaticComplexity="0" maxCrapScore="0" minCrapScore="0" visitedClasses="0" numClasses="0" visitedMethods="1" numMethods="1" />
              <MetadataToken>100663382</MetadataToken>
              <Name>System.Void Inventory::Awake()</Name>
              <FileRef uid="21" />
              <SequencePoints>
                <SequencePoint vc="1" uspid="757" ordinal="0" offset="0" sl="26" sc="5" el="26" ec="5" bec="0" bev="0" fileid="21" />
                <SequencePoint vc="1" uspid="758" ordinal="0" offset="1" sl="27" sc="9" el="27" ec="9" bec="0" bev="0" fileid="21" />
                <SequencePoint vc="1" uspid="759" ordinal="0" offset="16" sl="28" sc="9" el="28" ec="9" bec="0" bev="0" fileid="21" />
                <SequencePoint vc="1" uspid="760" ordinal="0" offset="17" sl="29" sc="13" el="29" ec="13" bec="0" bev="0" fileid="21" />
                <SequencePoint vc="1" uspid="761" ordinal="0" offset="23" sl="30" sc="9" el="30" ec="9" bec="0" bev="0" fileid="21" />
                <SequencePoint vc="0" uspid="762" ordinal="0" offset="26" sl="32" sc="9" el="32" ec="9" bec="0" bev="0" fileid="21" />
                <SequencePoint vc="0" uspid="763" ordinal="0" offset="27" sl="33" sc="13" el="33" ec="13" bec="0" bev="0" fileid="21" />
                <SequencePoint vc="0" uspid="764" ordinal="0" offset="38" sl="34" sc="9" el="34" ec="9" bec="0" bev="0" fileid="21" />
                <SequencePoint vc="1" uspid="765" ordinal="0" offset="39" sl="35" sc="5" el="35" ec="5" bec="0" bev="0" fileid="21" />
              </SequencePoints>
              <BranchPoints />
            </Method>
            <Method visited="true" cyclomaticComplexity="0" nPathComplexity="0" sequenceCoverage="100.0" branchCoverage="0" crapScore="0" isConstructor="false" isStatic="false" isGetter="false" isSetter="false">
              <Summary numSequencePoints="11" visitedSequencePoints="11" numBranchPoints="0" visitedBranchPoints="0" sequenceCoverage="100.0" branchCoverage="0" maxCyclomaticComplexity="0" minCyclomaticComplexity="0" maxCrapScore="0" minCrapScore="0" visitedClasses="0" numClasses="0" visitedMethods="1" numMethods="1" />
              <MetadataToken>100663383</MetadataToken>
              <Name>System.Void Inventory::AddItem(Item)</Name>
              <FileRef uid="21" />
              <SequencePoints>
                <SequencePoint vc="21" uspid="766" ordinal="0" offset="0" sl="37" sc="5" el="37" ec="5" bec="0" bev="0" fileid="21" />
                <SequencePoint vc="21" uspid="767" ordinal="0" offset="1" sl="38" sc="9" el="38" ec="9" bec="0" bev="0" fileid="21" />
                <SequencePoint vc="15" uspid="768" ordinal="0" offset="23" sl="39" sc="9" el="39" ec="9" bec="0" bev="0" fileid="21" />
                <SequencePoint vc="15" uspid="769" ordinal="0" offset="24" sl="40" sc="13" el="40" ec="13" bec="0" bev="0" fileid="21" />
                <SequencePoint vc="15" uspid="770" ordinal="0" offset="37" sl="41" sc="13" el="41" ec="13" bec="0" bev="0" fileid="21" />
                <SequencePoint vc="15" uspid="771" ordinal="0" offset="59" sl="42" sc="13" el="42" ec="13" bec="0" bev="0" fileid="21" />
                <SequencePoint vc="15" uspid="772" ordinal="0" offset="66" sl="43" sc="9" el="43" ec="9" bec="0" bev="0" fileid="21" />
                <SequencePoint vc="6" uspid="773" ordinal="0" offset="69" sl="45" sc="9" el="45" ec="9" bec="0" bev="0" fileid="21" />
                <SequencePoint vc="6" uspid="774" ordinal="0" offset="70" sl="46" sc="13" el="46" ec="13" bec="0" bev="0" fileid="21" />
                <SequencePoint vc="6" uspid="775" ordinal="0" offset="81" sl="47" sc="9" el="47" ec="9" bec="0" bev="0" fileid="21" />
                <SequencePoint vc="21" uspid="776" ordinal="0" offset="82" sl="48" sc="5" el="48" ec="5" bec="0" bev="0" fileid="21" />
              </SequencePoints>
              <BranchPoints />
            </Method>
            <Method visited="true" cyclomaticComplexity="0" nPathComplexity="0" sequenceCoverage="100.0" branchCoverage="0" crapScore="0" isConstructor="false" isStatic="false" isGetter="false" isSetter="false">
              <Summary numSequencePoints="17" visitedSequencePoints="17" numBranchPoints="0" visitedBranchPoints="0" sequenceCoverage="100.0" branchCoverage="0" maxCyclomaticComplexity="0" minCyclomaticComplexity="0" maxCrapScore="0" minCrapScore="0" visitedClasses="0" numClasses="0" visitedMethods="1" numMethods="1" />
              <MetadataToken>100663384</MetadataToken>
              <Name>System.Void Inventory::UpdateUI()</Name>
              <FileRef uid="21" />
              <SequencePoints>
                <SequencePoint vc="31" uspid="777" ordinal="0" offset="0" sl="50" sc="29" el="50" ec="29" bec="0" bev="0" fileid="21" />
                <SequencePoint vc="31" uspid="778" ordinal="0" offset="1" sl="51" sc="14" el="51" ec="14" bec="0" bev="0" fileid="21" />
                <SequencePoint vc="155" uspid="779" ordinal="0" offset="5" sl="51" sc="52" el="51" ec="52" bec="0" bev="0" fileid="21" />
                <SequencePoint vc="155" uspid="780" ordinal="0" offset="6" sl="52" sc="13" el="52" ec="13" bec="0" bev="0" fileid="21" />
                <SequencePoint vc="155" uspid="781" ordinal="0" offset="21" sl="53" sc="9" el="53" ec="9" bec="0" bev="0" fileid="21" />
                <SequencePoint vc="155" uspid="782" ordinal="0" offset="22" sl="51" sc="47" el="51" ec="47" bec="0" bev="0" fileid="21" />
                <SequencePoint vc="186" uspid="783" ordinal="0" offset="26" sl="51" sc="25" el="51" ec="25" bec="0" bev="0" fileid="21" />
                <SequencePoint vc="31" uspid="784" ordinal="0" offset="41" sl="55" sc="14" el="55" ec="14" bec="0" bev="0" fileid="21" />
                <SequencePoint vc="75" uspid="785" ordinal="0" offset="45" sl="55" sc="47" el="55" ec="47" bec="0" bev="0" fileid="21" />
                <SequencePoint vc="75" uspid="786" ordinal="0" offset="46" sl="56" sc="13" el="56" ec="13" bec="0" bev="0" fileid="21" />
                <SequencePoint vc="75" uspid="787" ordinal="0" offset="55" sl="57" sc="13" el="57" ec="13" bec="0" bev="0" fileid="21" />
                <SequencePoint vc="75" uspid="788" ordinal="0" offset="63" sl="58" sc="13" el="58" ec="13" bec="0" bev="0" fileid="21" />
                <SequencePoint vc="75" uspid="789" ordinal="0" offset="88" sl="59" sc="13" el="59" ec="13" bec="0" bev="0" fileid="21" />
                <SequencePoint vc="75" uspid="790" ordinal="0" offset="103" sl="60" sc="9" el="60" ec="9" bec="0" bev="0" fileid="21" />
                <SequencePoint vc="75" uspid="791" ordinal="0" offset="104" sl="55" sc="42" el="55" ec="42" bec="0" bev="0" fileid="21" />
                <SequencePoint vc="106" uspid="792" ordinal="0" offset="108" sl="55" sc="25" el="55" ec="25" bec="0" bev="0" fileid="21" />
                <SequencePoint vc="31" uspid="793" ordinal="0" offset="128" sl="61" sc="5" el="61" ec="5" bec="0" bev="0" fileid="21" />
              </SequencePoints>
              <BranchPoints />
            </Method>
            <Method visited="true" cyclomaticComplexity="0" nPathComplexity="0" sequenceCoverage="64.71" branchCoverage="0" crapScore="0" isConstructor="false" isStatic="false" isGetter="false" isSetter="false">
              <Summary numSequencePoints="17" visitedSequencePoints="11" numBranchPoints="0" visitedBranchPoints="0" sequenceCoverage="64.71" branchCoverage="0" maxCyclomaticComplexity="0" minCyclomaticComplexity="0" maxCrapScore="0" minCrapScore="0" visitedClasses="0" numClasses="0" visitedMethods="1" numMethods="1" />
              <MetadataToken>100663385</MetadataToken>
              <Name>System.Void Inventory::UseItem()</Name>
              <FileRef uid="21" />
              <SequencePoints>
                <SequencePoint vc="7" uspid="794" ordinal="0" offset="0" sl="63" sc="5" el="63" ec="5" bec="0" bev="0" fileid="21" />
                <SequencePoint vc="7" uspid="795" ordinal="0" offset="1" sl="64" sc="9" el="64" ec="9" bec="0" bev="0" fileid="21" />
                <SequencePoint vc="0" uspid="796" ordinal="0" offset="19" sl="65" sc="9" el="65" ec="9" bec="0" bev="0" fileid="21" />
                <SequencePoint vc="0" uspid="797" ordinal="0" offset="20" sl="66" sc="13" el="66" ec="13" bec="0" bev="0" fileid="21" />
                <SequencePoint vc="0" uspid="798" ordinal="0" offset="31" sl="67" sc="9" el="67" ec="9" bec="0" bev="0" fileid="21" />
                <SequencePoint vc="7" uspid="799" ordinal="0" offset="37" sl="68" sc="14" el="68" ec="14" bec="0" bev="0" fileid="21" />
                <SequencePoint vc="7" uspid="800" ordinal="0" offset="101" sl="69" sc="9" el="69" ec="9" bec="0" bev="0" fileid="21" />
                <SequencePoint vc="7" uspid="801" ordinal="0" offset="102" sl="70" sc="13" el="70" ec="13" bec="0" bev="0" fileid="21" />
                <SequencePoint vc="7" uspid="802" ordinal="0" offset="140" sl="71" sc="13" el="71" ec="13" bec="0" bev="0" fileid="21" />
                <SequencePoint vc="7" uspid="803" ordinal="0" offset="168" sl="72" sc="13" el="72" ec="13" bec="0" bev="0" fileid="21" />
                <SequencePoint vc="7" uspid="804" ordinal="0" offset="186" sl="73" sc="13" el="73" ec="13" bec="0" bev="0" fileid="21" />
                <SequencePoint vc="7" uspid="805" ordinal="0" offset="209" sl="74" sc="13" el="74" ec="13" bec="0" bev="0" fileid="21" />
                <SequencePoint vc="7" uspid="806" ordinal="0" offset="216" sl="75" sc="9" el="75" ec="9" bec="0" bev="0" fileid="21" />
                <SequencePoint vc="0" uspid="807" ordinal="0" offset="219" sl="77" sc="9" el="77" ec="9" bec="0" bev="0" fileid="21" />
                <SequencePoint vc="0" uspid="808" ordinal="0" offset="220" sl="78" sc="13" el="78" ec="13" bec="0" bev="0" fileid="21" />
                <SequencePoint vc="0" uspid="809" ordinal="0" offset="231" sl="79" sc="9" el="79" ec="9" bec="0" bev="0" fileid="21" />
                <SequencePoint vc="7" uspid="810" ordinal="0" offset="232" sl="80" sc="5" el="80" ec="5" bec="0" bev="0" fileid="21" />
              </SequencePoints>
              <BranchPoints />
            </Method>
            <Method visited="true" cyclomaticComplexity="0" nPathComplexity="0" sequenceCoverage="62.50" branchCoverage="0" crapScore="0" isConstructor="false" isStatic="false" isGetter="false" isSetter="false">
              <Summary numSequencePoints="16" visitedSequencePoints="10" numBranchPoints="0" visitedBranchPoints="0" sequenceCoverage="62.50" branchCoverage="0" maxCyclomaticComplexity="0" minCyclomaticComplexity="0" maxCrapScore="0" minCrapScore="0" visitedClasses="0" numClasses="0" visitedMethods="1" numMethods="1" />
              <MetadataToken>100663386</MetadataToken>
              <Name>System.Boolean Inventory::UseItem_Banish()</Name>
              <FileRef uid="21" />
              <SequencePoints>
                <SequencePoint vc="8" uspid="811" ordinal="0" offset="0" sl="83" sc="5" el="83" ec="5" bec="0" bev="0" fileid="21" />
                <SequencePoint vc="8" uspid="812" ordinal="0" offset="1" sl="84" sc="9" el="84" ec="9" bec="0" bev="0" fileid="21" />
                <SequencePoint vc="0" uspid="813" ordinal="0" offset="19" sl="85" sc="9" el="85" ec="9" bec="0" bev="0" fileid="21" />
                <SequencePoint vc="0" uspid="814" ordinal="0" offset="20" sl="86" sc="13" el="86" ec="13" bec="0" bev="0" fileid="21" />
                <SequencePoint vc="0" uspid="815" ordinal="0" offset="31" sl="87" sc="13" el="87" ec="13" bec="0" bev="0" fileid="21" />
                <SequencePoint vc="8" uspid="816" ordinal="0" offset="38" sl="89" sc="14" el="89" ec="14" bec="0" bev="0" fileid="21" />
                <SequencePoint vc="8" uspid="817" ordinal="0" offset="102" sl="90" sc="9" el="90" ec="9" bec="0" bev="0" fileid="21" />
                <SequencePoint vc="8" uspid="818" ordinal="0" offset="103" sl="91" sc="13" el="91" ec="13" bec="0" bev="0" fileid="21" />
                <SequencePoint vc="8" uspid="819" ordinal="0" offset="141" sl="92" sc="13" el="92" ec="13" bec="0" bev="0" fileid="21" />
                <SequencePoint vc="8" uspid="820" ordinal="0" offset="169" sl="93" sc="13" el="93" ec="13" bec="0" bev="0" fileid="21" />
                <SequencePoint vc="8" uspid="821" ordinal="0" offset="187" sl="94" sc="13" el="94" ec="13" bec="0" bev="0" fileid="21" />
                <SequencePoint vc="8" uspid="822" ordinal="0" offset="194" sl="95" sc="13" el="95" ec="13" bec="0" bev="0" fileid="21" />
                <SequencePoint vc="0" uspid="823" ordinal="0" offset="198" sl="98" sc="9" el="98" ec="9" bec="0" bev="0" fileid="21" />
                <SequencePoint vc="0" uspid="824" ordinal="0" offset="199" sl="99" sc="13" el="99" ec="13" bec="0" bev="0" fileid="21" />
                <SequencePoint vc="0" uspid="825" ordinal="0" offset="210" sl="100" sc="13" el="100" ec="13" bec="0" bev="0" fileid="21" />
                <SequencePoint vc="8" uspid="826" ordinal="0" offset="214" sl="102" sc="5" el="102" ec="5" bec="0" bev="0" fileid="21" />
              </SequencePoints>
              <BranchPoints />
            </Method>
            <Method visited="true" cyclomaticComplexity="0" nPathComplexity="0" sequenceCoverage="66.67" branchCoverage="0" crapScore="0" isConstructor="false" isStatic="false" isGetter="false" isSetter="false">
              <Summary numSequencePoints="9" visitedSequencePoints="6" numBranchPoints="0" visitedBranchPoints="0" sequenceCoverage="66.67" branchCoverage="0" maxCyclomaticComplexity="0" minCyclomaticComplexity="0" maxCrapScore="0" minCrapScore="0" visitedClasses="0" numClasses="0" visitedMethods="1" numMethods="1" />
              <MetadataToken>100663390</MetadataToken>
              <Name>System.Boolean Inventory::isBanish()</Name>
              <FileRef uid="21" />
              <SequencePoints>
                <SequencePoint vc="10" uspid="880" ordinal="0" offset="0" sl="179" sc="28" el="179" ec="28" bec="0" bev="0" fileid="21" />
                <SequencePoint vc="10" uspid="881" ordinal="0" offset="1" sl="180" sc="9" el="180" ec="9" bec="0" bev="0" fileid="21" />
                <SequencePoint vc="0" uspid="882" ordinal="0" offset="19" sl="180" sc="31" el="180" ec="31" bec="0" bev="0" fileid="21" />
                <SequencePoint vc="10" uspid="883" ordinal="0" offset="23" sl="181" sc="9" el="181" ec="9" bec="0" bev="0" fileid="21" />
                <SequencePoint vc="0" uspid="884" ordinal="0" offset="49" sl="181" sc="42" el="181" ec="42" bec="0" bev="0" fileid="21" />
                <SequencePoint vc="10" uspid="885" ordinal="0" offset="53" sl="182" sc="9" el="182" ec="9" bec="0" bev="0" fileid="21" />
                <SequencePoint vc="0" uspid="886" ordinal="0" offset="80" sl="182" sc="42" el="182" ec="42" bec="0" bev="0" fileid="21" />
                <SequencePoint vc="10" uspid="887" ordinal="0" offset="84" sl="184" sc="9" el="184" ec="9" bec="0" bev="0" fileid="21" />
                <SequencePoint vc="10" uspid="888" ordinal="0" offset="119" sl="185" sc="5" el="185" ec="5" bec="0" bev="0" fileid="21" />
              </SequencePoints>
              <BranchPoints />
            </Method>
            <Method visited="true" cyclomaticComplexity="0" nPathComplexity="0" sequenceCoverage="100.0" branchCoverage="0" crapScore="0" isConstructor="true" isStatic="false" isGetter="false" isSetter="false">
              <Summary numSequencePoints="2" visitedSequencePoints="2" numBranchPoints="0" visitedBranchPoints="0" sequenceCoverage="100.0" branchCoverage="0" maxCyclomaticComplexity="0" minCyclomaticComplexity="0" maxCrapScore="0" minCrapScore="0" visitedClasses="0" numClasses="0" visitedMethods="1" numMethods="1" />
              <MetadataToken>100663391</MetadataToken>
              <Name>Inventory::Inventory()</Name>
              <FileRef uid="21" />
              <SequencePoints>
                <SequencePoint vc="2" uspid="889" ordinal="0" offset="0" sl="11" sc="5" el="11" ec="5" bec="0" bev="0" fileid="21" />
                <SequencePoint vc="2" uspid="890" ordinal="0" offset="16" sl="13" sc="5" el="13" ec="5" bec="0" bev="0" fileid="21" />
              </SequencePoints>
              <BranchPoints />
            </Method>
          </Methods>
        </Class>
        <Class>
          <Summary numSequencePoints="5" visitedSequencePoints="5" numBranchPoints="0" visitedBranchPoints="0" sequenceCoverage="100.0" branchCoverage="0.0" maxCyclomaticComplexity="0" minCyclomaticComplexity="0" maxCrapScore="0" minCrapScore="0" visitedClasses="1" numClasses="1" visitedMethods="1" numMethods="1" />
          <FullName>Item</FullName>
          <Methods>
            <Method visited="true" cyclomaticComplexity="0" nPathComplexity="0" sequenceCoverage="100.0" branchCoverage="0" crapScore="0" isConstructor="false" isStatic="false" isGetter="false" isSetter="false">
              <Summary numSequencePoints="5" visitedSequencePoints="5" numBranchPoints="0" visitedBranchPoints="0" sequenceCoverage="100.0" branchCoverage="0" maxCyclomaticComplexity="0" minCyclomaticComplexity="0" maxCrapScore="0" minCrapScore="0" visitedClasses="0" numClasses="0" visitedMethods="1" numMethods="1" />
              <MetadataToken>100663404</MetadataToken>
              <Name>System.Void Item::Interact()</Name>
              <FileRef uid="22" />
              <SequencePoints>
                <SequencePoint vc="21" uspid="892" ordinal="0" offset="0" sl="11" sc="5" el="11" ec="5" bec="0" bev="0" fileid="22" />
                <SequencePoint vc="21" uspid="893" ordinal="0" offset="1" sl="13" sc="9" el="13" ec="9" bec="0" bev="0" fileid="22" />
                <SequencePoint vc="21" uspid="894" ordinal="0" offset="13" sl="16" sc="9" el="16" ec="9" bec="0" bev="0" fileid="22" />
                <SequencePoint vc="21" uspid="895" ordinal="0" offset="35" sl="20" sc="9" el="20" ec="9" bec="0" bev="0" fileid="22" />
                <SequencePoint vc="21" uspid="896" ordinal="0" offset="48" sl="21" sc="5" el="21" ec="5" bec="0" bev="0" fileid="22" />
              </SequencePoints>
              <BranchPoints />
            </Method>
          </Methods>
        </Class>
        <Class>
          <Summary numSequencePoints="15" visitedSequencePoints="15" numBranchPoints="0" visitedBranchPoints="0" sequenceCoverage="100.0" branchCoverage="0.0" maxCyclomaticComplexity="0" minCyclomaticComplexity="0" maxCrapScore="0" minCrapScore="0" visitedClasses="1" numClasses="1" visitedMethods="4" numMethods="4" />
          <FullName>PlayerCoordinates</FullName>
          <Methods>
            <Method visited="true" cyclomaticComplexity="0" nPathComplexity="0" sequenceCoverage="100.0" branchCoverage="0" crapScore="0" isConstructor="false" isStatic="false" isGetter="false" isSetter="false">
              <Summary numSequencePoints="6" visitedSequencePoints="6" numBranchPoints="0" visitedBranchPoints="0" sequenceCoverage="100.0" branchCoverage="0" maxCyclomaticComplexity="0" minCyclomaticComplexity="0" maxCrapScore="0" minCrapScore="0" visitedClasses="0" numClasses="0" visitedMethods="1" numMethods="1" />
              <MetadataToken>100663406</MetadataToken>
              <Name>System.Void PlayerCoordinates::Start()</Name>
              <FileRef uid="23" />
              <SequencePoints>
                <SequencePoint vc="1" uspid="897" ordinal="0" offset="0" sl="9" sc="18" el="9" ec="18" bec="0" bev="0" fileid="23" />
                <SequencePoint vc="1" uspid="898" ordinal="0" offset="1" sl="10" sc="9" el="10" ec="9" bec="0" bev="0" fileid="23" />
                <SequencePoint vc="1" uspid="899" ordinal="0" offset="13" sl="11" sc="9" el="11" ec="9" bec="0" bev="0" fileid="23" />
                <SequencePoint vc="1" uspid="900" ordinal="0" offset="35" sl="12" sc="9" el="12" ec="9" bec="0" bev="0" fileid="23" />
                <SequencePoint vc="1" uspid="901" ordinal="0" offset="57" sl="13" sc="9" el="13" ec="9" bec="0" bev="0" fileid="23" />
                <SequencePoint vc="1" uspid="902" ordinal="0" offset="79" sl="14" sc="5" el="14" ec="5" bec="0" bev="0" fileid="23" />
              </SequencePoints>
              <BranchPoints />
            </Method>
            <Method visited="true" cyclomaticComplexity="0" nPathComplexity="0" sequenceCoverage="100.0" branchCoverage="0" crapScore="0" isConstructor="false" isStatic="false" isGetter="false" isSetter="false">
              <Summary numSequencePoints="3" visitedSequencePoints="3" numBranchPoints="0" visitedBranchPoints="0" sequenceCoverage="100.0" branchCoverage="0" maxCyclomaticComplexity="0" minCyclomaticComplexity="0" maxCrapScore="0" minCrapScore="0" visitedClasses="0" numClasses="0" visitedMethods="1" numMethods="1" />
              <MetadataToken>100663407</MetadataToken>
              <Name>System.Void PlayerCoordinates::Update()</Name>
              <FileRef uid="23" />
              <SequencePoints>
                <SequencePoint vc="11552" uspid="903" ordinal="0" offset="0" sl="16" sc="19" el="16" ec="19" bec="0" bev="0" fileid="23" />
                <SequencePoint vc="11552" uspid="904" ordinal="0" offset="1" sl="17" sc="9" el="17" ec="9" bec="0" bev="0" fileid="23" />
                <SequencePoint vc="11552" uspid="905" ordinal="0" offset="23" sl="18" sc="5" el="18" ec="5" bec="0" bev="0" fileid="23" />
              </SequencePoints>
              <BranchPoints />
            </Method>
            <Method visited="true" cyclomaticComplexity="0" nPathComplexity="0" sequenceCoverage="100.0" branchCoverage="0" crapScore="0" isConstructor="false" isStatic="false" isGetter="false" isSetter="false">
              <Summary numSequencePoints="3" visitedSequencePoints="3" numBranchPoints="0" visitedBranchPoints="0" sequenceCoverage="100.0" branchCoverage="0" maxCyclomaticComplexity="0" minCyclomaticComplexity="0" maxCrapScore="0" minCrapScore="0" visitedClasses="0" numClasses="0" visitedMethods="1" numMethods="1" />
              <MetadataToken>100663408</MetadataToken>
              <Name>UnityEngine.Vector3 PlayerCoordinates::GetInitPosition()</Name>
              <FileRef uid="23" />
              <SequencePoints>
                <SequencePoint vc="1" uspid="906" ordinal="0" offset="0" sl="20" sc="38" el="20" ec="38" bec="0" bev="0" fileid="23" />
                <SequencePoint vc="1" uspid="907" ordinal="0" offset="1" sl="21" sc="9" el="21" ec="9" bec="0" bev="0" fileid="23" />
                <SequencePoint vc="1" uspid="908" ordinal="0" offset="10" sl="22" sc="5" el="22" ec="5" bec="0" bev="0" fileid="23" />
              </SequencePoints>
              <BranchPoints />
            </Method>
            <Method visited="true" cyclomaticComplexity="0" nPathComplexity="0" sequenceCoverage="100.0" branchCoverage="0" crapScore="0" isConstructor="false" isStatic="false" isGetter="false" isSetter="false">
              <Summary numSequencePoints="3" visitedSequencePoints="3" numBranchPoints="0" visitedBranchPoints="0" sequenceCoverage="100.0" branchCoverage="0" maxCyclomaticComplexity="0" minCyclomaticComplexity="0" maxCrapScore="0" minCrapScore="0" visitedClasses="0" numClasses="0" visitedMethods="1" numMethods="1" />
              <MetadataToken>100663409</MetadataToken>
              <Name>UnityEngine.Vector3 PlayerCoordinates::GetCurrPosition()</Name>
              <FileRef uid="23" />
              <SequencePoints>
                <SequencePoint vc="11836" uspid="909" ordinal="0" offset="0" sl="24" sc="38" el="24" ec="38" bec="0" bev="0" fileid="23" />
                <SequencePoint vc="11836" uspid="910" ordinal="0" offset="1" sl="25" sc="9" el="25" ec="9" bec="0" bev="0" fileid="23" />
                <SequencePoint vc="11836" uspid="911" ordinal="0" offset="10" sl="26" sc="5" el="26" ec="5" bec="0" bev="0" fileid="23" />
              </SequencePoints>
              <BranchPoints />
            </Method>
          </Methods>
        </Class>
        <Class>
          <Summary numSequencePoints="49" visitedSequencePoints="40" numBranchPoints="0" visitedBranchPoints="0" sequenceCoverage="81.63" branchCoverage="0.0" maxCyclomaticComplexity="0" minCyclomaticComplexity="0" maxCrapScore="0" minCrapScore="0" visitedClasses="1" numClasses="1" visitedMethods="5" numMethods="5" />
          <FullName>PlayerHealth</FullName>
          <Methods>
            <Method visited="true" cyclomaticComplexity="0" nPathComplexity="0" sequenceCoverage="100.0" branchCoverage="0" crapScore="0" isConstructor="false" isStatic="false" isGetter="false" isSetter="false">
              <Summary numSequencePoints="18" visitedSequencePoints="18" numBranchPoints="0" visitedBranchPoints="0" sequenceCoverage="100.0" branchCoverage="0" maxCyclomaticComplexity="0" minCyclomaticComplexity="0" maxCrapScore="0" minCrapScore="0" visitedClasses="0" numClasses="0" visitedMethods="1" numMethods="1" />
              <MetadataToken>100663413</MetadataToken>
              <Name>System.Void PlayerHealth::Start()</Name>
              <FileRef uid="24" />
              <SequencePoints>
                <SequencePoint vc="1" uspid="919" ordinal="0" offset="0" sl="30" sc="26" el="30" ec="26" bec="0" bev="0" fileid="24" />
                <SequencePoint vc="1" uspid="920" ordinal="0" offset="1" sl="31" sc="9" el="31" ec="9" bec="0" bev="0" fileid="24" />
                <SequencePoint vc="1" uspid="921" ordinal="0" offset="13" sl="32" sc="9" el="32" ec="9" bec="0" bev="0" fileid="24" />
                <SequencePoint vc="1" uspid="922" ordinal="0" offset="40" sl="33" sc="9" el="33" ec="9" bec="0" bev="0" fileid="24" />
                <SequencePoint vc="1" uspid="923" ordinal="0" offset="56" sl="33" sc="33" el="33" ec="33" bec="0" bev="0" fileid="24" />
                <SequencePoint vc="1" uspid="924" ordinal="0" offset="57" sl="34" sc="13" el="34" ec="13" bec="0" bev="0" fileid="24" />
                <SequencePoint vc="1" uspid="925" ordinal="0" offset="70" sl="35" sc="9" el="35" ec="9" bec="0" bev="0" fileid="24" />
                <SequencePoint vc="1" uspid="926" ordinal="0" offset="71" sl="36" sc="9" el="36" ec="9" bec="0" bev="0" fileid="24" />
                <SequencePoint vc="1" uspid="927" ordinal="0" offset="83" sl="37" sc="9" el="37" ec="9" bec="0" bev="0" fileid="24" />
                <SequencePoint vc="1" uspid="928" ordinal="0" offset="95" sl="40" sc="9" el="40" ec="9" bec="0" bev="0" fileid="24" />
                <SequencePoint vc="1" uspid="929" ordinal="0" offset="108" sl="40" sc="31" el="40" ec="31" bec="0" bev="0" fileid="24" />
                <SequencePoint vc="1" uspid="930" ordinal="0" offset="109" sl="41" sc="13" el="41" ec="13" bec="0" bev="0" fileid="24" />
                <SequencePoint vc="1" uspid="931" ordinal="0" offset="121" sl="42" sc="9" el="42" ec="9" bec="0" bev="0" fileid="24" />
                <SequencePoint vc="1" uspid="932" ordinal="0" offset="122" sl="43" sc="9" el="43" ec="9" bec="0" bev="0" fileid="24" />
                <SequencePoint vc="1" uspid="933" ordinal="0" offset="135" sl="43" sc="30" el="43" ec="30" bec="0" bev="0" fileid="24" />
                <SequencePoint vc="1" uspid="934" ordinal="0" offset="136" sl="44" sc="13" el="44" ec="13" bec="0" bev="0" fileid="24" />
                <SequencePoint vc="1" uspid="935" ordinal="0" offset="148" sl="45" sc="9" el="45" ec="9" bec="0" bev="0" fileid="24" />
                <SequencePoint vc="1" uspid="936" ordinal="0" offset="149" sl="46" sc="5" el="46" ec="5" bec="0" bev="0" fileid="24" />
              </SequencePoints>
              <BranchPoints />
            </Method>
            <Method visited="true" cyclomaticComplexity="0" nPathComplexity="0" sequenceCoverage="66.67" branchCoverage="0" crapScore="0" isConstructor="false" isStatic="false" isGetter="false" isSetter="false">
[...]
              <Summary numSequencePoints="3" visitedSequencePoints="3" numBranchPoints="0" visitedBranchPoints="0" sequenceCoverage="100.0" branchCoverage="0" maxCyclomaticComplexity="0" minCyclomaticComplexity="0" maxCrapScore="0" minCrapScore="0" visitedClasses="0" numClasses="0" visitedMethods="1" numMethods="1" />
              <MetadataToken>100663459</MetadataToken>
              <Name>System.Void Stamina::UpdateBar()</Name>
              <FileRef uid="32" />
              <SequencePoints>
                <SequencePoint vc="11552" uspid="1314" ordinal="0" offset="0" sl="89" sc="29" el="89" ec="29" bec="0" bev="0" fileid="32" />
                <SequencePoint vc="11552" uspid="1315" ordinal="0" offset="1" sl="90" sc="9" el="90" ec="9" bec="0" bev="0" fileid="32" />
                <SequencePoint vc="11552" uspid="1316" ordinal="0" offset="48" sl="91" sc="5" el="91" ec="5" bec="0" bev="0" fileid="32" />
              </SequencePoints>
              <BranchPoints />
            </Method>
            <Method visited="true" cyclomaticComplexity="0" nPathComplexity="0" sequenceCoverage="100.0" branchCoverage="0" crapScore="0" isConstructor="true" isStatic="false" isGetter="false" isSetter="false">
              <Summary numSequencePoints="5" visitedSequencePoints="5" numBranchPoints="0" visitedBranchPoints="0" sequenceCoverage="100.0" branchCoverage="0" maxCyclomaticComplexity="0" minCyclomaticComplexity="0" maxCrapScore="0" minCrapScore="0" visitedClasses="0" numClasses="0" visitedMethods="1" numMethods="1" />
              <MetadataToken>100663460</MetadataToken>
              <Name>Stamina::Stamina()</Name>
              <FileRef uid="32" />
              <SequencePoints>
                <SequencePoint vc="2" uspid="1317" ordinal="0" offset="0" sl="8" sc="22" el="8" ec="22" bec="0" bev="0" fileid="32" />
                <SequencePoint vc="2" uspid="1318" ordinal="0" offset="11" sl="29" sc="5" el="29" ec="5" bec="0" bev="0" fileid="32" />
                <SequencePoint vc="2" uspid="1319" ordinal="0" offset="22" sl="30" sc="5" el="30" ec="5" bec="0" bev="0" fileid="32" />
                <SequencePoint vc="2" uspid="1320" ordinal="0" offset="33" sl="31" sc="5" el="31" ec="5" bec="0" bev="0" fileid="32" />
                <SequencePoint vc="2" uspid="1321" ordinal="0" offset="44" sl="36" sc="5" el="36" ec="5" bec="0" bev="0" fileid="32" />
              </SequencePoints>
              <BranchPoints />
            </Method>
          </Methods>
        </Class>
        <Class>
          <Summary numSequencePoints="24" visitedSequencePoints="24" numBranchPoints="0" visitedBranchPoints="0" sequenceCoverage="100.0" branchCoverage="0.0" maxCyclomaticComplexity="0" minCyclomaticComplexity="0" maxCrapScore="0" minCrapScore="0" visitedClasses="1" numClasses="1" visitedMethods="16" numMethods="16" />
          <FullName>InputSystem_Actions/PlayerActions</FullName>
          <Methods>
            <Method visited="true" cyclomaticComplexity="0" nPathComplexity="0" sequenceCoverage="100.0" branchCoverage="0" crapScore="0" isConstructor="false" isStatic="false" isGetter="true" isSetter="false">
              <Summary numSequencePoints="1" visitedSequencePoints="1" numBranchPoints="0" visitedBranchPoints="0" sequenceCoverage="100.0" branchCoverage="0" maxCyclomaticComplexity="0" minCyclomaticComplexity="0" maxCrapScore="0" minCrapScore="0" visitedClasses="0" numClasses="0" visitedMethods="1" numMethods="1" />
              <MetadataToken>100663464</MetadataToken>
              <Name>UnityEngine.InputSystem.InputAction InputSystem_Actions/PlayerActions::get_Move()</Name>
              <FileRef uid="13" />
              <SequencePoints>
                <SequencePoint vc="3370" uspid="1322" ordinal="0" offset="0" sl="1316" sc="37" el="1316" ec="37" bec="0" bev="0" fileid="13" />
              </SequencePoints>
              <BranchPoints />
            </Method>
            <Method visited="true" cyclomaticComplexity="0" nPathComplexity="0" sequenceCoverage="100.0" branchCoverage="0" crapScore="0" isConstructor="false" isStatic="false" isGetter="true" isSetter="false">
              <Summary numSequencePoints="1" visitedSequencePoints="1" numBranchPoints="0" visitedBranchPoints="0" sequenceCoverage="100.0" branchCoverage="0" maxCyclomaticComplexity="0" minCyclomaticComplexity="0" maxCrapScore="0" minCrapScore="0" visitedClasses="0" numClasses="0" visitedMethods="1" numMethods="1" />
              <MetadataToken>100663465</MetadataToken>
              <Name>UnityEngine.InputSystem.InputAction InputSystem_Actions/PlayerActions::get_Look()</Name>
              <FileRef uid="13" />
              <SequencePoints>
                <SequencePoint vc="11552" uspid="1323" ordinal="0" offset="0" sl="1320" sc="37" el="1320" ec="37" bec="0" bev="0" fileid="13" />
              </SequencePoints>
              <BranchPoints />
            </Method>
            <Method visited="true" cyclomaticComplexity="0" nPathComplexity="0" sequenceCoverage="100.0" branchCoverage="0" crapScore="0" isConstructor="false" isStatic="false" isGetter="true" isSetter="false">
              <Summary numSequencePoints="1" visitedSequencePoints="1" numBranchPoints="0" visitedBranchPoints="0" sequenceCoverage="100.0" branchCoverage="0" maxCyclomaticComplexity="0" minCyclomaticComplexity="0" maxCrapScore="0" minCrapScore="0" visitedClasses="0" numClasses="0" visitedMethods="1" numMethods="1" />
              <MetadataToken>100663466</MetadataToken>
              <Name>UnityEngine.InputSystem.InputAction InputSystem_Actions/PlayerActions::get_ToggleFlashlight()</Name>
              <FileRef uid="13" />
              <SequencePoints>
                <SequencePoint vc="1" uspid="1324" ordinal="0" offset="0" sl="1324" sc="49" el="1324" ec="49" bec="0" bev="0" fileid="13" />
              </SequencePoints>
              <BranchPoints />
            </Method>
            <Method visited="true" cyclomaticComplexity="0" nPathComplexity="0" sequenceCoverage="100.0" branchCoverage="0" crapScore="0" isConstructor="false" isStatic="false" isGetter="true" isSetter="false">
              <Summary numSequencePoints="1" visitedSequencePoints="1" numBranchPoints="0" visitedBranchPoints="0" sequenceCoverage="100.0" branchCoverage="0" maxCyclomaticComplexity="0" minCyclomaticComplexity="0" maxCrapScore="0" minCrapScore="0" visitedClasses="0" numClasses="0" visitedMethods="1" numMethods="1" />
              <MetadataToken>100663467</MetadataToken>
              <Name>UnityEngine.InputSystem.InputAction InputSystem_Actions/PlayerActions::get_Interact()</Name>
              <FileRef uid="13" />
              <SequencePoints>
                <SequencePoint vc="3664" uspid="1325" ordinal="0" offset="0" sl="1328" sc="41" el="1328" ec="41" bec="0" bev="0" fileid="13" />
              </SequencePoints>
              <BranchPoints />
            </Method>
            <Method visited="true" cyclomaticComplexity="0" nPathComplexity="0" sequenceCoverage="100.0" branchCoverage="0" crapScore="0" isConstructor="false" isStatic="false" isGetter="true" isSetter="false">
              <Summary numSequencePoints="1" visitedSequencePoints="1" numBranchPoints="0" visitedBranchPoints="0" sequenceCoverage="100.0" branchCoverage="0" maxCyclomaticComplexity="0" minCyclomaticComplexity="0" maxCrapScore="0" minCrapScore="0" visitedClasses="0" numClasses="0" visitedMethods="1" numMethods="1" />
              <MetadataToken>100663468</MetadataToken>
              <Name>UnityEngine.InputSystem.InputAction InputSystem_Actions/PlayerActions::get_Crouch()</Name>
              <FileRef uid="13" />
              <SequencePoints>
                <SequencePoint vc="1" uspid="1326" ordinal="0" offset="0" sl="1332" sc="39" el="1332" ec="39" bec="0" bev="0" fileid="13" />
              </SequencePoints>
              <BranchPoints />
            </Method>
            <Method visited="true" cyclomaticComplexity="0" nPathComplexity="0" sequenceCoverage="100.0" branchCoverage="0" crapScore="0" isConstructor="false" isStatic="false" isGetter="true" isSetter="false">
              <Summary numSequencePoints="1" visitedSequencePoints="1" numBranchPoints="0" visitedBranchPoints="0" sequenceCoverage="100.0" branchCoverage="0" maxCyclomaticComplexity="0" minCyclomaticComplexity="0" maxCrapScore="0" minCrapScore="0" visitedClasses="0" numClasses="0" visitedMethods="1" numMethods="1" />
              <MetadataToken>100663469</MetadataToken>
              <Name>UnityEngine.InputSystem.InputAction InputSystem_Actions/PlayerActions::get_Jump()</Name>
              <FileRef uid="13" />
              <SequencePoints>
                <SequencePoint vc="1" uspid="1327" ordinal="0" offset="0" sl="1336" sc="37" el="1336" ec="37" bec="0" bev="0" fileid="13" />
              </SequencePoints>
              <BranchPoints />
            </Method>
            <Method visited="true" cyclomaticComplexity="0" nPathComplexity="0" sequenceCoverage="100.0" branchCoverage="0" crapScore="0" isConstructor="false" isStatic="false" isGetter="true" isSetter="false">
              <Summary numSequencePoints="1" visitedSequencePoints="1" numBranchPoints="0" visitedBranchPoints="0" sequenceCoverage="100.0" branchCoverage="0" maxCyclomaticComplexity="0" minCyclomaticComplexity="0" maxCrapScore="0" minCrapScore="0" visitedClasses="0" numClasses="0" visitedMethods="1" numMethods="1" />
              <MetadataToken>100663470</MetadataToken>
              <Name>UnityEngine.InputSystem.InputAction InputSystem_Actions/PlayerActions::get_Sprint()</Name>
              <FileRef uid="13" />
              <SequencePoints>
                <SequencePoint vc="1" uspid="1328" ordinal="0" offset="0" sl="1340" sc="39" el="1340" ec="39" bec="0" bev="0" fileid="13" />
              </SequencePoints>
              <BranchPoints />
            </Method>
            <Method visited="true" cyclomaticComplexity="0" nPathComplexity="0" sequenceCoverage="100.0" branchCoverage="0" crapScore="0" isConstructor="false" isStatic="false" isGetter="true" isSetter="false">
              <Summary numSequencePoints="1" visitedSequencePoints="1" numBranchPoints="0" visitedBranchPoints="0" sequenceCoverage="100.0" branchCoverage="0" maxCyclomaticComplexity="0" minCyclomaticComplexity="0" maxCrapScore="0" minCrapScore="0" visitedClasses="0" numClasses="0" visitedMethods="1" numMethods="1" />
              <MetadataToken>100663471</MetadataToken>
              <Name>UnityEngine.InputSystem.InputAction InputSystem_Actions/PlayerActions::get_NextItem()</Name>
              <FileRef uid="13" />
              <SequencePoints>
                <SequencePoint vc="1" uspid="1329" ordinal="0" offset="0" sl="1344" sc="41" el="1344" ec="41" bec="0" bev="0" fileid="13" />
              </SequencePoints>
              <BranchPoints />
            </Method>
            <Method visited="true" cyclomaticComplexity="0" nPathComplexity="0" sequenceCoverage="100.0" branchCoverage="0" crapScore="0" isConstructor="false" isStatic="false" isGetter="true" isSetter="false">
              <Summary numSequencePoints="1" visitedSequencePoints="1" numBranchPoints="0" visitedBranchPoints="0" sequenceCoverage="100.0" branchCoverage="0" maxCyclomaticComplexity="0" minCyclomaticComplexity="0" maxCrapScore="0" minCrapScore="0" visitedClasses="0" numClasses="0" visitedMethods="1" numMethods="1" />
              <MetadataToken>100663472</MetadataToken>
              <Name>UnityEngine.InputSystem.InputAction InputSystem_Actions/PlayerActions::get_PreviousItem()</Name>
              <FileRef uid="13" />
              <SequencePoints>
                <SequencePoint vc="1" uspid="1330" ordinal="0" offset="0" sl="1348" sc="45" el="1348" ec="45" bec="0" bev="0" fileid="13" />
              </SequencePoints>
              <BranchPoints />
            </Method>
            <Method visited="true" cyclomaticComplexity="0" nPathComplexity="0" sequenceCoverage="100.0" branchCoverage="0" crapScore="0" isConstructor="false" isStatic="false" isGetter="true" isSetter="false">
              <Summary numSequencePoints="1" visitedSequencePoints="1" numBranchPoints="0" visitedBranchPoints="0" sequenceCoverage="100.0" branchCoverage="0" maxCyclomaticComplexity="0" minCyclomaticComplexity="0" maxCrapScore="0" minCrapScore="0" visitedClasses="0" numClasses="0" visitedMethods="1" numMethods="1" />
              <MetadataToken>100663473</MetadataToken>
              <Name>UnityEngine.InputSystem.InputAction InputSystem_Actions/PlayerActions::get_DropItem()</Name>
              <FileRef uid="13" />
              <SequencePoints>
                <SequencePoint vc="1" uspid="1331" ordinal="0" offset="0" sl="1352" sc="41" el="1352" ec="41" bec="0" bev="0" fileid="13" />
              </SequencePoints>
              <BranchPoints />
            </Method>
            <Method visited="true" cyclomaticComplexity="0" nPathComplexity="0" sequenceCoverage="100.0" branchCoverage="0" crapScore="0" isConstructor="false" isStatic="false" isGetter="true" isSetter="false">
              <Summary numSequencePoints="1" visitedSequencePoints="1" numBranchPoints="0" visitedBranchPoints="0" sequenceCoverage="100.0" branchCoverage="0" maxCyclomaticComplexity="0" minCyclomaticComplexity="0" maxCrapScore="0" minCrapScore="0" visitedClasses="0" numClasses="0" visitedMethods="1" numMethods="1" />
              <MetadataToken>100663474</MetadataToken>
              <Name>UnityEngine.InputSystem.InputAction InputSystem_Actions/PlayerActions::get_ToggleMaxFlash()</Name>
              <FileRef uid="13" />
              <SequencePoints>
                <SequencePoint vc="1" uspid="1332" ordinal="0" offset="0" sl="1356" sc="47" el="1356" ec="47" bec="0" bev="0" fileid="13" />
              </SequencePoints>
              <BranchPoints />
            </Method>
            <Method visited="true" cyclomaticComplexity="0" nPathComplexity="0" sequenceCoverage="100.0" branchCoverage="0" crapScore="0" isConstructor="false" isStatic="false" isGetter="true" isSetter="false">
              <Summary numSequencePoints="1" visitedSequencePoints="1" numBranchPoints="0" visitedBranchPoints="0" sequenceCoverage="100.0" branchCoverage="0" maxCyclomaticComplexity="0" minCyclomaticComplexity="0" maxCrapScore="0" minCrapScore="0" visitedClasses="0" numClasses="0" visitedMethods="1" numMethods="1" />
              <MetadataToken>100663475</MetadataToken>
              <Name>UnityEngine.InputSystem.InputAction InputSystem_Actions/PlayerActions::get_UseItem()</Name>
              <FileRef uid="13" />
              <SequencePoints>
                <SequencePoint vc="1" uspid="1333" ordinal="0" offset="0" sl="1360" sc="40" el="1360" ec="40" bec="0" bev="0" fileid="13" />
              </SequencePoints>
              <BranchPoints />
            </Method>
            <Method visited="true" cyclomaticComplexity="0" nPathComplexity="0" sequenceCoverage="100.0" branchCoverage="0" crapScore="0" isConstructor="false" isStatic="false" isGetter="false" isSetter="false">
              <Summary numSequencePoints="3" visitedSequencePoints="3" numBranchPoints="0" visitedBranchPoints="0" sequenceCoverage="100.0" branchCoverage="0" maxCyclomaticComplexity="0" minCyclomaticComplexity="0" maxCrapScore="0" minCrapScore="0" visitedClasses="0" numClasses="0" visitedMethods="1" numMethods="1" />
              <MetadataToken>100663476</MetadataToken>
              <Name>UnityEngine.InputSystem.InputActionMap InputSystem_Actions/PlayerActions::Get()</Name>
              <FileRef uid="13" />
              <SequencePoints>
                <SequencePoint vc="2" uspid="1334" ordinal="0" offset="0" sl="1364" sc="37" el="1364" ec="37" bec="0" bev="0" fileid="13" />
                <SequencePoint vc="2" uspid="1335" ordinal="0" offset="1" sl="1364" sc="39" el="1364" ec="39" bec="0" bev="0" fileid="13" />
                <SequencePoint vc="2" uspid="1336" ordinal="0" offset="15" sl="1364" sc="66" el="1364" ec="66" bec="0" bev="0" fileid="13" />
              </SequencePoints>
              <BranchPoints />
            </Method>
            <Method visited="true" cyclomaticComplexity="0" nPathComplexity="0" sequenceCoverage="100.0" branchCoverage="0" crapScore="0" isConstructor="false" isStatic="false" isGetter="false" isSetter="false">
              <Summary numSequencePoints="3" visitedSequencePoints="3" numBranchPoints="0" visitedBranchPoints="0" sequenceCoverage="100.0" branchCoverage="0" maxCyclomaticComplexity="0" minCyclomaticComplexity="0" maxCrapScore="0" minCrapScore="0" visitedClasses="0" numClasses="0" visitedMethods="1" numMethods="1" />
              <MetadataToken>100663477</MetadataToken>
              <Name>System.Void InputSystem_Actions/PlayerActions::Enable()</Name>
              <FileRef uid="13" />
              <SequencePoints>
                <SequencePoint vc="1" uspid="1337" ordinal="0" offset="0" sl="1366" sc="30" el="1366" ec="30" bec="0" bev="0" fileid="13" />
                <SequencePoint vc="1" uspid="1338" ordinal="0" offset="1" sl="1366" sc="32" el="1366" ec="32" bec="0" bev="0" fileid="13" />
                <SequencePoint vc="1" uspid="1339" ordinal="0" offset="13" sl="1366" sc="48" el="1366" ec="48" bec="0" bev="0" fileid="13" />
              </SequencePoints>
              <BranchPoints />
            </Method>
            <Method visited="true" cyclomaticComplexity="0" nPathComplexity="0" sequenceCoverage="100.0" branchCoverage="0" crapScore="0" isConstructor="false" isStatic="false" isGetter="false" isSetter="false">
              <Summary numSequencePoints="3" visitedSequencePoints="3" numBranchPoints="0" visitedBranchPoints="0" sequenceCoverage="100.0" branchCoverage="0" maxCyclomaticComplexity="0" minCyclomaticComplexity="0" maxCrapScore="0" minCrapScore="0" visitedClasses="0" numClasses="0" visitedMethods="1" numMethods="1" />
              <MetadataToken>100663478</MetadataToken>
              <Name>System.Void InputSystem_Actions/PlayerActions::Disable()</Name>
              <FileRef uid="13" />
              <SequencePoints>
                <SequencePoint vc="1" uspid="1340" ordinal="0" offset="0" sl="1368" sc="31" el="1368" ec="31" bec="0" bev="0" fileid="13" />
                <SequencePoint vc="1" uspid="1341" ordinal="0" offset="1" sl="1368" sc="33" el="1368" ec="33" bec="0" bev="0" fileid="13" />
                <SequencePoint vc="1" uspid="1342" ordinal="0" offset="13" sl="1368" sc="50" el="1368" ec="50" bec="0" bev="0" fileid="13" />
              </SequencePoints>
              <BranchPoints />
            </Method>
            <Method visited="true" cyclomaticComplexity="0" nPathComplexity="0" sequenceCoverage="100.0" branchCoverage="0" crapScore="0" isConstructor="true" isStatic="false" isGetter="false" isSetter="false">
              <Summary numSequencePoints="3" visitedSequencePoints="3" numBranchPoints="0" visitedBranchPoints="0" sequenceCoverage="100.0" branchCoverage="0" maxCyclomaticComplexity="0" minCyclomaticComplexity="0" maxCrapScore="0" minCrapScore="0" visitedClasses="0" numClasses="0" visitedMethods="1" numMethods="1" />
              <MetadataToken>100663463</MetadataToken>
              <Name>InputSystem_Actions/PlayerActions::PlayerActions(InputSystem_Actions)</Name>
              <FileRef uid="13" />
              <SequencePoints>
                <SequencePoint vc="1" uspid="1439" ordinal="0" offset="0" sl="1312" sc="60" el="1312" ec="60" bec="0" bev="0" fileid="13" />
                <SequencePoint vc="1" uspid="1440" ordinal="0" offset="1" sl="1312" sc="62" el="1312" ec="62" bec="0" bev="0" fileid="13" />
                <SequencePoint vc="1" uspid="1441" ordinal="0" offset="8" sl="1312" sc="83" el="1312" ec="83" bec="0" bev="0" fileid="13" />
              </SequencePoints>
              <BranchPoints />
            </Method>
          </Methods>
        </Class>
      </Classes>
    </Module>
  </Modules>
</CoverageSession>