<?xml version="1.0" encoding="utf-8"?>
<CoverageSession xmlns:xsd="http://www.w3.org/2001/XMLSchema" xmlns:xsi="http://www.w3.org/2001/XMLSchema-instance" Version="0.0.0.0">
  <Summary numSequencePoints="269" visitedSequencePoints="265" numBranchPoints="0" visitedBranchPoints="0" sequenceCoverage="98.51" branchCoverage="0.0" maxCyclomaticComplexity="0" minCyclomaticComplexity="0" maxCrapScore="0" minCrapScore="0" visitedClasses="8" numClasses="8" visitedMethods="33" numMethods="33" />
  <Modules>
    <Module>
      <Summary numSequencePoints="200" visitedSequencePoints="200" numBranchPoints="0" visitedBranchPoints="0" sequenceCoverage="100.0" branchCoverage="0.0" maxCyclomaticComplexity="0" minCyclomaticComplexity="0" maxCrapScore="0" minCrapScore="0" visitedClasses="4" numClasses="4" visitedMethods="20" numMethods="20" />
      <ModuleTime>0001-01-01T00:00:00</ModuleTime>
      <ModuleName>EditMode</ModuleName>
      <Files>
        <File uid="1" fullPath="C:/Users/Colin/OneDrive/Documents/GitHub/Fading-Light/Assets/Tests/EditMode/FlashlightTests.cs" />
        <File uid="2" fullPath="C:/Users/Colin/OneDrive/Documents/GitHub/Fading-Light/Assets/Tests/EditMode/PlayerMotorEditTests.cs" />
        <File uid="3" fullPath="C:/Users/Colin/OneDrive/Documents/GitHub/Fading-Light/Assets/Tests/EditMode/PowerManagerEditTests.cs" />
        <File uid="4" fullPath="C:/Users/Colin/OneDrive/Documents/GitHub/Fading-Light/Assets/Tests/EditMode/PrefabSpawnerTests.cs" />
      </Files>
      <Classes>
        <Class>
          <Summary numSequencePoints="16" visitedSequencePoints="16" numBranchPoints="0" visitedBranchPoints="0" sequenceCoverage="100.0" branchCoverage="0.0" maxCyclomaticComplexity="0" minCyclomaticComplexity="0" maxCrapScore="0" minCrapScore="0" visitedClasses="1" numClasses="1" visitedMethods="2" numMethods="2" />
          <FullName>FlashlightTests</FullName>
          <Methods>
            <Method visited="true" cyclomaticComplexity="0" nPathComplexity="0" sequenceCoverage="100.0" branchCoverage="0" crapScore="0" isConstructor="false" isStatic="false" isGetter="false" isSetter="false">
              <Summary numSequencePoints="8" visitedSequencePoints="8" numBranchPoints="0" visitedBranchPoints="0" sequenceCoverage="100.0" branchCoverage="0" maxCyclomaticComplexity="0" minCyclomaticComplexity="0" maxCrapScore="0" minCrapScore="0" visitedClasses="0" numClasses="0" visitedMethods="1" numMethods="1" />
              <MetadataToken>100663297</MetadataToken>
              <Name>System.Void FlashlightTests::NormalLight()</Name>
              <FileRef uid="1" />
              <SequencePoints>
                <SequencePoint vc="1" uspid="2333" ordinal="0" offset="0" sl="6" sc="31" el="6" ec="31" bec="0" bev="0" fileid="1" />
                <SequencePoint vc="1" uspid="2334" ordinal="0" offset="1" sl="7" sc="9" el="7" ec="9" bec="0" bev="0" fileid="1" />
                <SequencePoint vc="1" uspid="2335" ordinal="0" offset="7" sl="8" sc="9" el="8" ec="9" bec="0" bev="0" fileid="1" />
                <SequencePoint vc="1" uspid="2336" ordinal="0" offset="14" sl="10" sc="9" el="10" ec="9" bec="0" bev="0" fileid="1" />
                <SequencePoint vc="1" uspid="2337" ordinal="0" offset="21" sl="12" sc="9" el="12" ec="9" bec="0" bev="0" fileid="1" />
                <SequencePoint vc="1" uspid="2338" ordinal="0" offset="54" sl="14" sc="9" el="14" ec="9" bec="0" bev="0" fileid="1" />
                <SequencePoint vc="1" uspid="2339" ordinal="0" offset="61" sl="16" sc="9" el="16" ec="9" bec="0" bev="0" fileid="1" />
                <SequencePoint vc="1" uspid="2340" ordinal="0" offset="94" sl="17" sc="5" el="17" ec="5" bec="0" bev="0" fileid="1" />
              </SequencePoints>
              <BranchPoints />
            </Method>
            <Method visited="true" cyclomaticComplexity="0" nPathComplexity="0" sequenceCoverage="100.0" branchCoverage="0" crapScore="0" isConstructor="false" isStatic="false" isGetter="false" isSetter="false">
              <Summary numSequencePoints="8" visitedSequencePoints="8" numBranchPoints="0" visitedBranchPoints="0" sequenceCoverage="100.0" branchCoverage="0" maxCyclomaticComplexity="0" minCyclomaticComplexity="0" maxCrapScore="0" minCrapScore="0" visitedClasses="0" numClasses="0" visitedMethods="1" numMethods="1" />
              <MetadataToken>100663298</MetadataToken>
              <Name>System.Void FlashlightTests::MaxLight()</Name>
              <FileRef uid="1" />
              <SequencePoints>
                <SequencePoint vc="1" uspid="2341" ordinal="0" offset="0" sl="20" sc="28" el="20" ec="28" bec="0" bev="0" fileid="1" />
                <SequencePoint vc="1" uspid="2342" ordinal="0" offset="1" sl="21" sc="9" el="21" ec="9" bec="0" bev="0" fileid="1" />
                <SequencePoint vc="1" uspid="2343" ordinal="0" offset="7" sl="22" sc="9" el="22" ec="9" bec="0" bev="0" fileid="1" />
                <SequencePoint vc="1" uspid="2344" ordinal="0" offset="14" sl="24" sc="9" el="24" ec="9" bec="0" bev="0" fileid="1" />
                <SequencePoint vc="1" uspid="2345" ordinal="0" offset="21" sl="26" sc="9" el="26" ec="9" bec="0" bev="0" fileid="1" />
                <SequencePoint vc="1" uspid="2346" ordinal="0" offset="54" sl="28" sc="9" el="28" ec="9" bec="0" bev="0" fileid="1" />
                <SequencePoint vc="1" uspid="2347" ordinal="0" offset="61" sl="30" sc="9" el="30" ec="9" bec="0" bev="0" fileid="1" />
                <SequencePoint vc="1" uspid="2348" ordinal="0" offset="94" sl="31" sc="5" el="31" ec="5" bec="0" bev="0" fileid="1" />
              </SequencePoints>
              <BranchPoints />
            </Method>
          </Methods>
        </Class>
        <Class>
          <Summary numSequencePoints="44" visitedSequencePoints="44" numBranchPoints="0" visitedBranchPoints="0" sequenceCoverage="100.0" branchCoverage="0.0" maxCyclomaticComplexity="0" minCyclomaticComplexity="0" maxCrapScore="0" minCrapScore="0" visitedClasses="1" numClasses="1" visitedMethods="6" numMethods="6" />
          <FullName>PlayerMotorTests</FullName>
          <Methods>
            <Method visited="true" cyclomaticComplexity="0" nPathComplexity="0" sequenceCoverage="100.0" branchCoverage="0" crapScore="0" isConstructor="false" isStatic="false" isGetter="false" isSetter="false">
              <Summary numSequencePoints="11" visitedSequencePoints="11" numBranchPoints="0" visitedBranchPoints="0" sequenceCoverage="100.0" branchCoverage="0" maxCyclomaticComplexity="0" minCyclomaticComplexity="0" maxCrapScore="0" minCrapScore="0" visitedClasses="0" numClasses="0" visitedMethods="1" numMethods="1" />
              <MetadataToken>100663300</MetadataToken>
              <Name>System.Void PlayerMotorTests::SprintToggle()</Name>
              <FileRef uid="2" />
              <SequencePoints>
                <SequencePoint vc="1" uspid="2349" ordinal="0" offset="0" sl="6" sc="32" el="6" ec="32" bec="0" bev="0" fileid="2" />
                <SequencePoint vc="1" uspid="2350" ordinal="0" offset="1" sl="7" sc="9" el="7" ec="9" bec="0" bev="0" fileid="2" />
                <SequencePoint vc="1" uspid="2351" ordinal="0" offset="7" sl="8" sc="9" el="8" ec="9" bec="0" bev="0" fileid="2" />
                <SequencePoint vc="1" uspid="2352" ordinal="0" offset="19" sl="9" sc="9" el="9" ec="9" bec="0" bev="0" fileid="2" />
                <SequencePoint vc="1" uspid="2353" ordinal="0" offset="26" sl="11" sc="9" el="11" ec="9" bec="0" bev="0" fileid="2" />
                <SequencePoint vc="1" uspid="2354" ordinal="0" offset="33" sl="13" sc="9" el="13" ec="9" bec="0" bev="0" fileid="2" />
                <SequencePoint vc="1" uspid="2355" ordinal="0" offset="55" sl="14" sc="9" el="14" ec="9" bec="0" bev="0" fileid="2" />
                <SequencePoint vc="1" uspid="2356" ordinal="0" offset="92" sl="16" sc="9" el="16" ec="9" bec="0" bev="0" fileid="2" />
                <SequencePoint vc="1" uspid="2357" ordinal="0" offset="99" sl="18" sc="9" el="18" ec="9" bec="0" bev="0" fileid="2" />
                <SequencePoint vc="1" uspid="2358" ordinal="0" offset="121" sl="19" sc="9" el="19" ec="9" bec="0" bev="0" fileid="2" />
                <SequencePoint vc="1" uspid="2359" ordinal="0" offset="158" sl="20" sc="5" el="20" ec="5" bec="0" bev="0" fileid="2" />
              </SequencePoints>
              <BranchPoints />
            </Method>
            <Method visited="true" cyclomaticComplexity="0" nPathComplexity="0" sequenceCoverage="100.0" branchCoverage="0" crapScore="0" isConstructor="false" isStatic="false" isGetter="false" isSetter="false">
              <Summary numSequencePoints="8" visitedSequencePoints="8" numBranchPoints="0" visitedBranchPoints="0" sequenceCoverage="100.0" branchCoverage="0" maxCyclomaticComplexity="0" minCyclomaticComplexity="0" maxCrapScore="0" minCrapScore="0" visitedClasses="0" numClasses="0" visitedMethods="1" numMethods="1" />
              <MetadataToken>100663301</MetadataToken>
              <Name>System.Void PlayerMotorTests::CrouchToggle()</Name>
              <FileRef uid="2" />
              <SequencePoints>
                <SequencePoint vc="1" uspid="2360" ordinal="0" offset="0" sl="23" sc="32" el="23" ec="32" bec="0" bev="0" fileid="2" />
                <SequencePoint vc="1" uspid="2361" ordinal="0" offset="1" sl="24" sc="9" el="24" ec="9" bec="0" bev="0" fileid="2" />
                <SequencePoint vc="1" uspid="2362" ordinal="0" offset="7" sl="26" sc="9" el="26" ec="9" bec="0" bev="0" fileid="2" />
                <SequencePoint vc="1" uspid="2363" ordinal="0" offset="14" sl="28" sc="9" el="28" ec="9" bec="0" bev="0" fileid="2" />
                <SequencePoint vc="1" uspid="2364" ordinal="0" offset="36" sl="29" sc="9" el="29" ec="9" bec="0" bev="0" fileid="2" />
                <SequencePoint vc="1" uspid="2365" ordinal="0" offset="73" sl="31" sc="9" el="31" ec="9" bec="0" bev="0" fileid="2" />
                <SequencePoint vc="1" uspid="2366" ordinal="0" offset="80" sl="33" sc="9" el="33" ec="9" bec="0" bev="0" fileid="2" />
                <SequencePoint vc="1" uspid="2367" ordinal="0" offset="102" sl="34" sc="5" el="34" ec="5" bec="0" bev="0" fileid="2" />
              </SequencePoints>
              <BranchPoints />
            </Method>
            <Method visited="true" cyclomaticComplexity="0" nPathComplexity="0" sequenceCoverage="100.0" branchCoverage="0" crapScore="0" isConstructor="false" isStatic="false" isGetter="false" isSetter="false">
              <Summary numSequencePoints="7" visitedSequencePoints="7" numBranchPoints="0" visitedBranchPoints="0" sequenceCoverage="100.0" branchCoverage="0" maxCyclomaticComplexity="0" minCyclomaticComplexity="0" maxCrapScore="0" minCrapScore="0" visitedClasses="0" numClasses="0" visitedMethods="1" numMethods="1" />
              <MetadataToken>100663302</MetadataToken>
              <Name>System.Void PlayerMotorTests::CalculateJumpVelocity()</Name>
              <FileRef uid="2" />
              <SequencePoints>
                <SequencePoint vc="1" uspid="2368" ordinal="0" offset="0" sl="37" sc="41" el="37" ec="41" bec="0" bev="0" fileid="2" />
                <SequencePoint vc="1" uspid="2369" ordinal="0" offset="1" sl="38" sc="9" el="38" ec="9" bec="0" bev="0" fileid="2" />
                <SequencePoint vc="1" uspid="2370" ordinal="0" offset="7" sl="39" sc="9" el="39" ec="9" bec="0" bev="0" fileid="2" />
                <SequencePoint vc="1" uspid="2371" ordinal="0" offset="18" sl="40" sc="9" el="40" ec="9" bec="0" bev="0" fileid="2" />
                <SequencePoint vc="1" uspid="2372" ordinal="0" offset="29" sl="42" sc="9" el="42" ec="9" bec="0" bev="0" fileid="2" />
                <SequencePoint vc="1" uspid="2373" ordinal="0" offset="40" sl="43" sc="9" el="43" ec="9" bec="0" bev="0" fileid="2" />
                <SequencePoint vc="1" uspid="2374" ordinal="0" offset="76" sl="44" sc="5" el="44" ec="5" bec="0" bev="0" fileid="2" />
              </SequencePoints>
              <BranchPoints />
            </Method>
            <Method visited="true" cyclomaticComplexity="0" nPathComplexity="0" sequenceCoverage="100.0" branchCoverage="0" crapScore="0" isConstructor="false" isStatic="false" isGetter="false" isSetter="false">
              <Summary numSequencePoints="5" visitedSequencePoints="5" numBranchPoints="0" visitedBranchPoints="0" sequenceCoverage="100.0" branchCoverage="0" maxCyclomaticComplexity="0" minCyclomaticComplexity="0" maxCrapScore="0" minCrapScore="0" visitedClasses="0" numClasses="0" visitedMethods="1" numMethods="1" />
              <MetadataToken>100663303</MetadataToken>
              <Name>System.Void PlayerMotorTests::Speed()</Name>
              <FileRef uid="2" />
              <SequencePoints>
                <SequencePoint vc="1" uspid="2375" ordinal="0" offset="0" sl="47" sc="25" el="47" ec="25" bec="0" bev="0" fileid="2" />
                <SequencePoint vc="1" uspid="2376" ordinal="0" offset="1" sl="48" sc="9" el="48" ec="9" bec="0" bev="0" fileid="2" />
                <SequencePoint vc="1" uspid="2377" ordinal="0" offset="7" sl="50" sc="9" el="50" ec="9" bec="0" bev="0" fileid="2" />
                <SequencePoint vc="1" uspid="2378" ordinal="0" offset="19" sl="52" sc="9" el="52" ec="9" bec="0" bev="0" fileid="2" />
                <SequencePoint vc="1" uspid="2379" ordinal="0" offset="56" sl="53" sc="5" el="53" ec="5" bec="0" bev="0" fileid="2" />
              </SequencePoints>
              <BranchPoints />
            </Method>
            <Method visited="true" cyclomaticComplexity="0" nPathComplexity="0" sequenceCoverage="100.0" branchCoverage="0" crapScore="0" isConstructor="false" isStatic="false" isGetter="false" isSetter="false">
              <Summary numSequencePoints="5" visitedSequencePoints="5" numBranchPoints="0" visitedBranchPoints="0" sequenceCoverage="100.0" branchCoverage="0" maxCyclomaticComplexity="0" minCyclomaticComplexity="0" maxCrapScore="0" minCrapScore="0" visitedClasses="0" numClasses="0" visitedMethods="1" numMethods="1" />
              <MetadataToken>100663304</MetadataToken>
              <Name>System.Void PlayerMotorTests::Sprinting()</Name>
              <FileRef uid="2" />
              <SequencePoints>
                <SequencePoint vc="1" uspid="2380" ordinal="0" offset="0" sl="56" sc="29" el="56" ec="29" bec="0" bev="0" fileid="2" />
                <SequencePoint vc="1" uspid="2381" ordinal="0" offset="1" sl="57" sc="9" el="57" ec="9" bec="0" bev="0" fileid="2" />
                <SequencePoint vc="1" uspid="2382" ordinal="0" offset="7" sl="59" sc="9" el="59" ec="9" bec="0" bev="0" fileid="2" />
                <SequencePoint vc="1" uspid="2383" ordinal="0" offset="15" sl="60" sc="9" el="60" ec="9" bec="0" bev="0" fileid="2" />
                <SequencePoint vc="1" uspid="2384" ordinal="0" offset="37" sl="61" sc="5" el="61" ec="5" bec="0" bev="0" fileid="2" />
              </SequencePoints>
              <BranchPoints />
            </Method>
            <Method visited="true" cyclomaticComplexity="0" nPathComplexity="0" sequenceCoverage="100.0" branchCoverage="0" crapScore="0" isConstructor="false" isStatic="false" isGetter="false" isSetter="false">
              <Summary numSequencePoints="8" visitedSequencePoints="8" numBranchPoints="0" visitedBranchPoints="0" sequenceCoverage="100.0" branchCoverage="0" maxCyclomaticComplexity="0" minCyclomaticComplexity="0" maxCrapScore="0" minCrapScore="0" visitedClasses="0" numClasses="0" visitedMethods="1" numMethods="1" />
              <MetadataToken>100663305</MetadataToken>
              <Name>System.Void PlayerMotorTests::CorrectDefaultValues()</Name>
              <FileRef uid="2" />
              <SequencePoints>
                <SequencePoint vc="1" uspid="2385" ordinal="0" offset="0" sl="64" sc="40" el="64" ec="40" bec="0" bev="0" fileid="2" />
                <SequencePoint vc="1" uspid="2386" ordinal="0" offset="1" sl="65" sc="9" el="65" ec="9" bec="0" bev="0" fileid="2" />
                <SequencePoint vc="1" uspid="2387" ordinal="0" offset="7" sl="67" sc="9" el="67" ec="9" bec="0" bev="0" fileid="2" />
                <SequencePoint vc="1" uspid="2388" ordinal="0" offset="44" sl="68" sc="9" el="68" ec="9" bec="0" bev="0" fileid="2" />
                <SequencePoint vc="1" uspid="2389" ordinal="0" offset="81" sl="69" sc="9" el="69" ec="9" bec="0" bev="0" fileid="2" />
                <SequencePoint vc="1" uspid="2390" ordinal="0" offset="118" sl="70" sc="9" el="70" ec="9" bec="0" bev="0" fileid="2" />
                <SequencePoint vc="1" uspid="2391" ordinal="0" offset="140" sl="71" sc="9" el="71" ec="9" bec="0" bev="0" fileid="2" />
                <SequencePoint vc="1" uspid="2392" ordinal="0" offset="162" sl="72" sc="5" el="72" ec="5" bec="0" bev="0" fileid="2" />
              </SequencePoints>
              <BranchPoints />
            </Method>
          </Methods>
        </Class>
        <Class>
          <Summary numSequencePoints="38" visitedSequencePoints="38" numBranchPoints="0" visitedBranchPoints="0" sequenceCoverage="100.0" branchCoverage="0.0" maxCyclomaticComplexity="0" minCyclomaticComplexity="0" maxCrapScore="0" minCrapScore="0" visitedClasses="1" numClasses="1" visitedMethods="6" numMethods="6" />
          <FullName>PowerManagerTests</FullName>
          <Methods>
            <Method visited="true" cyclomaticComplexity="0" nPathComplexity="0" sequenceCoverage="100.0" branchCoverage="0" crapScore="0" isConstructor="false" isStatic="false" isGetter="false" isSetter="false">
              <Summary numSequencePoints="6" visitedSequencePoints="6" numBranchPoints="0" visitedBranchPoints="0" sequenceCoverage="100.0" branchCoverage="0" maxCyclomaticComplexity="0" minCyclomaticComplexity="0" maxCrapScore="0" minCrapScore="0" visitedClasses="0" numClasses="0" visitedMethods="1" numMethods="1" />
              <MetadataToken>100663307</MetadataToken>
              <Name>System.Void PowerManagerTests::DrainForNormalLight()</Name>
              <FileRef uid="3" />
              <SequencePoints>
                <SequencePoint vc="1" uspid="2393" ordinal="0" offset="0" sl="6" sc="39" el="6" ec="39" bec="0" bev="0" fileid="3" />
                <SequencePoint vc="1" uspid="2394" ordinal="0" offset="1" sl="7" sc="9" el="7" ec="9" bec="0" bev="0" fileid="3" />
                <SequencePoint vc="1" uspid="2395" ordinal="0" offset="7" sl="8" sc="9" el="8" ec="9" bec="0" bev="0" fileid="3" />
                <SequencePoint vc="1" uspid="2396" ordinal="0" offset="18" sl="10" sc="9" el="10" ec="9" bec="0" bev="0" fileid="3" />
                <SequencePoint vc="1" uspid="2397" ordinal="0" offset="30" sl="12" sc="9" el="12" ec="9" bec="0" bev="0" fileid="3" />
                <SequencePoint vc="1" uspid="2398" ordinal="0" offset="62" sl="13" sc="5" el="13" ec="5" bec="0" bev="0" fileid="3" />
              </SequencePoints>
              <BranchPoints />
            </Method>
            <Method visited="true" cyclomaticComplexity="0" nPathComplexity="0" sequenceCoverage="100.0" branchCoverage="0" crapScore="0" isConstructor="false" isStatic="false" isGetter="false" isSetter="false">
              <Summary numSequencePoints="6" visitedSequencePoints="6" numBranchPoints="0" visitedBranchPoints="0" sequenceCoverage="100.0" branchCoverage="0" maxCyclomaticComplexity="0" minCyclomaticComplexity="0" maxCrapScore="0" minCrapScore="0" visitedClasses="0" numClasses="0" visitedMethods="1" numMethods="1" />
              <MetadataToken>100663308</MetadataToken>
              <Name>System.Void PowerManagerTests::DrainForMaxLight()</Name>
              <FileRef uid="3" />
              <SequencePoints>
                <SequencePoint vc="1" uspid="2399" ordinal="0" offset="0" sl="16" sc="36" el="16" ec="36" bec="0" bev="0" fileid="3" />
                <SequencePoint vc="1" uspid="2400" ordinal="0" offset="1" sl="17" sc="9" el="17" ec="9" bec="0" bev="0" fileid="3" />
                <SequencePoint vc="1" uspid="2401" ordinal="0" offset="7" sl="18" sc="9" el="18" ec="9" bec="0" bev="0" fileid="3" />
                <SequencePoint vc="1" uspid="2402" ordinal="0" offset="18" sl="20" sc="9" el="20" ec="9" bec="0" bev="0" fileid="3" />
                <SequencePoint vc="1" uspid="2403" ordinal="0" offset="30" sl="22" sc="9" el="22" ec="9" bec="0" bev="0" fileid="3" />
                <SequencePoint vc="1" uspid="2404" ordinal="0" offset="66" sl="23" sc="5" el="23" ec="5" bec="0" bev="0" fileid="3" />
              </SequencePoints>
              <BranchPoints />
            </Method>
            <Method visited="true" cyclomaticComplexity="0" nPathComplexity="0" sequenceCoverage="100.0" branchCoverage="0" crapScore="0" isConstructor="false" isStatic="false" isGetter="false" isSetter="false">
              <Summary numSequencePoints="6" visitedSequencePoints="6" numBranchPoints="0" visitedBranchPoints="0" sequenceCoverage="100.0" branchCoverage="0" maxCyclomaticComplexity="0" minCyclomaticComplexity="0" maxCrapScore="0" minCrapScore="0" visitedClasses="0" numClasses="0" visitedMethods="1" numMethods="1" />
              <MetadataToken>100663309</MetadataToken>
              <Name>System.Void PowerManagerTests::NoDrainWhenLightOff()</Name>
              <FileRef uid="3" />
              <SequencePoints>
                <SequencePoint vc="1" uspid="2405" ordinal="0" offset="0" sl="26" sc="39" el="26" ec="39" bec="0" bev="0" fileid="3" />
                <SequencePoint vc="1" uspid="2406" ordinal="0" offset="1" sl="27" sc="9" el="27" ec="9" bec="0" bev="0" fileid="3" />
                <SequencePoint vc="1" uspid="2407" ordinal="0" offset="7" sl="28" sc="9" el="28" ec="9" bec="0" bev="0" fileid="3" />
                <SequencePoint vc="1" uspid="2408" ordinal="0" offset="18" sl="30" sc="9" el="30" ec="9" bec="0" bev="0" fileid="3" />
                <SequencePoint vc="1" uspid="2409" ordinal="0" offset="30" sl="32" sc="9" el="32" ec="9" bec="0" bev="0" fileid="3" />
                <SequencePoint vc="1" uspid="2410" ordinal="0" offset="62" sl="33" sc="5" el="33" ec="5" bec="0" bev="0" fileid="3" />
              </SequencePoints>
              <BranchPoints />
            </Method>
            <Method visited="true" cyclomaticComplexity="0" nPathComplexity="0" sequenceCoverage="100.0" branchCoverage="0" crapScore="0" isConstructor="false" isStatic="false" isGetter="false" isSetter="false">
              <Summary numSequencePoints="7" visitedSequencePoints="7" numBranchPoints="0" visitedBranchPoints="0" sequenceCoverage="100.0" branchCoverage="0" maxCyclomaticComplexity="0" minCyclomaticComplexity="0" maxCrapScore="0" minCrapScore="0" visitedClasses="0" numClasses="0" visitedMethods="1" numMethods="1" />
              <MetadataToken>100663310</MetadataToken>
              <Name>System.Void PowerManagerTests::ClampsCurrentToZero()</Name>
              <FileRef uid="3" />
              <SequencePoints>
                <SequencePoint vc="1" uspid="2411" ordinal="0" offset="0" sl="36" sc="39" el="36" ec="39" bec="0" bev="0" fileid="3" />
                <SequencePoint vc="1" uspid="2412" ordinal="0" offset="1" sl="37" sc="9" el="37" ec="9" bec="0" bev="0" fileid="3" />
                <SequencePoint vc="1" uspid="2413" ordinal="0" offset="7" sl="38" sc="9" el="38" ec="9" bec="0" bev="0" fileid="3" />
                <SequencePoint vc="1" uspid="2414" ordinal="0" offset="18" sl="39" sc="9" el="39" ec="9" bec="0" bev="0" fileid="3" />
                <SequencePoint vc="1" uspid="2415" ordinal="0" offset="29" sl="41" sc="9" el="41" ec="9" bec="0" bev="0" fileid="3" />
                <SequencePoint vc="1" uspid="2416" ordinal="0" offset="41" sl="43" sc="9" el="43" ec="9" bec="0" bev="0" fileid="3" />
                <SequencePoint vc="1" uspid="2417" ordinal="0" offset="78" sl="44" sc="5" el="44" ec="5" bec="0" bev="0" fileid="3" />
              </SequencePoints>
              <BranchPoints />
            </Method>
            <Method visited="true" cyclomaticComplexity="0" nPathComplexity="0" sequenceCoverage="100.0" branchCoverage="0" crapScore="0" isConstructor="false" isStatic="false" isGetter="false" isSetter="false">
              <Summary numSequencePoints="7" visitedSequencePoints="7" numBranchPoints="0" visitedBranchPoints="0" sequenceCoverage="100.0" branchCoverage="0" maxCyclomaticComplexity="0" minCyclomaticComplexity="0" maxCrapScore="0" minCrapScore="0" visitedClasses="0" numClasses="0" visitedMethods="1" numMethods="1" />
              <MetadataToken>100663311</MetadataToken>
              <Name>System.Void PowerManagerTests::ClampsCurrentToMax()</Name>
              <FileRef uid="3" />
              <SequencePoints>
                <SequencePoint vc="1" uspid="2418" ordinal="0" offset="0" sl="47" sc="38" el="47" ec="38" bec="0" bev="0" fileid="3" />
                <SequencePoint vc="1" uspid="2419" ordinal="0" offset="1" sl="48" sc="9" el="48" ec="9" bec="0" bev="0" fileid="3" />
                <SequencePoint vc="1" uspid="2420" ordinal="0" offset="7" sl="49" sc="9" el="49" ec="9" bec="0" bev="0" fileid="3" />
                <SequencePoint vc="1" uspid="2421" ordinal="0" offset="18" sl="50" sc="9" el="50" ec="9" bec="0" bev="0" fileid="3" />
                <SequencePoint vc="1" uspid="2422" ordinal="0" offset="29" sl="52" sc="9" el="52" ec="9" bec="0" bev="0" fileid="3" />
                <SequencePoint vc="1" uspid="2423" ordinal="0" offset="41" sl="55" sc="9" el="55" ec="9" bec="0" bev="0" fileid="3" />
                <SequencePoint vc="1" uspid="2424" ordinal="0" offset="78" sl="56" sc="5" el="56" ec="5" bec="0" bev="0" fileid="3" />
              </SequencePoints>
              <BranchPoints />
            </Method>
            <Method visited="true" cyclomaticComplexity="0" nPathComplexity="0" sequenceCoverage="100.0" branchCoverage="0" crapScore="0" isConstructor="false" isStatic="false" isGetter="false" isSetter="false">
              <Summary numSequencePoints="6" visitedSequencePoints="6" numBranchPoints="0" visitedBranchPoints="0" sequenceCoverage="100.0" branchCoverage="0" maxCyclomaticComplexity="0" minCyclomaticComplexity="0" maxCrapScore="0" minCrapScore="0" visitedClasses="0" numClasses="0" visitedMethods="1" numMethods="1" />
              <MetadataToken>100663312</MetadataToken>
              <Name>System.Void PowerManagerTests::CorrectDefaults()</Name>
              <FileRef uid="3" />
              <SequencePoints>
                <SequencePoint vc="1" uspid="2425" ordinal="0" offset="0" sl="59" sc="35" el="59" ec="35" bec="0" bev="0" fileid="3" />
                <SequencePoint vc="1" uspid="2426" ordinal="0" offset="1" sl="60" sc="9" el="60" ec="9" bec="0" bev="0" fileid="3" />
                <SequencePoint vc="1" uspid="2427" ordinal="0" offset="7" sl="62" sc="9" el="62" ec="9" bec="0" bev="0" fileid="3" />
                <SequencePoint vc="1" uspid="2428" ordinal="0" offset="44" sl="63" sc="9" el="63" ec="9" bec="0" bev="0" fileid="3" />
                <SequencePoint vc="1" uspid="2429" ordinal="0" offset="81" sl="64" sc="9" el="64" ec="9" bec="0" bev="0" fileid="3" />
                <SequencePoint vc="1" uspid="2430" ordinal="0" offset="118" sl="65" sc="5" el="65" ec="5" bec="0" bev="0" fileid="3" />
              </SequencePoints>
              <BranchPoints />
            </Method>
          </Methods>
        </Class>
        <Class>
          <Summary numSequencePoints="102" visitedSequencePoints="102" numBranchPoints="0" visitedBranchPoints="0" sequenceCoverage="100.0" branchCoverage="0.0" maxCyclomaticComplexity="0" minCyclomaticComplexity="0" maxCrapScore="0" minCrapScore="0" visitedClasses="1" numClasses="1" visitedMethods="6" numMethods="6" />
          <FullName>PrefabSpawnerTests</FullName>
          <Methods>
            <Method visited="true" cyclomaticComplexity="0" nPathComplexity="0" sequenceCoverage="100.0" branchCoverage="0" crapScore="0" isConstructor="false" isStatic="false" isGetter="false" isSetter="false">
              <Summary numSequencePoints="17" visitedSequencePoints="17" numBranchPoints="0" visitedBranchPoints="0" sequenceCoverage="100.0" branchCoverage="0" maxCyclomaticComplexity="0" minCyclomaticComplexity="0" maxCrapScore="0" minCrapScore="0" visitedClasses="0" numClasses="0" visitedMethods="1" numMethods="1" />
              <MetadataToken>100663314</MetadataToken>
              <Name>System.Void PrefabSpawnerTests::SpawnsPrefabAtCorrectPosition()</Name>
              <FileRef uid="4" />
              <SequencePoints>
                <SequencePoint vc="1" uspid="2431" ordinal="0" offset="0" sl="7" sc="49" el="7" ec="49" bec="0" bev="0" fileid="4" />
                <SequencePoint vc="1" uspid="2432" ordinal="0" offset="1" sl="8" sc="9" el="8" ec="9" bec="0" bev="0" fileid="4" />
                <SequencePoint vc="1" uspid="2433" ordinal="0" offset="12" sl="9" sc="9" el="9" ec="9" bec="0" bev="0" fileid="4" />
                <SequencePoint vc="1" uspid="2434" ordinal="0" offset="44" sl="10" sc="9" el="10" ec="9" bec="0" bev="0" fileid="4" />
                <SequencePoint vc="1" uspid="2435" ordinal="0" offset="51" sl="12" sc="9" el="12" ec="9" bec="0" bev="0" fileid="4" />
                <SequencePoint vc="1" uspid="2436" ordinal="0" offset="74" sl="14" sc="9" el="14" ec="9" bec="0" bev="0" fileid="4" />
                <SequencePoint vc="1" uspid="2437" ordinal="0" offset="88" sl="16" sc="9" el="16" ec="9" bec="0" bev="0" fileid="4" />
                <SequencePoint vc="1" uspid="2438" ordinal="0" offset="99" sl="18" sc="9" el="18" ec="9" bec="0" bev="0" fileid="4" />
                <SequencePoint vc="1" uspid="2439" ordinal="0" offset="123" sl="20" sc="9" el="20" ec="9" bec="0" bev="0" fileid="4" />
                <SequencePoint vc="1" uspid="2440" ordinal="0" offset="133" sl="22" sc="9" el="22" ec="9" bec="0" bev="0" fileid="4" />
                <SequencePoint vc="1" uspid="2441" ordinal="0" offset="140" sl="24" sc="9" el="24" ec="9" bec="0" bev="0" fileid="4" />
                <SequencePoint vc="1" uspid="2442" ordinal="0" offset="152" sl="25" sc="9" el="25" ec="9" bec="0" bev="0" fileid="4" />
                <SequencePoint vc="1" uspid="2443" ordinal="0" offset="170" sl="26" sc="9" el="26" ec="9" bec="0" bev="0" fileid="4" />
                <SequencePoint vc="1" uspid="2444" ordinal="0" offset="228" sl="29" sc="9" el="29" ec="9" bec="0" bev="0" fileid="4" />
                <SequencePoint vc="1" uspid="2445" ordinal="0" offset="235" sl="30" sc="9" el="30" ec="9" bec="0" bev="0" fileid="4" />
                <SequencePoint vc="1" uspid="2446" ordinal="0" offset="242" sl="31" sc="9" el="31" ec="9" bec="0" bev="0" fileid="4" />
                <SequencePoint vc="1" uspid="2447" ordinal="0" offset="250" sl="32" sc="5" el="32" ec="5" bec="0" bev="0" fileid="4" />
              </SequencePoints>
              <BranchPoints />
            </Method>
            <Method visited="true" cyclomaticComplexity="0" nPathComplexity="0" sequenceCoverage="100.0" branchCoverage="0" crapScore="0" isConstructor="false" isStatic="false" isGetter="false" isSetter="false">
              <Summary numSequencePoints="17" visitedSequencePoints="17" numBranchPoints="0" visitedBranchPoints="0" sequenceCoverage="100.0" branchCoverage="0" maxCyclomaticComplexity="0" minCyclomaticComplexity="0" maxCrapScore="0" minCrapScore="0" visitedClasses="0" numClasses="0" visitedMethods="1" numMethods="1" />
              <MetadataToken>100663315</MetadataToken>
              <Name>System.Void PrefabSpawnerTests::SpawnsPrefabWithCorrectRotation()</Name>
              <FileRef uid="4" />
              <SequencePoints>
                <SequencePoint vc="1" uspid="2448" ordinal="0" offset="0" sl="35" sc="51" el="35" ec="51" bec="0" bev="0" fileid="4" />
                <SequencePoint vc="1" uspid="2449" ordinal="0" offset="1" sl="36" sc="9" el="36" ec="9" bec="0" bev="0" fileid="4" />
                <SequencePoint vc="1" uspid="2450" ordinal="0" offset="12" sl="37" sc="9" el="37" ec="9" bec="0" bev="0" fileid="4" />
                <SequencePoint vc="1" uspid="2451" ordinal="0" offset="44" sl="38" sc="9" el="38" ec="9" bec="0" bev="0" fileid="4" />
                <SequencePoint vc="1" uspid="2452" ordinal="0" offset="51" sl="40" sc="9" el="40" ec="9" bec="0" bev="0" fileid="4" />
                <SequencePoint vc="1" uspid="2453" ordinal="0" offset="74" sl="42" sc="9" el="42" ec="9" bec="0" bev="0" fileid="4" />
                <SequencePoint vc="1" uspid="2454" ordinal="0" offset="88" sl="44" sc="9" el="44" ec="9" bec="0" bev="0" fileid="4" />
                <SequencePoint vc="1" uspid="2455" ordinal="0" offset="99" sl="46" sc="9" el="46" ec="9" bec="0" bev="0" fileid="4" />
                <SequencePoint vc="1" uspid="2456" ordinal="0" offset="123" sl="48" sc="9" el="48" ec="9" bec="0" bev="0" fileid="4" />
                <SequencePoint vc="1" uspid="2457" ordinal="0" offset="133" sl="50" sc="9" el="50" ec="9" bec="0" bev="0" fileid="4" />
                <SequencePoint vc="1" uspid="2458" ordinal="0" offset="140" sl="52" sc="9" el="52" ec="9" bec="0" bev="0" fileid="4" />
                <SequencePoint vc="1" uspid="2459" ordinal="0" offset="152" sl="53" sc="9" el="53" ec="9" bec="0" bev="0" fileid="4" />
                <SequencePoint vc="1" uspid="2460" ordinal="0" offset="170" sl="55" sc="9" el="55" ec="9" bec="0" bev="0" fileid="4" />
                <SequencePoint vc="1" uspid="2461" ordinal="0" offset="229" sl="60" sc="9" el="60" ec="9" bec="0" bev="0" fileid="4" />
                <SequencePoint vc="1" uspid="2462" ordinal="0" offset="236" sl="61" sc="9" el="61" ec="9" bec="0" bev="0" fileid="4" />
                <SequencePoint vc="1" uspid="2463" ordinal="0" offset="243" sl="62" sc="9" el="62" ec="9" bec="0" bev="0" fileid="4" />
                <SequencePoint vc="1" uspid="2464" ordinal="0" offset="251" sl="63" sc="5" el="63" ec="5" bec="0" bev="0" fileid="4" />
              </SequencePoints>
              <BranchPoints />
            </Method>
            <Method visited="true" cyclomaticComplexity="0" nPathComplexity="0" sequenceCoverage="100.0" branchCoverage="0" crapScore="0" isConstructor="false" isStatic="false" isGetter="false" isSetter="false">
              <Summary numSequencePoints="15" visitedSequencePoints="15" numBranchPoints="0" visitedBranchPoints="0" sequenceCoverage="100.0" branchCoverage="0" maxCyclomaticComplexity="0" minCyclomaticComplexity="0" maxCrapScore="0" minCrapScore="0" visitedClasses="0" numClasses="0" visitedMethods="1" numMethods="1" />
              <MetadataToken>100663316</MetadataToken>
              <Name>System.Void PrefabSpawnerTests::SpawnedPrefabHasCorrectParent()</Name>
              <FileRef uid="4" />
              <SequencePoints>
                <SequencePoint vc="1" uspid="2465" ordinal="0" offset="0" sl="66" sc="49" el="66" ec="49" bec="0" bev="0" fileid="4" />
                <SequencePoint vc="1" uspid="2466" ordinal="0" offset="1" sl="67" sc="9" el="67" ec="9" bec="0" bev="0" fileid="4" />
                <SequencePoint vc="1" uspid="2467" ordinal="0" offset="12" sl="68" sc="9" el="68" ec="9" bec="0" bev="0" fileid="4" />
                <SequencePoint vc="1" uspid="2468" ordinal="0" offset="19" sl="70" sc="9" el="70" ec="9" bec="0" bev="0" fileid="4" />
                <SequencePoint vc="1" uspid="2469" ordinal="0" offset="42" sl="72" sc="9" el="72" ec="9" bec="0" bev="0" fileid="4" />
                <SequencePoint vc="1" uspid="2470" ordinal="0" offset="56" sl="74" sc="9" el="74" ec="9" bec="0" bev="0" fileid="4" />
                <SequencePoint vc="1" uspid="2471" ordinal="0" offset="67" sl="76" sc="9" el="76" ec="9" bec="0" bev="0" fileid="4" />
                <SequencePoint vc="1" uspid="2472" ordinal="0" offset="91" sl="78" sc="9" el="78" ec="9" bec="0" bev="0" fileid="4" />
                <SequencePoint vc="1" uspid="2473" ordinal="0" offset="101" sl="80" sc="9" el="80" ec="9" bec="0" bev="0" fileid="4" />
                <SequencePoint vc="1" uspid="2474" ordinal="0" offset="108" sl="82" sc="9" el="82" ec="9" bec="0" bev="0" fileid="4" />
                <SequencePoint vc="1" uspid="2475" ordinal="0" offset="120" sl="83" sc="9" el="83" ec="9" bec="0" bev="0" fileid="4" />
                <SequencePoint vc="1" uspid="2476" ordinal="0" offset="138" sl="84" sc="9" el="84" ec="9" bec="0" bev="0" fileid="4" />
                <SequencePoint vc="1" uspid="2477" ordinal="0" offset="172" sl="87" sc="9" el="87" ec="9" bec="0" bev="0" fileid="4" />
                <SequencePoint vc="1" uspid="2478" ordinal="0" offset="179" sl="88" sc="9" el="88" ec="9" bec="0" bev="0" fileid="4" />
                <SequencePoint vc="1" uspid="2479" ordinal="0" offset="186" sl="89" sc="5" el="89" ec="5" bec="0" bev="0" fileid="4" />
              </SequencePoints>
              <BranchPoints />
            </Method>
            <Method visited="true" cyclomaticComplexity="0" nPathComplexity="0" sequenceCoverage="100.0" branchCoverage="0" crapScore="0" isConstructor="false" isStatic="false" isGetter="false" isSetter="false">
              <Summary numSequencePoints="25" visitedSequencePoints="25" numBranchPoints="0" visitedBranchPoints="0" sequenceCoverage="100.0" branchCoverage="0" maxCyclomaticComplexity="0" minCyclomaticComplexity="0" maxCrapScore="0" minCrapScore="0" visitedClasses="0" numClasses="0" visitedMethods="1" numMethods="1" />
              <MetadataToken>100663317</MetadataToken>
              <Name>System.Void PrefabSpawnerTests::SpawnsMultiplePrefabsOnMultipleCalls()</Name>
              <FileRef uid="4" />
              <SequencePoints>
                <SequencePoint vc="1" uspid="2480" ordinal="0" offset="0" sl="92" sc="56" el="92" ec="56" bec="0" bev="0" fileid="4" />
                <SequencePoint vc="1" uspid="2481" ordinal="0" offset="1" sl="93" sc="9" el="93" ec="9" bec="0" bev="0" fileid="4" />
                <SequencePoint vc="1" uspid="2482" ordinal="0" offset="12" sl="94" sc="9" el="94" ec="9" bec="0" bev="0" fileid="4" />
                <SequencePoint vc="1" uspid="2483" ordinal="0" offset="19" sl="96" sc="9" el="96" ec="9" bec="0" bev="0" fileid="4" />
                <SequencePoint vc="1" uspid="2484" ordinal="0" offset="42" sl="98" sc="9" el="98" ec="9" bec="0" bev="0" fileid="4" />
                <SequencePoint vc="1" uspid="2485" ordinal="0" offset="56" sl="100" sc="9" el="100" ec="9" bec="0" bev="0" fileid="4" />
                <SequencePoint vc="1" uspid="2486" ordinal="0" offset="67" sl="102" sc="9" el="102" ec="9" bec="0" bev="0" fileid="4" />
                <SequencePoint vc="1" uspid="2487" ordinal="0" offset="91" sl="104" sc="9" el="104" ec="9" bec="0" bev="0" fileid="4" />
                <SequencePoint vc="1" uspid="2488" ordinal="0" offset="101" sl="106" sc="9" el="106" ec="9" bec="0" bev="0" fileid="4" />
                <SequencePoint vc="1" uspid="2489" ordinal="0" offset="108" sl="107" sc="9" el="107" ec="9" bec="0" bev="0" fileid="4" />
                <SequencePoint vc="1" uspid="2490" ordinal="0" offset="115" sl="108" sc="9" el="108" ec="9" bec="0" bev="0" fileid="4" />
                <SequencePoint vc="1" uspid="2491" ordinal="0" offset="122" sl="110" sc="9" el="110" ec="9" bec="0" bev="0" fileid="4" />
                <SequencePoint vc="1" uspid="2492" ordinal="0" offset="130" sl="111" sc="9" el="111" ec="9" bec="0" bev="0" fileid="4" />
                <SequencePoint vc="1" uspid="2493" ordinal="0" offset="133" sl="112" sc="9" el="112" ec="9" bec="0" bev="0" fileid="4" />
                <SequencePoint vc="1" uspid="2494" ordinal="0" offset="134" sl="112" sc="29" el="112" ec="29" bec="0" bev="0" fileid="4" />
                <SequencePoint vc="7" uspid="2495" ordinal="0" offset="143" sl="112" sc="18" el="112" ec="18" bec="0" bev="0" fileid="4" />
                <SequencePoint vc="7" uspid="2496" ordinal="0" offset="150" sl="112" sc="45" el="112" ec="45" bec="0" bev="0" fileid="4" />
                <SequencePoint vc="7" uspid="2497" ordinal="0" offset="151" sl="113" sc="13" el="113" ec="13" bec="0" bev="0" fileid="4" />
                <SequencePoint vc="3" uspid="2498" ordinal="0" offset="187" sl="114" sc="17" el="114" ec="17" bec="0" bev="0" fileid="4" />
                <SequencePoint vc="7" uspid="2499" ordinal="0" offset="193" sl="115" sc="9" el="115" ec="9" bec="0" bev="0" fileid="4" />
                <SequencePoint vc="8" uspid="2500" ordinal="0" offset="200" sl="112" sc="26" el="112" ec="26" bec="0" bev="0" fileid="4" />
                <SequencePoint vc="1" uspid="2501" ordinal="0" offset="208" sl="117" sc="9" el="117" ec="9" bec="0" bev="0" fileid="4" />
                <SequencePoint vc="1" uspid="2502" ordinal="0" offset="237" sl="119" sc="9" el="119" ec="9" bec="0" bev="0" fileid="4" />
                <SequencePoint vc="1" uspid="2503" ordinal="0" offset="244" sl="120" sc="9" el="120" ec="9" bec="0" bev="0" fileid="4" />
                <SequencePoint vc="1" uspid="2504" ordinal="0" offset="251" sl="121" sc="5" el="121" ec="5" bec="0" bev="0" fileid="4" />
              </SequencePoints>
              <BranchPoints />
            </Method>
            <Method visited="true" cyclomaticComplexity="0" nPathComplexity="0" sequenceCoverage="100.0" branchCoverage="0" crapScore="0" isConstructor="false" isStatic="false" isGetter="false" isSetter="false">
              <Summary numSequencePoints="10" visitedSequencePoints="10" numBranchPoints="0" visitedBranchPoints="0" sequenceCoverage="100.0" branchCoverage="0" maxCyclomaticComplexity="0" minCyclomaticComplexity="0" maxCrapScore="0" minCrapScore="0" visitedClasses="0" numClasses="0" visitedMethods="1" numMethods="1" />
              <MetadataToken>100663318</MetadataToken>
              <Name>System.Void PrefabSpawnerTests::DoesNotCrashWhenPrefabIsNull()</Name>
              <FileRef uid="4" />
              <SequencePoints>
                <SequencePoint vc="1" uspid="2505" ordinal="0" offset="0" sl="124" sc="48" el="124" ec="48" bec="0" bev="0" fileid="4" />
                <SequencePoint vc="1" uspid="2506" ordinal="0" offset="1" sl="125" sc="9" el="125" ec="9" bec="0" bev="0" fileid="4" />
                <SequencePoint vc="1" uspid="2507" ordinal="0" offset="12" sl="126" sc="9" el="126" ec="9" bec="0" bev="0" fileid="4" />
                <SequencePoint vc="1" uspid="2508" ordinal="0" offset="19" sl="128" sc="9" el="128" ec="9" bec="0" bev="0" fileid="4" />
                <SequencePoint vc="1" uspid="2509" ordinal="0" offset="42" sl="130" sc="9" el="130" ec="9" bec="0" bev="0" fileid="4" />
                <SequencePoint vc="1" uspid="2510" ordinal="0" offset="56" sl="132" sc="9" el="132" ec="9" bec="0" bev="0" fileid="4" />
                <SequencePoint vc="1" uspid="2511" ordinal="0" offset="68" sl="133" sc="9" el="133" ec="9" bec="0" bev="0" fileid="4" />
                <SequencePoint vc="1" uspid="2512" ordinal="0" offset="75" sl="135" sc="9" el="135" ec="9" bec="0" bev="0" fileid="4" />
                <SequencePoint vc="1" uspid="2513" ordinal="0" offset="92" sl="137" sc="9" el="137" ec="9" bec="0" bev="0" fileid="4" />
                <SequencePoint vc="1" uspid="2514" ordinal="0" offset="99" sl="138" sc="5" el="138" ec="5" bec="0" bev="0" fileid="4" />
              </SequencePoints>
              <BranchPoints />
            </Method>
            <Method visited="true" cyclomaticComplexity="0" nPathComplexity="0" sequenceCoverage="100.0" branchCoverage="0" crapScore="0" isConstructor="false" isStatic="false" isGetter="false" isSetter="false">
              <Summary numSequencePoints="18" visitedSequencePoints="18" numBranchPoints="0" visitedBranchPoints="0" sequenceCoverage="100.0" branchCoverage="0" maxCyclomaticComplexity="0" minCyclomaticComplexity="0" maxCrapScore="0" minCrapScore="0" visitedClasses="0" numClasses="0" visitedMethods="1" numMethods="1" />
              <MetadataToken>100663319</MetadataToken>
              <Name>System.Void PrefabSpawnerTests::SpawnsPrefabWithComponents()</Name>
              <FileRef uid="4" />
              <SequencePoints>
                <SequencePoint vc="1" uspid="2515" ordinal="0" offset="0" sl="141" sc="46" el="141" ec="46" bec="0" bev="0" fileid="4" />
                <SequencePoint vc="1" uspid="2516" ordinal="0" offset="1" sl="142" sc="9" el="142" ec="9" bec="0" bev="0" fileid="4" />
                <SequencePoint vc="1" uspid="2517" ordinal="0" offset="12" sl="143" sc="9" el="143" ec="9" bec="0" bev="0" fileid="4" />
                <SequencePoint vc="1" uspid="2518" ordinal="0" offset="19" sl="145" sc="9" el="145" ec="9" bec="0" bev="0" fileid="4" />
                <SequencePoint vc="1" uspid="2519" ordinal="0" offset="42" sl="147" sc="9" el="147" ec="9" bec="0" bev="0" fileid="4" />
                <SequencePoint vc="1" uspid="2520" ordinal="0" offset="56" sl="149" sc="9" el="149" ec="9" bec="0" bev="0" fileid="4" />
                <SequencePoint vc="1" uspid="2521" ordinal="0" offset="67" sl="150" sc="9" el="150" ec="9" bec="0" bev="0" fileid="4" />
                <SequencePoint vc="1" uspid="2522" ordinal="0" offset="74" sl="151" sc="9" el="151" ec="9" bec="0" bev="0" fileid="4" />
                <SequencePoint vc="1" uspid="2523" ordinal="0" offset="81" sl="153" sc="9" el="153" ec="9" bec="0" bev="0" fileid="4" />
                <SequencePoint vc="1" uspid="2524" ordinal="0" offset="105" sl="155" sc="9" el="155" ec="9" bec="0" bev="0" fileid="4" />
                <SequencePoint vc="1" uspid="2525" ordinal="0" offset="115" sl="157" sc="9" el="157" ec="9" bec="0" bev="0" fileid="4" />
                <SequencePoint vc="1" uspid="2526" ordinal="0" offset="122" sl="159" sc="9" el="159" ec="9" bec="0" bev="0" fileid="4" />
                <SequencePoint vc="1" uspid="2527" ordinal="0" offset="134" sl="160" sc="9" el="160" ec="9" bec="0" bev="0" fileid="4" />
                <SequencePoint vc="1" uspid="2528" ordinal="0" offset="152" sl="161" sc="9" el="161" ec="9" bec="0" bev="0" fileid="4" />
                <SequencePoint vc="1" uspid="2529" ordinal="0" offset="175" sl="163" sc="9" el="163" ec="9" bec="0" bev="0" fileid="4" />
                <SequencePoint vc="1" uspid="2530" ordinal="0" offset="198" sl="166" sc="9" el="166" ec="9" bec="0" bev="0" fileid="4" />
                <SequencePoint vc="1" uspid="2531" ordinal="0" offset="205" sl="167" sc="9" el="167" ec="9" bec="0" bev="0" fileid="4" />
                <SequencePoint vc="1" uspid="2532" ordinal="0" offset="212" sl="168" sc="5" el="168" ec="5" bec="0" bev="0" fileid="4" />
              </SequencePoints>
              <BranchPoints />
            </Method>
          </Methods>
        </Class>
      </Classes>
    </Module>
    <Module>
      <Summary numSequencePoints="69" visitedSequencePoints="65" numBranchPoints="0" visitedBranchPoints="0" sequenceCoverage="94.20" branchCoverage="0.0" maxCyclomaticComplexity="0" minCyclomaticComplexity="0" maxCrapScore="0" minCrapScore="0" visitedClasses="4" numClasses="4" visitedMethods="13" numMethods="13" />
      <ModuleTime>0001-01-01T00:00:00</ModuleTime>
      <ModuleName>Scripts</ModuleName>
      <Files>
        <File uid="14" fullPath="C:/Users/Colin/OneDrive/Documents/GitHub/Fading-Light/Assets/Scripts/BanishItem.cs" />
        <File uid="15" fullPath="C:/Users/Colin/OneDrive/Documents/GitHub/Fading-Light/Assets/Scripts/Button.cs" />
        <File uid="16" fullPath="C:/Users/Colin/OneDrive/Documents/GitHub/Fading-Light/Assets/Scripts/DamageZone.cs" />
        <File uid="17" fullPath="C:/Users/Colin/OneDrive/Documents/GitHub/Fading-Light/Assets/Scripts/EnemyMovement.cs" />
        <File uid="18" fullPath="C:/Users/Colin/OneDrive/Documents/GitHub/Fading-Light/Assets/Scripts/Flashlight.cs" />
        <File uid="19" fullPath="C:/Users/Colin/OneDrive/Documents/GitHub/Fading-Light/Assets/Scripts/FlashlightLogic.cs" />
        <File uid="20" fullPath="C:/Users/Colin/OneDrive/Documents/GitHub/Fading-Light/Assets/Scripts/InputManager.cs" />
        <File uid="21" fullPath="C:/Users/Colin/OneDrive/Documents/GitHub/Fading-Light/Assets/Scripts/InputSystem_Actions.cs" />
        <File uid="22" fullPath="C:/Users/Colin/OneDrive/Documents/GitHub/Fading-Light/Assets/Scripts/Interactable.cs" />
        <File uid="23" fullPath="C:/Users/Colin/OneDrive/Documents/GitHub/Fading-Light/Assets/Scripts/Interactables/Banish.cs" />
        <File uid="24" fullPath="C:/Users/Colin/OneDrive/Documents/GitHub/Fading-Light/Assets/Scripts/Interactables/Battery.cs" />
        <File uid="25" fullPath="C:/Users/Colin/OneDrive/Documents/GitHub/Fading-Light/Assets/Scripts/Interactables/DamageProtection.cs" />
        <File uid="26" fullPath="C:/Users/Colin/OneDrive/Documents/GitHub/Fading-Light/Assets/Scripts/Interactables/FriendResurrection.cs" />
        <File uid="27" fullPath="C:/Users/Colin/OneDrive/Documents/GitHub/Fading-Light/Assets/Scripts/Interactables/PortableBanish.cs" />
        <File uid="28" fullPath="C:/Users/Colin/OneDrive/Documents/GitHub/Fading-Light/Assets/Scripts/Interactables/SpeedBoost.cs" />
        <File uid="29" fullPath="C:/Users/Colin/OneDrive/Documents/GitHub/Fading-Light/Assets/Scripts/Inventory.cs" />
        <File uid="30" fullPath="C:/Users/Colin/OneDrive/Documents/GitHub/Fading-Light/Assets/Scripts/Item.cs" />
        <File uid="31" fullPath="C:/Users/Colin/OneDrive/Documents/GitHub/Fading-Light/Assets/Scripts/PlayerCoordinates.cs" />
        <File uid="32" fullPath="C:/Users/Colin/OneDrive/Documents/GitHub/Fading-Light/Assets/Scripts/PlayerHealth.cs" />
        <File uid="33" fullPath="C:/Users/Colin/OneDrive/Documents/GitHub/Fading-Light/Assets/Scripts/PlayerInteract.cs" />
        <File uid="34" fullPath="C:/Users/Colin/OneDrive/Documents/GitHub/Fading-Light/Assets/Scripts/PlayerLook.cs" />
        <File uid="35" fullPath="C:/Users/Colin/OneDrive/Documents/GitHub/Fading-Light/Assets/Scripts/PlayerMotor.cs" />
        <File uid="36" fullPath="C:/Users/Colin/OneDrive/Documents/GitHub/Fading-Light/Assets/Scripts/PlayerMovement.cs" />
        <File uid="37" fullPath="C:/Users/Colin/OneDrive/Documents/GitHub/Fading-Light/Assets/Scripts/PlayerUI.cs" />
        <File uid="38" fullPath="C:/Users/Colin/OneDrive/Documents/GitHub/Fading-Light/Assets/Scripts/PowerManager.cs" />
        <File uid="39" fullPath="C:/Users/Colin/OneDrive/Documents/GitHub/Fading-Light/Assets/Scripts/PrefabSpawner.cs" />
        <File uid="40" fullPath="C:/Users/Colin/OneDrive/Documents/GitHub/Fading-Light/Assets/Scripts/Stamina.cs" />
      </Files>
      <Classes>
        <Class>
          <Summary numSequencePoints="6" visitedSequencePoints="6" numBranchPoints="0" visitedBranchPoints="0" sequenceCoverage="100.0" branchCoverage="0.0" maxCyclomaticComplexity="0" minCyclomaticComplexity="0" maxCrapScore="0" minCrapScore="0" visitedClasses="1" numClasses="1" visitedMethods="2" numMethods="2" />
          <FullName>Flashlight</FullName>
          <Methods>
            <Method visited="true" cyclomaticComplexity="0" nPathComplexity="0" sequenceCoverage="100.0" branchCoverage="0" crapScore="0" isConstructor="false" isStatic="false" isGetter="false" isSetter="false">
              <Summary numSequencePoints="3" visitedSequencePoints="3" numBranchPoints="0" visitedBranchPoints="0" sequenceCoverage="100.0" branchCoverage="0" maxCyclomaticComplexity="0" minCyclomaticComplexity="0" maxCrapScore="0" minCrapScore="0" visitedClasses="0" numClasses="0" visitedMethods="1" numMethods="1" />
              <MetadataToken>100663324</MetadataToken>
              <Name>System.Void Flashlight::normLight()</Name>
              <FileRef uid="18" />
              <SequencePoints>
                <SequencePoint vc="2" uspid="3595" ordinal="0" offset="0" sl="57" sc="5" el="57" ec="5" bec="0" bev="0" fileid="18" />
                <SequencePoint vc="2" uspid="3596" ordinal="0" offset="1" sl="58" sc="9" el="58" ec="9" bec="0" bev="0" fileid="18" />
                <SequencePoint vc="2" uspid="3597" ordinal="0" offset="16" sl="59" sc="5" el="59" ec="5" bec="0" bev="0" fileid="18" />
              </SequencePoints>
              <BranchPoints />
            </Method>
            <Method visited="true" cyclomaticComplexity="0" nPathComplexity="0" sequenceCoverage="100.0" branchCoverage="0" crapScore="0" isConstructor="false" isStatic="false" isGetter="false" isSetter="false">
              <Summary numSequencePoints="3" visitedSequencePoints="3" numBranchPoints="0" visitedBranchPoints="0" sequenceCoverage="100.0" branchCoverage="0" maxCyclomaticComplexity="0" minCyclomaticComplexity="0" maxCrapScore="0" minCrapScore="0" visitedClasses="0" numClasses="0" visitedMethods="1" numMethods="1" />
              <MetadataToken>100663325</MetadataToken>
              <Name>System.Void Flashlight::maxLight()</Name>
              <FileRef uid="18" />
              <SequencePoints>
                <SequencePoint vc="2" uspid="3598" ordinal="0" offset="0" sl="62" sc="5" el="62" ec="5" bec="0" bev="0" fileid="18" />
                <SequencePoint vc="2" uspid="3599" ordinal="0" offset="1" sl="63" sc="9" el="63" ec="9" bec="0" bev="0" fileid="18" />
                <SequencePoint vc="2" uspid="3600" ordinal="0" offset="16" sl="64" sc="5" el="64" ec="5" bec="0" bev="0" fileid="18" />
              </SequencePoints>
              <BranchPoints />
            </Method>
          </Methods>
        </Class>
        <Class>
          <Summary numSequencePoints="31" visitedSequencePoints="31" numBranchPoints="0" visitedBranchPoints="0" sequenceCoverage="100.0" branchCoverage="0.0" maxCyclomaticComplexity="0" minCyclomaticComplexity="0" maxCrapScore="0" minCrapScore="0" visitedClasses="1" numClasses="1" visitedMethods="7" numMethods="7" />
          <FullName>PlayerMotor</FullName>
          <Methods>
            <Method visited="true" cyclomaticComplexity="0" nPathComplexity="0" sequenceCoverage="100.0" branchCoverage="0" crapScore="0" isConstructor="false" isStatic="false" isGetter="true" isSetter="false">
              <Summary numSequencePoints="3" visitedSequencePoints="3" numBranchPoints="0" visitedBranchPoints="0" sequenceCoverage="100.0" branchCoverage="0" maxCyclomaticComplexity="0" minCyclomaticComplexity="0" maxCrapScore="0" minCrapScore="0" visitedClasses="0" numClasses="0" visitedMethods="1" numMethods="1" />
              <MetadataToken>100663445</MetadataToken>
              <Name>System.Boolean PlayerMotor::get_sprinting()</Name>
              <FileRef uid="35" />
              <SequencePoints>
                <SequencePoint vc="9" uspid="4171" ordinal="0" offset="0" sl="20" sc="13" el="20" ec="13" bec="0" bev="0" fileid="35" />
                <SequencePoint vc="9" uspid="4172" ordinal="0" offset="1" sl="20" sc="15" el="20" ec="15" bec="0" bev="0" fileid="35" />
                <SequencePoint vc="9" uspid="4173" ordinal="0" offset="10" sl="20" sc="34" el="20" ec="34" bec="0" bev="0" fileid="35" />
              </SequencePoints>
              <BranchPoints />
            </Method>
            <Method visited="true" cyclomaticComplexity="0" nPathComplexity="0" sequenceCoverage="100.0" branchCoverage="0" crapScore="0" isConstructor="false" isStatic="false" isGetter="false" isSetter="true">
              <Summary numSequencePoints="3" visitedSequencePoints="3" numBranchPoints="0" visitedBranchPoints="0" sequenceCoverage="100.0" branchCoverage="0" maxCyclomaticComplexity="0" minCyclomaticComplexity="0" maxCrapScore="0" minCrapScore="0" visitedClasses="0" numClasses="0" visitedMethods="1" numMethods="1" />
              <MetadataToken>100663446</MetadataToken>
              <Name>System.Void PlayerMotor::set_sprinting(System.Boolean)</Name>
              <FileRef uid="35" />
              <SequencePoints>
                <SequencePoint vc="3" uspid="4174" ordinal="0" offset="0" sl="21" sc="13" el="21" ec="13" bec="0" bev="0" fileid="35" />
                <SequencePoint vc="3" uspid="4175" ordinal="0" offset="1" sl="21" sc="15" el="21" ec="15" bec="0" bev="0" fileid="35" />
                <SequencePoint vc="3" uspid="4176" ordinal="0" offset="8" sl="21" sc="35" el="21" ec="35" bec="0" bev="0" fileid="35" />
              </SequencePoints>
              <BranchPoints />
            </Method>
            <Method visited="true" cyclomaticComplexity="0" nPathComplexity="0" sequenceCoverage="100.0" branchCoverage="0" crapScore="0" isConstructor="false" isStatic="false" isGetter="true" isSetter="false">
              <Summary numSequencePoints="3" visitedSequencePoints="3" numBranchPoints="0" visitedBranchPoints="0" sequenceCoverage="100.0" branchCoverage="0" maxCyclomaticComplexity="0" minCyclomaticComplexity="0" maxCrapScore="0" minCrapScore="0" visitedClasses="0" numClasses="0" visitedMethods="1" numMethods="1" />
              <MetadataToken>100663447</MetadataToken>
              <Name>System.Single PlayerMotor::get_speed()</Name>
              <FileRef uid="35" />
              <SequencePoints>
                <SequencePoint vc="4" uspid="4177" ordinal="0" offset="0" sl="25" sc="13" el="25" ec="13" bec="0" bev="0" fileid="35" />
                <SequencePoint vc="4" uspid="4178" ordinal="0" offset="1" sl="25" sc="15" el="25" ec="15" bec="0" bev="0" fileid="35" />
                <SequencePoint vc="4" uspid="4179" ordinal="0" offset="10" sl="25" sc="30" el="25" ec="30" bec="0" bev="0" fileid="35" />
              </SequencePoints>
              <BranchPoints />
            </Method>
            <Method visited="true" cyclomaticComplexity="0" nPathComplexity="0" sequenceCoverage="100.0" branchCoverage="0" crapScore="0" isConstructor="false" isStatic="false" isGetter="false" isSetter="true">
              <Summary numSequencePoints="3" visitedSequencePoints="3" numBranchPoints="0" visitedBranchPoints="0" sequenceCoverage="100.0" branchCoverage="0" maxCyclomaticComplexity="0" minCyclomaticComplexity="0" maxCrapScore="0" minCrapScore="0" visitedClasses="0" numClasses="0" visitedMethods="1" numMethods="1" />
              <MetadataToken>100663448</MetadataToken>
              <Name>System.Void PlayerMotor::set_speed(System.Single)</Name>
              <FileRef uid="35" />
              <SequencePoints>
                <SequencePoint vc="4" uspid="4180" ordinal="0" offset="0" sl="26" sc="13" el="26" ec="13" bec="0" bev="0" fileid="35" />
                <SequencePoint vc="4" uspid="4181" ordinal="0" offset="1" sl="26" sc="15" el="26" ec="15" bec="0" bev="0" fileid="35" />
                <SequencePoint vc="4" uspid="4182" ordinal="0" offset="8" sl="26" sc="31" el="26" ec="31" bec="0" bev="0" fileid="35" />
              </SequencePoints>
              <BranchPoints />
            </Method>
            <Method visited="true" cyclomaticComplexity="0" nPathComplexity="0" sequenceCoverage="100.0" branchCoverage="0" crapScore="0" isConstructor="false" isStatic="false" isGetter="false" isSetter="false">
              <Summary numSequencePoints="5" visitedSequencePoints="5" numBranchPoints="0" visitedBranchPoints="0" sequenceCoverage="100.0" branchCoverage="0" maxCyclomaticComplexity="0" minCyclomaticComplexity="0" maxCrapScore="0" minCrapScore="0" visitedClasses="0" numClasses="0" visitedMethods="1" numMethods="1" />
              <MetadataToken>100663451</MetadataToken>
              <Name>System.Void PlayerMotor::Crouch()</Name>
              <FileRef uid="35" />
              <SequencePoints>
                <SequencePoint vc="2" uspid="4195" ordinal="0" offset="0" sl="43" sc="5" el="43" ec="5" bec="0" bev="0" fileid="35" />
                <SequencePoint vc="2" uspid="4196" ordinal="0" offset="1" sl="44" sc="9" el="44" ec="9" bec="0" bev="0" fileid="35" />
                <SequencePoint vc="2" uspid="4197" ordinal="0" offset="16" sl="45" sc="9" el="45" ec="9" bec="0" bev="0" fileid="35" />
                <SequencePoint vc="2" uspid="4198" ordinal="0" offset="27" sl="46" sc="9" el="46" ec="9" bec="0" bev="0" fileid="35" />
                <SequencePoint vc="2" uspid="4199" ordinal="0" offset="34" sl="48" sc="5" el="48" ec="5" bec="0" bev="0" fileid="35" />
              </SequencePoints>
              <BranchPoints />
            </Method>
            <Method visited="true" cyclomaticComplexity="0" nPathComplexity="0" sequenceCoverage="100.0" branchCoverage="0" crapScore="0" isConstructor="false" isStatic="false" isGetter="false" isSetter="false">
              <Summary numSequencePoints="10" visitedSequencePoints="10" numBranchPoints="0" visitedBranchPoints="0" sequenceCoverage="100.0" branchCoverage="0" maxCyclomaticComplexity="0" minCyclomaticComplexity="0" maxCrapScore="0" minCrapScore="0" visitedClasses="0" numClasses="0" visitedMethods="1" numMethods="1" />
              <MetadataToken>100663452</MetadataToken>
              <Name>System.Void PlayerMotor::Sprint()</Name>
              <FileRef uid="35" />
              <SequencePoints>
                <SequencePoint vc="2" uspid="4200" ordinal="0" offset="0" sl="50" sc="5" el="50" ec="5" bec="0" bev="0" fileid="35" />
                <SequencePoint vc="2" uspid="4201" ordinal="0" offset="1" sl="51" sc="9" el="51" ec="9" bec="0" bev="0" fileid="35" />
                <SequencePoint vc="2" uspid="4202" ordinal="0" offset="17" sl="52" sc="9" el="52" ec="9" bec="0" bev="0" fileid="35" />
                <SequencePoint vc="1" uspid="4203" ordinal="0" offset="27" sl="53" sc="9" el="53" ec="9" bec="0" bev="0" fileid="35" />
                <SequencePoint vc="1" uspid="4204" ordinal="0" offset="28" sl="54" sc="13" el="54" ec="13" bec="0" bev="0" fileid="35" />
                <SequencePoint vc="1" uspid="4205" ordinal="0" offset="40" sl="55" sc="9" el="55" ec="9" bec="0" bev="0" fileid="35" />
                <SequencePoint vc="1" uspid="4206" ordinal="0" offset="43" sl="57" sc="9" el="57" ec="9" bec="0" bev="0" fileid="35" />
                <SequencePoint vc="1" uspid="4207" ordinal="0" offset="44" sl="58" sc="13" el="58" ec="13" bec="0" bev="0" fileid="35" />
                <SequencePoint vc="1" uspid="4208" ordinal="0" offset="56" sl="59" sc="9" el="59" ec="9" bec="0" bev="0" fileid="35" />
                <SequencePoint vc="2" uspid="4209" ordinal="0" offset="57" sl="60" sc="5" el="60" ec="5" bec="0" bev="0" fileid="35" />
              </SequencePoints>
              <BranchPoints />
            </Method>
            <Method visited="true" cyclomaticComplexity="0" nPathComplexity="0" sequenceCoverage="100.0" branchCoverage="0" crapScore="0" isConstructor="true" isStatic="false" isGetter="false" isSetter="false">
              <Summary numSequencePoints="4" visitedSequencePoints="4" numBranchPoints="0" visitedBranchPoints="0" sequenceCoverage="100.0" branchCoverage="0" maxCyclomaticComplexity="0" minCyclomaticComplexity="0" maxCrapScore="0" minCrapScore="0" visitedClasses="0" numClasses="0" visitedMethods="1" numMethods="1" />
              <MetadataToken>100663455</MetadataToken>
              <Name>PlayerMotor::PlayerMotor()</Name>
              <FileRef uid="35" />
              <SequencePoints>
                <SequencePoint vc="6" uspid="4226" ordinal="0" offset="0" sl="14" sc="5" el="14" ec="5" bec="0" bev="0" fileid="35" />
                <SequencePoint vc="6" uspid="4227" ordinal="0" offset="11" sl="15" sc="5" el="15" ec="5" bec="0" bev="0" fileid="35" />
                <SequencePoint vc="6" uspid="4228" ordinal="0" offset="22" sl="16" sc="5" el="16" ec="5" bec="0" bev="0" fileid="35" />
                <SequencePoint vc="6" uspid="4229" ordinal="0" offset="33" sl="17" sc="5" el="17" ec="5" bec="0" bev="0" fileid="35" />
              </SequencePoints>
              <BranchPoints />
            </Method>
          </Methods>
        </Class>
        <Class>
          <Summary numSequencePoints="22" visitedSequencePoints="18" numBranchPoints="0" visitedBranchPoints="0" sequenceCoverage="81.82" branchCoverage="0.0" maxCyclomaticComplexity="0" minCyclomaticComplexity="0" maxCrapScore="0" minCrapScore="0" visitedClasses="1" numClasses="1" visitedMethods="3" numMethods="3" />
          <FullName>PowerManager</FullName>
          <Methods>
            <Method visited="true" cyclomaticComplexity="0" nPathComplexity="0" sequenceCoverage="60.00" branchCoverage="0" crapScore="0" isConstructor="false" isStatic="false" isGetter="false" isSetter="false">
              <Summary numSequencePoints="10" visitedSequencePoints="6" numBranchPoints="0" visitedBranchPoints="0" sequenceCoverage="60.00" branchCoverage="0" maxCyclomaticComplexity="0" minCyclomaticComplexity="0" maxCrapScore="0" minCrapScore="0" visitedClasses="0" numClasses="0" visitedMethods="1" numMethods="1" />
              <MetadataToken>100663463</MetadataToken>
              <Name>System.Void PowerManager::ProcessPowerDrain(System.Single)</Name>
              <FileRef uid="38" />
              <SequencePoints>
                <SequencePoint vc="2" uspid="4283" ordinal="0" offset="0" sl="26" sc="54" el="26" ec="54" bec="0" bev="0" fileid="38" />
                <SequencePoint vc="2" uspid="4284" ordinal="0" offset="1" sl="27" sc="9" el="27" ec="9" bec="0" bev="0" fileid="38" />
                <SequencePoint vc="1" uspid="4285" ordinal="0" offset="21" sl="28" sc="13" el="28" ec="13" bec="0" bev="0" fileid="38" />
                <SequencePoint vc="2" uspid="4286" ordinal="0" offset="32" sl="30" sc="9" el="30" ec="9" bec="0" bev="0" fileid="38" />
                <SequencePoint vc="0" uspid="4287" ordinal="0" offset="72" sl="30" sc="71" el="30" ec="71" bec="0" bev="0" fileid="38" />
                <SequencePoint vc="0" uspid="4288" ordinal="0" offset="73" sl="31" sc="13" el="31" ec="13" bec="0" bev="0" fileid="38" />
                <SequencePoint vc="0" uspid="4289" ordinal="0" offset="80" sl="32" sc="13" el="32" ec="13" bec="0" bev="0" fileid="38" />
                <SequencePoint vc="0" uspid="4290" ordinal="0" offset="87" sl="33" sc="9" el="33" ec="9" bec="0" bev="0" fileid="38" />
                <SequencePoint vc="2" uspid="4291" ordinal="0" offset="88" sl="35" sc="9" el="35" ec="9" bec="0" bev="0" fileid="38" />
                <SequencePoint vc="2" uspid="4292" ordinal="0" offset="116" sl="36" sc="5" el="36" ec="5" bec="0" bev="0" fileid="38" />
              </SequencePoints>
              <BranchPoints />
            </Method>
            <Method visited="true" cyclomaticComplexity="0" nPathComplexity="0" sequenceCoverage="100.0" branchCoverage="0" crapScore="0" isConstructor="false" isStatic="false" isGetter="false" isSetter="false">
              <Summary numSequencePoints="7" visitedSequencePoints="7" numBranchPoints="0" visitedBranchPoints="0" sequenceCoverage="100.0" branchCoverage="0" maxCyclomaticComplexity="0" minCyclomaticComplexity="0" maxCrapScore="0" minCrapScore="0" visitedClasses="0" numClasses="0" visitedMethods="1" numMethods="1" />
              <MetadataToken>100663467</MetadataToken>
              <Name>System.Single PowerManager::CalculateDrainAmount(System.Single)</Name>
              <FileRef uid="38" />
              <SequencePoints>
                <SequencePoint vc="3" uspid="4321" ordinal="0" offset="0" sl="70" sc="59" el="70" ec="59" bec="0" bev="0" fileid="38" />
                <SequencePoint vc="3" uspid="4322" ordinal="0" offset="1" sl="71" sc="9" el="71" ec="9" bec="0" bev="0" fileid="38" />
                <SequencePoint vc="1" uspid="4323" ordinal="0" offset="13" sl="72" sc="13" el="72" ec="13" bec="0" bev="0" fileid="38" />
                <SequencePoint vc="2" uspid="4324" ordinal="0" offset="22" sl="73" sc="14" el="73" ec="14" bec="0" bev="0" fileid="38" />
                <SequencePoint vc="1" uspid="4325" ordinal="0" offset="34" sl="74" sc="13" el="74" ec="13" bec="0" bev="0" fileid="38" />
                <SequencePoint vc="1" uspid="4326" ordinal="0" offset="49" sl="76" sc="13" el="76" ec="13" bec="0" bev="0" fileid="38" />
                <SequencePoint vc="3" uspid="4327" ordinal="0" offset="57" sl="77" sc="5" el="77" ec="5" bec="0" bev="0" fileid="38" />
              </SequencePoints>
              <BranchPoints />
            </Method>
            <Method visited="true" cyclomaticComplexity="0" nPathComplexity="0" sequenceCoverage="100.0" branchCoverage="0" crapScore="0" isConstructor="true" isStatic="false" isGetter="false" isSetter="false">
              <Summary numSequencePoints="5" visitedSequencePoints="5" numBranchPoints="0" visitedBranchPoints="0" sequenceCoverage="100.0" branchCoverage="0" maxCyclomaticComplexity="0" minCyclomaticComplexity="0" maxCrapScore="0" minCrapScore="0" visitedClasses="0" numClasses="0" visitedMethods="1" numMethods="1" />
              <MetadataToken>100663471</MetadataToken>
              <Name>PowerManager::PowerManager()</Name>
              <FileRef uid="38" />
              <SequencePoints>
                <SequencePoint vc="6" uspid="4337" ordinal="0" offset="0" sl="5" sc="5" el="5" ec="5" bec="0" bev="0" fileid="38" />
                <SequencePoint vc="6" uspid="4338" ordinal="0" offset="11" sl="6" sc="5" el="6" ec="5" bec="0" bev="0" fileid="38" />
                <SequencePoint vc="6" uspid="4339" ordinal="0" offset="22" sl="7" sc="5" el="7" ec="5" bec="0" bev="0" fileid="38" />
                <SequencePoint vc="6" uspid="4340" ordinal="0" offset="33" sl="8" sc="5" el="8" ec="5" bec="0" bev="0" fileid="38" />
                <SequencePoint vc="6" uspid="4341" ordinal="0" offset="44" sl="9" sc="5" el="9" ec="5" bec="0" bev="0" fileid="38" />
              </SequencePoints>
              <BranchPoints />
            </Method>
          </Methods>
        </Class>
        <Class>
          <Summary numSequencePoints="10" visitedSequencePoints="10" numBranchPoints="0" visitedBranchPoints="0" sequenceCoverage="100.0" branchCoverage="0.0" maxCyclomaticComplexity="0" minCyclomaticComplexity="0" maxCrapScore="0" minCrapScore="0" visitedClasses="1" numClasses="1" visitedMethods="1" numMethods="1" />
          <FullName>PrefabSpawner</FullName>
          <Methods>
            <Method visited="true" cyclomaticComplexity="0" nPathComplexity="0" sequenceCoverage="100.0" branchCoverage="0" crapScore="0" isConstructor="false" isStatic="false" isGetter="false" isSetter="false">
              <Summary numSequencePoints="10" visitedSequencePoints="10" numBranchPoints="0" visitedBranchPoints="0" sequenceCoverage="100.0" branchCoverage="0" maxCyclomaticComplexity="0" minCyclomaticComplexity="0" maxCrapScore="0" minCrapScore="0" visitedClasses="0" numClasses="0" visitedMethods="1" numMethods="1" />
              <MetadataToken>100663473</MetadataToken>
              <Name>System.Void PrefabSpawner::RespawnPrefab()</Name>
              <FileRef uid="39" />
              <SequencePoints>
                <SequencePoint vc="8" uspid="4345" ordinal="0" offset="0" sl="15" sc="5" el="15" ec="5" bec="0" bev="0" fileid="39" />
                <SequencePoint vc="8" uspid="4346" ordinal="0" offset="1" sl="16" sc="9" el="16" ec="9" bec="0" bev="0" fileid="39" />
                <SequencePoint vc="7" uspid="4347" ordinal="0" offset="34" sl="17" sc="9" el="17" ec="9" bec="0" bev="0" fileid="39" />
                <SequencePoint vc="7" uspid="4348" ordinal="0" offset="35" sl="19" sc="13" el="19" ec="13" bec="0" bev="0" fileid="39" />
                <SequencePoint vc="7" uspid="4349" ordinal="0" offset="75" sl="20" sc="13" el="20" ec="13" bec="0" bev="0" fileid="39" />
                <SequencePoint vc="7" uspid="4350" ordinal="0" offset="102" sl="21" sc="9" el="21" ec="9" bec="0" bev="0" fileid="39" />
                <SequencePoint vc="1" uspid="4351" ordinal="0" offset="105" sl="23" sc="9" el="23" ec="9" bec="0" bev="0" fileid="39" />
                <SequencePoint vc="1" uspid="4352" ordinal="0" offset="106" sl="24" sc="13" el="24" ec="13" bec="0" bev="0" fileid="39" />
                <SequencePoint vc="1" uspid="4353" ordinal="0" offset="117" sl="25" sc="9" el="25" ec="9" bec="0" bev="0" fileid="39" />
                <SequencePoint vc="8" uspid="4354" ordinal="0" offset="118" sl="26" sc="5" el="26" ec="5" bec="0" bev="0" fileid="39" />
              </SequencePoints>
              <BranchPoints />
            </Method>
          </Methods>
        </Class>
      </Classes>
    </Module>
  </Modules>
</CoverageSession>